INFO - 2023-07-04 02:59:39 --> Session: Class initialized using 'CodeIgniter\Session\Handlers\FileHandler' driver.
CRITICAL - 2023-07-04 02:59:44 --> Trying to access array offset on value of type null
in APPPATH\Views\lokasi\v_detail_back.php on line 14.
 1 APPPATH\Views\lokasi\v_detail_back.php(14): CodeIgniter\Debug\Exceptions->errorHandler(8, 'Trying to access array offset on value of type null', 'APPPATH\\Views\\lokasi\\v_detail_back.php', 14, [...])
 2 SYSTEMPATH\View\View.php(213): include('APPPATH\\Views\\lokasi\\v_detail_back.php')
 3 SYSTEMPATH\View\View.php(216): CodeIgniter\View\View->CodeIgniter\View\{closure}()
 4 SYSTEMPATH\Common.php(1184): CodeIgniter\View\View->render('Lokasi/v_detail_back', [], true)
 5 APPPATH\Views\v_template_front_end.php(129): view('Lokasi/v_detail_back')
 6 SYSTEMPATH\View\View.php(213): include('APPPATH\\Views\\v_template_front_end.php')
 7 SYSTEMPATH\View\View.php(216): CodeIgniter\View\View->CodeIgniter\View\{closure}()
 8 SYSTEMPATH\Common.php(1184): CodeIgniter\View\View->render('v_template_front_end', [], true)
 9 APPPATH\Controllers\Lokasi.php(317): view('v_template_front_end', [...])
10 SYSTEMPATH\CodeIgniter.php(934): App\Controllers\Lokasi->Detail('js', 'sb-admin-2.min.js')
11 SYSTEMPATH\CodeIgniter.php(499): CodeIgniter\CodeIgniter->runController(Object(App\Controllers\Lokasi))
12 SYSTEMPATH\CodeIgniter.php(368): CodeIgniter\CodeIgniter->handleRequest(null, Object(Config\Cache), false)
13 FCPATH\index.php(67): CodeIgniter\CodeIgniter->run()
INFO - 2023-07-04 05:00:46 --> Session: Class initialized using 'CodeIgniter\Session\Handlers\FileHandler' driver.
INFO - 2023-07-04 05:00:55 --> Session: Class initialized using 'CodeIgniter\Session\Handlers\FileHandler' driver.
INFO - 2023-07-04 05:00:57 --> Session: Class initialized using 'CodeIgniter\Session\Handlers\FileHandler' driver.
INFO - 2023-07-04 07:19:41 --> Session: Class initialized using 'CodeIgniter\Session\Handlers\FileHandler' driver.
CRITICAL - 2023-07-04 07:32:11 --> Trying to access array offset on value of type null
in APPPATH\Views\lokasi\v_detail_back.php on line 14.
 1 APPPATH\Views\lokasi\v_detail_back.php(14): CodeIgniter\Debug\Exceptions->errorHandler(8, 'Trying to access array offset on value of type null', 'APPPATH\\Views\\lokasi\\v_detail_back.php', 14, [...])
 2 SYSTEMPATH\View\View.php(213): include('APPPATH\\Views\\lokasi\\v_detail_back.php')
 3 SYSTEMPATH\View\View.php(216): CodeIgniter\View\View->CodeIgniter\View\{closure}()
 4 SYSTEMPATH\Common.php(1184): CodeIgniter\View\View->render('Lokasi/v_detail_back', [], true)
 5 APPPATH\Views\v_template_front_end.php(129): view('Lokasi/v_detail_back')
 6 SYSTEMPATH\View\View.php(213): include('APPPATH\\Views\\v_template_front_end.php')
 7 SYSTEMPATH\View\View.php(216): CodeIgniter\View\View->CodeIgniter\View\{closure}()
 8 SYSTEMPATH\Common.php(1184): CodeIgniter\View\View->render('v_template_front_end', [], true)
 9 APPPATH\Controllers\Lokasi.php(317): view('v_template_front_end', [...])
10 SYSTEMPATH\CodeIgniter.php(934): App\Controllers\Lokasi->Detail('js', 'sb-admin-2.min.js')
11 SYSTEMPATH\CodeIgniter.php(499): CodeIgniter\CodeIgniter->runController(Object(App\Controllers\Lokasi))
12 SYSTEMPATH\CodeIgniter.php(368): CodeIgniter\CodeIgniter->handleRequest(null, Object(Config\Cache), false)
13 FCPATH\index.php(67): CodeIgniter\CodeIgniter->run()
CRITICAL - 2023-07-04 07:32:32 --> Trying to access array offset on value of type null
in APPPATH\Views\lokasi\v_detail_back.php on line 14.
 1 APPPATH\Views\lokasi\v_detail_back.php(14): CodeIgniter\Debug\Exceptions->errorHandler(8, 'Trying to access array offset on value of type null', 'APPPATH\\Views\\lokasi\\v_detail_back.php', 14, [...])
 2 SYSTEMPATH\View\View.php(213): include('APPPATH\\Views\\lokasi\\v_detail_back.php')
 3 SYSTEMPATH\View\View.php(216): CodeIgniter\View\View->CodeIgniter\View\{closure}()
 4 SYSTEMPATH\Common.php(1184): CodeIgniter\View\View->render('Lokasi/v_detail_back', [], true)
 5 APPPATH\Views\v_template_front_end.php(129): view('Lokasi/v_detail_back')
 6 SYSTEMPATH\View\View.php(213): include('APPPATH\\Views\\v_template_front_end.php')
 7 SYSTEMPATH\View\View.php(216): CodeIgniter\View\View->CodeIgniter\View\{closure}()
 8 SYSTEMPATH\Common.php(1184): CodeIgniter\View\View->render('v_template_front_end', [], true)
 9 APPPATH\Controllers\Lokasi.php(317): view('v_template_front_end', [...])
10 SYSTEMPATH\CodeIgniter.php(934): App\Controllers\Lokasi->Detail('js', 'sb-admin-2.min.js')
11 SYSTEMPATH\CodeIgniter.php(499): CodeIgniter\CodeIgniter->runController(Object(App\Controllers\Lokasi))
12 SYSTEMPATH\CodeIgniter.php(368): CodeIgniter\CodeIgniter->handleRequest(null, Object(Config\Cache), false)
13 FCPATH\index.php(67): CodeIgniter\CodeIgniter->run()
INFO - 2023-07-04 07:32:42 --> Session: Class initialized using 'CodeIgniter\Session\Handlers\FileHandler' driver.
INFO - 2023-07-04 07:41:49 --> Session: Class initialized using 'CodeIgniter\Session\Handlers\FileHandler' driver.
INFO - 2023-07-04 07:42:28 --> Session: Class initialized using 'CodeIgniter\Session\Handlers\FileHandler' driver.
INFO - 2023-07-04 07:43:26 --> Session: Class initialized using 'CodeIgniter\Session\Handlers\FileHandler' driver.
INFO - 2023-07-04 07:44:47 --> Session: Class initialized using 'CodeIgniter\Session\Handlers\FileHandler' driver.
INFO - 2023-07-04 07:45:22 --> Session: Class initialized using 'CodeIgniter\Session\Handlers\FileHandler' driver.
INFO - 2023-07-04 07:45:22 --> Session: Class initialized using 'CodeIgniter\Session\Handlers\FileHandler' driver.
INFO - 2023-07-04 07:45:39 --> Session: Class initialized using 'CodeIgniter\Session\Handlers\FileHandler' driver.
INFO - 2023-07-04 07:45:39 --> Session: Class initialized using 'CodeIgniter\Session\Handlers\FileHandler' driver.
INFO - 2023-07-04 07:46:10 --> Session: Class initialized using 'CodeIgniter\Session\Handlers\FileHandler' driver.
INFO - 2023-07-04 07:46:35 --> Session: Class initialized using 'CodeIgniter\Session\Handlers\FileHandler' driver.
INFO - 2023-07-04 07:47:22 --> Session: Class initialized using 'CodeIgniter\Session\Handlers\FileHandler' driver.
INFO - 2023-07-04 07:47:22 --> Session: Class initialized using 'CodeIgniter\Session\Handlers\FileHandler' driver.
INFO - 2023-07-04 12:26:26 --> Session: Class initialized using 'CodeIgniter\Session\Handlers\FileHandler' driver.
INFO - 2023-07-04 12:26:36 --> Session: Class initialized using 'CodeIgniter\Session\Handlers\FileHandler' driver.
INFO - 2023-07-04 12:26:38 --> Session: Class initialized using 'CodeIgniter\Session\Handlers\FileHandler' driver.
INFO - 2023-07-04 12:27:02 --> Session: Class initialized using 'CodeIgniter\Session\Handlers\FileHandler' driver.
INFO - 2023-07-04 12:27:05 --> Session: Class initialized using 'CodeIgniter\Session\Handlers\FileHandler' driver.
INFO - 2023-07-04 12:27:52 --> Session: Class initialized using 'CodeIgniter\Session\Handlers\FileHandler' driver.
INFO - 2023-07-04 12:30:00 --> Session: Class initialized using 'CodeIgniter\Session\Handlers\FileHandler' driver.
INFO - 2023-07-04 12:30:00 --> Session: Class initialized using 'CodeIgniter\Session\Handlers\FileHandler' driver.
INFO - 2023-07-04 12:32:12 --> Session: Class initialized using 'CodeIgniter\Session\Handlers\FileHandler' driver.
INFO - 2023-07-04 12:32:51 --> Session: Class initialized using 'CodeIgniter\Session\Handlers\FileHandler' driver.
INFO - 2023-07-04 12:33:17 --> Session: Class initialized using 'CodeIgniter\Session\Handlers\FileHandler' driver.
INFO - 2023-07-04 12:33:26 --> Session: Class initialized using 'CodeIgniter\Session\Handlers\FileHandler' driver.
INFO - 2023-07-04 12:33:32 --> Session: Class initialized using 'CodeIgniter\Session\Handlers\FileHandler' driver.
INFO - 2023-07-04 12:33:34 --> Session: Class initialized using 'CodeIgniter\Session\Handlers\FileHandler' driver.
INFO - 2023-07-04 12:37:50 --> Session: Class initialized using 'CodeIgniter\Session\Handlers\FileHandler' driver.
INFO - 2023-07-04 12:37:54 --> Session: Class initialized using 'CodeIgniter\Session\Handlers\FileHandler' driver.
INFO - 2023-07-04 12:38:42 --> Session: Class initialized using 'CodeIgniter\Session\Handlers\FileHandler' driver.
INFO - 2023-07-04 12:38:43 --> Session: Class initialized using 'CodeIgniter\Session\Handlers\FileHandler' driver.
INFO - 2023-07-04 12:59:27 --> Session: Class initialized using 'CodeIgniter\Session\Handlers\FileHandler' driver.
INFO - 2023-07-04 13:20:31 --> Session: Class initialized using 'CodeIgniter\Session\Handlers\FileHandler' driver.
INFO - 2023-07-04 13:20:31 --> Session: Class initialized using 'CodeIgniter\Session\Handlers\FileHandler' driver.
CRITICAL - 2023-07-04 13:27:21 --> Trying to access array offset on value of type null
in APPPATH\Views\lokasi\v_detail_back.php on line 14.
 1 APPPATH\Views\lokasi\v_detail_back.php(14): CodeIgniter\Debug\Exceptions->errorHandler(8, 'Trying to access array offset on value of type null', 'APPPATH\\Views\\lokasi\\v_detail_back.php', 14, [...])
 2 SYSTEMPATH\View\View.php(213): include('APPPATH\\Views\\lokasi\\v_detail_back.php')
 3 SYSTEMPATH\View\View.php(216): CodeIgniter\View\View->CodeIgniter\View\{closure}()
 4 SYSTEMPATH\Common.php(1184): CodeIgniter\View\View->render('Lokasi/v_detail_back', [], true)
 5 APPPATH\Views\v_template_front_end.php(129): view('Lokasi/v_detail_back')
 6 SYSTEMPATH\View\View.php(213): include('APPPATH\\Views\\v_template_front_end.php')
 7 SYSTEMPATH\View\View.php(216): CodeIgniter\View\View->CodeIgniter\View\{closure}()
 8 SYSTEMPATH\Common.php(1184): CodeIgniter\View\View->render('v_template_front_end', [], true)
 9 APPPATH\Controllers\Lokasi.php(317): view('v_template_front_end', [...])
10 SYSTEMPATH\CodeIgniter.php(934): App\Controllers\Lokasi->Detail('js', 'sb-admin-2.min.js')
11 SYSTEMPATH\CodeIgniter.php(499): CodeIgniter\CodeIgniter->runController(Object(App\Controllers\Lokasi))
12 SYSTEMPATH\CodeIgniter.php(368): CodeIgniter\CodeIgniter->handleRequest(null, Object(Config\Cache), false)
13 FCPATH\index.php(67): CodeIgniter\CodeIgniter->run()
CRITICAL - 2023-07-04 13:30:27 --> Undefined variable: lokasi
in APPPATH\Views\lokasi\v_rute_back.php on line 111.
 1 APPPATH\Views\lokasi\v_rute_back.php(111): CodeIgniter\Debug\Exceptions->errorHandler(8, 'Undefined variable: lokasi', 'APPPATH\\Views\\lokasi\\v_rute_back.php', 111, [...])
 2 SYSTEMPATH\View\View.php(213): include('APPPATH\\Views\\lokasi\\v_rute_back.php')
 3 SYSTEMPATH\View\View.php(216): CodeIgniter\View\View->CodeIgniter\View\{closure}()
 4 SYSTEMPATH\Common.php(1184): CodeIgniter\View\View->render('Lokasi/v_rute_back', [], true)
 5 APPPATH\Views\v_template_front_end.php(129): view('Lokasi/v_rute_back')
 6 SYSTEMPATH\View\View.php(213): include('APPPATH\\Views\\v_template_front_end.php')
 7 SYSTEMPATH\View\View.php(216): CodeIgniter\View\View->CodeIgniter\View\{closure}()
 8 SYSTEMPATH\Common.php(1184): CodeIgniter\View\View->render('v_template_front_end', [], true)
 9 APPPATH\Controllers\Lokasi.php(307): view('v_template_front_end', [...])
10 SYSTEMPATH\CodeIgniter.php(934): App\Controllers\Lokasi->ruteBack('6')
11 SYSTEMPATH\CodeIgniter.php(499): CodeIgniter\CodeIgniter->runController(Object(App\Controllers\Lokasi))
12 SYSTEMPATH\CodeIgniter.php(368): CodeIgniter\CodeIgniter->handleRequest(null, Object(Config\Cache), false)
13 FCPATH\index.php(67): CodeIgniter\CodeIgniter->run()
CRITICAL - 2023-07-04 13:45:11 --> Trying to access array offset on value of type null
in APPPATH\Views\lokasi\v_rute_back.php on line 111.
 1 APPPATH\Views\lokasi\v_rute_back.php(111): CodeIgniter\Debug\Exceptions->errorHandler(8, 'Trying to access array offset on value of type null', 'APPPATH\\Views\\lokasi\\v_rute_back.php', 111, [...])
 2 SYSTEMPATH\View\View.php(213): include('APPPATH\\Views\\lokasi\\v_rute_back.php')
 3 SYSTEMPATH\View\View.php(216): CodeIgniter\View\View->CodeIgniter\View\{closure}()
 4 SYSTEMPATH\Common.php(1184): CodeIgniter\View\View->render('Lokasi/v_rute_back', [], true)
 5 APPPATH\Views\v_template_front_end.php(129): view('Lokasi/v_rute_back')
 6 SYSTEMPATH\View\View.php(213): include('APPPATH\\Views\\v_template_front_end.php')
 7 SYSTEMPATH\View\View.php(216): CodeIgniter\View\View->CodeIgniter\View\{closure}()
 8 SYSTEMPATH\Common.php(1184): CodeIgniter\View\View->render('v_template_front_end', [], true)
 9 APPPATH\Controllers\Lokasi.php(309): view('v_template_front_end', [...])
10 SYSTEMPATH\CodeIgniter.php(934): App\Controllers\Lokasi->ruteBack('js', 'sb-admin-2.min.js')
11 SYSTEMPATH\CodeIgniter.php(499): CodeIgniter\CodeIgniter->runController(Object(App\Controllers\Lokasi))
12 SYSTEMPATH\CodeIgniter.php(368): CodeIgniter\CodeIgniter->handleRequest(null, Object(Config\Cache), false)
13 FCPATH\index.php(67): CodeIgniter\CodeIgniter->run()
CRITICAL - 2023-07-04 13:45:55 --> Trying to access array offset on value of type null
in APPPATH\Views\lokasi\v_rute_back.php on line 111.
 1 APPPATH\Views\lokasi\v_rute_back.php(111): CodeIgniter\Debug\Exceptions->errorHandler(8, 'Trying to access array offset on value of type null', 'APPPATH\\Views\\lokasi\\v_rute_back.php', 111, [...])
 2 SYSTEMPATH\View\View.php(213): include('APPPATH\\Views\\lokasi\\v_rute_back.php')
 3 SYSTEMPATH\View\View.php(216): CodeIgniter\View\View->CodeIgniter\View\{closure}()
 4 SYSTEMPATH\Common.php(1184): CodeIgniter\View\View->render('Lokasi/v_rute_back', [], true)
 5 APPPATH\Views\v_template_front_end.php(129): view('Lokasi/v_rute_back')
 6 SYSTEMPATH\View\View.php(213): include('APPPATH\\Views\\v_template_front_end.php')
 7 SYSTEMPATH\View\View.php(216): CodeIgniter\View\View->CodeIgniter\View\{closure}()
 8 SYSTEMPATH\Common.php(1184): CodeIgniter\View\View->render('v_template_front_end', [], true)
 9 APPPATH\Controllers\Lokasi.php(309): view('v_template_front_end', [...])
10 SYSTEMPATH\CodeIgniter.php(934): App\Controllers\Lokasi->ruteBack('js', 'sb-admin-2.min.js')
11 SYSTEMPATH\CodeIgniter.php(499): CodeIgniter\CodeIgniter->runController(Object(App\Controllers\Lokasi))
12 SYSTEMPATH\CodeIgniter.php(368): CodeIgniter\CodeIgniter->handleRequest(null, Object(Config\Cache), false)
13 FCPATH\index.php(67): CodeIgniter\CodeIgniter->run()
CRITICAL - 2023-07-04 13:46:05 --> Trying to access array offset on value of type null
in APPPATH\Views\lokasi\v_rute_back.php on line 111.
 1 APPPATH\Views\lokasi\v_rute_back.php(111): CodeIgniter\Debug\Exceptions->errorHandler(8, 'Trying to access array offset on value of type null', 'APPPATH\\Views\\lokasi\\v_rute_back.php', 111, [...])
 2 SYSTEMPATH\View\View.php(213): include('APPPATH\\Views\\lokasi\\v_rute_back.php')
 3 SYSTEMPATH\View\View.php(216): CodeIgniter\View\View->CodeIgniter\View\{closure}()
 4 SYSTEMPATH\Common.php(1184): CodeIgniter\View\View->render('Lokasi/v_rute_back', [], true)
 5 APPPATH\Views\v_template_front_end.php(129): view('Lokasi/v_rute_back')
 6 SYSTEMPATH\View\View.php(213): include('APPPATH\\Views\\v_template_front_end.php')
 7 SYSTEMPATH\View\View.php(216): CodeIgniter\View\View->CodeIgniter\View\{closure}()
 8 SYSTEMPATH\Common.php(1184): CodeIgniter\View\View->render('v_template_front_end', [], true)
 9 APPPATH\Controllers\Lokasi.php(309): view('v_template_front_end', [...])
10 SYSTEMPATH\CodeIgniter.php(934): App\Controllers\Lokasi->ruteBack('js', 'sb-admin-2.min.js')
11 SYSTEMPATH\CodeIgniter.php(499): CodeIgniter\CodeIgniter->runController(Object(App\Controllers\Lokasi))
12 SYSTEMPATH\CodeIgniter.php(368): CodeIgniter\CodeIgniter->handleRequest(null, Object(Config\Cache), false)
13 FCPATH\index.php(67): CodeIgniter\CodeIgniter->run()
CRITICAL - 2023-07-04 13:49:04 --> Trying to access array offset on value of type null
in APPPATH\Views\lokasi\v_rute_back.php on line 111.
 1 APPPATH\Views\lokasi\v_rute_back.php(111): CodeIgniter\Debug\Exceptions->errorHandler(8, 'Trying to access array offset on value of type null', 'APPPATH\\Views\\lokasi\\v_rute_back.php', 111, [...])
 2 SYSTEMPATH\View\View.php(213): include('APPPATH\\Views\\lokasi\\v_rute_back.php')
 3 SYSTEMPATH\View\View.php(216): CodeIgniter\View\View->CodeIgniter\View\{closure}()
 4 SYSTEMPATH\Common.php(1184): CodeIgniter\View\View->render('Lokasi/v_rute_back', [], true)
 5 APPPATH\Views\v_template_front_end.php(129): view('Lokasi/v_rute_back')
 6 SYSTEMPATH\View\View.php(213): include('APPPATH\\Views\\v_template_front_end.php')
 7 SYSTEMPATH\View\View.php(216): CodeIgniter\View\View->CodeIgniter\View\{closure}()
 8 SYSTEMPATH\Common.php(1184): CodeIgniter\View\View->render('v_template_front_end', [], true)
 9 APPPATH\Controllers\Lokasi.php(309): view('v_template_front_end', [...])
10 SYSTEMPATH\CodeIgniter.php(934): App\Controllers\Lokasi->ruteBack('js', 'sb-admin-2.min.js')
11 SYSTEMPATH\CodeIgniter.php(499): CodeIgniter\CodeIgniter->runController(Object(App\Controllers\Lokasi))
12 SYSTEMPATH\CodeIgniter.php(368): CodeIgniter\CodeIgniter->handleRequest(null, Object(Config\Cache), false)
13 FCPATH\index.php(67): CodeIgniter\CodeIgniter->run()
INFO - 2023-07-04 13:49:11 --> Session: Class initialized using 'CodeIgniter\Session\Handlers\FileHandler' driver.
CRITICAL - 2023-07-04 13:49:14 --> Trying to access array offset on value of type null
in APPPATH\Views\lokasi\v_detail_back.php on line 14.
 1 APPPATH\Views\lokasi\v_detail_back.php(14): CodeIgniter\Debug\Exceptions->errorHandler(8, 'Trying to access array offset on value of type null', 'APPPATH\\Views\\lokasi\\v_detail_back.php', 14, [...])
 2 SYSTEMPATH\View\View.php(213): include('APPPATH\\Views\\lokasi\\v_detail_back.php')
 3 SYSTEMPATH\View\View.php(216): CodeIgniter\View\View->CodeIgniter\View\{closure}()
 4 SYSTEMPATH\Common.php(1184): CodeIgniter\View\View->render('Lokasi/v_detail_back', [], true)
 5 APPPATH\Views\v_template_front_end.php(129): view('Lokasi/v_detail_back')
 6 SYSTEMPATH\View\View.php(213): include('APPPATH\\Views\\v_template_front_end.php')
 7 SYSTEMPATH\View\View.php(216): CodeIgniter\View\View->CodeIgniter\View\{closure}()
 8 SYSTEMPATH\Common.php(1184): CodeIgniter\View\View->render('v_template_front_end', [], true)
 9 APPPATH\Controllers\Lokasi.php(319): view('v_template_front_end', [...])
10 SYSTEMPATH\CodeIgniter.php(934): App\Controllers\Lokasi->Detail('js', 'sb-admin-2.min.js')
11 SYSTEMPATH\CodeIgniter.php(499): CodeIgniter\CodeIgniter->runController(Object(App\Controllers\Lokasi))
12 SYSTEMPATH\CodeIgniter.php(368): CodeIgniter\CodeIgniter->handleRequest(null, Object(Config\Cache), false)
13 FCPATH\index.php(67): CodeIgniter\CodeIgniter->run()
INFO - 2023-07-04 13:49:19 --> Session: Class initialized using 'CodeIgniter\Session\Handlers\FileHandler' driver.
INFO - 2023-07-04 13:49:35 --> Session: Class initialized using 'CodeIgniter\Session\Handlers\FileHandler' driver.
CRITICAL - 2023-07-04 13:49:59 --> Trying to access array offset on value of type null
in APPPATH\Views\lokasi\v_rute_back.php on line 111.
 1 APPPATH\Views\lokasi\v_rute_back.php(111): CodeIgniter\Debug\Exceptions->errorHandler(8, 'Trying to access array offset on value of type null', 'APPPATH\\Views\\lokasi\\v_rute_back.php', 111, [...])
 2 SYSTEMPATH\View\View.php(213): include('APPPATH\\Views\\lokasi\\v_rute_back.php')
 3 SYSTEMPATH\View\View.php(216): CodeIgniter\View\View->CodeIgniter\View\{closure}()
 4 SYSTEMPATH\Common.php(1184): CodeIgniter\View\View->render('Lokasi/v_rute_back', [], true)
 5 APPPATH\Views\v_template_front_end.php(129): view('Lokasi/v_rute_back')
 6 SYSTEMPATH\View\View.php(213): include('APPPATH\\Views\\v_template_front_end.php')
 7 SYSTEMPATH\View\View.php(216): CodeIgniter\View\View->CodeIgniter\View\{closure}()
 8 SYSTEMPATH\Common.php(1184): CodeIgniter\View\View->render('v_template_front_end', [], true)
 9 APPPATH\Controllers\Lokasi.php(309): view('v_template_front_end', [...])
10 SYSTEMPATH\CodeIgniter.php(934): App\Controllers\Lokasi->ruteBack('js', 'sb-admin-2.min.js')
11 SYSTEMPATH\CodeIgniter.php(499): CodeIgniter\CodeIgniter->runController(Object(App\Controllers\Lokasi))
12 SYSTEMPATH\CodeIgniter.php(368): CodeIgniter\CodeIgniter->handleRequest(null, Object(Config\Cache), false)
13 FCPATH\index.php(67): CodeIgniter\CodeIgniter->run()
CRITICAL - 2023-07-04 13:50:27 --> Trying to access array offset on value of type null
in APPPATH\Views\lokasi\v_rute_back.php on line 111.
 1 APPPATH\Views\lokasi\v_rute_back.php(111): CodeIgniter\Debug\Exceptions->errorHandler(8, 'Trying to access array offset on value of type null', 'APPPATH\\Views\\lokasi\\v_rute_back.php', 111, [...])
 2 SYSTEMPATH\View\View.php(213): include('APPPATH\\Views\\lokasi\\v_rute_back.php')
 3 SYSTEMPATH\View\View.php(216): CodeIgniter\View\View->CodeIgniter\View\{closure}()
 4 SYSTEMPATH\Common.php(1184): CodeIgniter\View\View->render('Lokasi/v_rute_back', [], true)
 5 APPPATH\Views\v_template_front_end.php(129): view('Lokasi/v_rute_back')
 6 SYSTEMPATH\View\View.php(213): include('APPPATH\\Views\\v_template_front_end.php')
 7 SYSTEMPATH\View\View.php(216): CodeIgniter\View\View->CodeIgniter\View\{closure}()
 8 SYSTEMPATH\Common.php(1184): CodeIgniter\View\View->render('v_template_front_end', [], true)
 9 APPPATH\Controllers\Lokasi.php(309): view('v_template_front_end', [...])
10 SYSTEMPATH\CodeIgniter.php(934): App\Controllers\Lokasi->ruteBack('js', 'sb-admin-2.min.js')
11 SYSTEMPATH\CodeIgniter.php(499): CodeIgniter\CodeIgniter->runController(Object(App\Controllers\Lokasi))
12 SYSTEMPATH\CodeIgniter.php(368): CodeIgniter\CodeIgniter->handleRequest(null, Object(Config\Cache), false)
13 FCPATH\index.php(67): CodeIgniter\CodeIgniter->run()
CRITICAL - 2023-07-04 13:50:48 --> Trying to access array offset on value of type null
in APPPATH\Views\lokasi\v_rute_back.php on line 111.
 1 APPPATH\Views\lokasi\v_rute_back.php(111): CodeIgniter\Debug\Exceptions->errorHandler(8, 'Trying to access array offset on value of type null', 'APPPATH\\Views\\lokasi\\v_rute_back.php', 111, [...])
 2 SYSTEMPATH\View\View.php(213): include('APPPATH\\Views\\lokasi\\v_rute_back.php')
 3 SYSTEMPATH\View\View.php(216): CodeIgniter\View\View->CodeIgniter\View\{closure}()
 4 SYSTEMPATH\Common.php(1184): CodeIgniter\View\View->render('Lokasi/v_rute_back', [], true)
 5 APPPATH\Views\v_template_front_end.php(129): view('Lokasi/v_rute_back')
 6 SYSTEMPATH\View\View.php(213): include('APPPATH\\Views\\v_template_front_end.php')
 7 SYSTEMPATH\View\View.php(216): CodeIgniter\View\View->CodeIgniter\View\{closure}()
 8 SYSTEMPATH\Common.php(1184): CodeIgniter\View\View->render('v_template_front_end', [], true)
 9 APPPATH\Controllers\Lokasi.php(309): view('v_template_front_end', [...])
10 SYSTEMPATH\CodeIgniter.php(934): App\Controllers\Lokasi->ruteBack('js', 'sb-admin-2.min.js')
11 SYSTEMPATH\CodeIgniter.php(499): CodeIgniter\CodeIgniter->runController(Object(App\Controllers\Lokasi))
12 SYSTEMPATH\CodeIgniter.php(368): CodeIgniter\CodeIgniter->handleRequest(null, Object(Config\Cache), false)
13 FCPATH\index.php(67): CodeIgniter\CodeIgniter->run()
INFO - 2023-07-04 13:50:59 --> Session: Class initialized using 'CodeIgniter\Session\Handlers\FileHandler' driver.
CRITICAL - 2023-07-04 13:51:55 --> Trying to access array offset on value of type null
in APPPATH\Views\lokasi\v_rute_back.php on line 111.
 1 APPPATH\Views\lokasi\v_rute_back.php(111): CodeIgniter\Debug\Exceptions->errorHandler(8, 'Trying to access array offset on value of type null', 'APPPATH\\Views\\lokasi\\v_rute_back.php', 111, [...])
 2 SYSTEMPATH\View\View.php(213): include('APPPATH\\Views\\lokasi\\v_rute_back.php')
 3 SYSTEMPATH\View\View.php(216): CodeIgniter\View\View->CodeIgniter\View\{closure}()
 4 SYSTEMPATH\Common.php(1184): CodeIgniter\View\View->render('Lokasi/v_rute_back', [], true)
 5 APPPATH\Views\v_template_front_end.php(129): view('Lokasi/v_rute_back')
 6 SYSTEMPATH\View\View.php(213): include('APPPATH\\Views\\v_template_front_end.php')
 7 SYSTEMPATH\View\View.php(216): CodeIgniter\View\View->CodeIgniter\View\{closure}()
 8 SYSTEMPATH\Common.php(1184): CodeIgniter\View\View->render('v_template_front_end', [], true)
 9 APPPATH\Controllers\Lokasi.php(309): view('v_template_front_end', [...])
10 SYSTEMPATH\CodeIgniter.php(934): App\Controllers\Lokasi->ruteBack('js', 'sb-admin-2.min.js')
11 SYSTEMPATH\CodeIgniter.php(499): CodeIgniter\CodeIgniter->runController(Object(App\Controllers\Lokasi))
12 SYSTEMPATH\CodeIgniter.php(368): CodeIgniter\CodeIgniter->handleRequest(null, Object(Config\Cache), false)
13 FCPATH\index.php(67): CodeIgniter\CodeIgniter->run()
INFO - 2023-07-04 13:52:57 --> Session: Class initialized using 'CodeIgniter\Session\Handlers\FileHandler' driver.
INFO - 2023-07-04 13:54:10 --> Session: Class initialized using 'CodeIgniter\Session\Handlers\FileHandler' driver.
INFO - 2023-07-04 13:54:49 --> Session: Class initialized using 'CodeIgniter\Session\Handlers\FileHandler' driver.
INFO - 2023-07-04 13:55:05 --> Session: Class initialized using 'CodeIgniter\Session\Handlers\FileHandler' driver.
INFO - 2023-07-04 13:55:05 --> Session: Class initialized using 'CodeIgniter\Session\Handlers\FileHandler' driver.
CRITICAL - 2023-07-04 14:14:04 --> Trying to access array offset on value of type null
in APPPATH\Views\lokasi\v_rute_back.php on line 111.
 1 APPPATH\Views\lokasi\v_rute_back.php(111): CodeIgniter\Debug\Exceptions->errorHandler(8, 'Trying to access array offset on value of type null', 'APPPATH\\Views\\lokasi\\v_rute_back.php', 111, [...])
 2 SYSTEMPATH\View\View.php(213): include('APPPATH\\Views\\lokasi\\v_rute_back.php')
 3 SYSTEMPATH\View\View.php(216): CodeIgniter\View\View->CodeIgniter\View\{closure}()
 4 SYSTEMPATH\Common.php(1184): CodeIgniter\View\View->render('Lokasi/v_rute_back', [], true)
 5 APPPATH\Views\v_template_front_end.php(129): view('Lokasi/v_rute_back')
 6 SYSTEMPATH\View\View.php(213): include('APPPATH\\Views\\v_template_front_end.php')
 7 SYSTEMPATH\View\View.php(216): CodeIgniter\View\View->CodeIgniter\View\{closure}()
 8 SYSTEMPATH\Common.php(1184): CodeIgniter\View\View->render('v_template_front_end', [], true)
 9 APPPATH\Controllers\Lokasi.php(309): view('v_template_front_end', [...])
10 SYSTEMPATH\CodeIgniter.php(934): App\Controllers\Lokasi->ruteBack('js', 'sb-admin-2.min.js')
11 SYSTEMPATH\CodeIgniter.php(499): CodeIgniter\CodeIgniter->runController(Object(App\Controllers\Lokasi))
12 SYSTEMPATH\CodeIgniter.php(368): CodeIgniter\CodeIgniter->handleRequest(null, Object(Config\Cache), false)
13 FCPATH\index.php(67): CodeIgniter\CodeIgniter->run()
CRITICAL - 2023-07-04 14:28:50 --> Trying to access array offset on value of type null
in APPPATH\Views\lokasi\v_detail_back.php on line 14.
 1 APPPATH\Views\lokasi\v_detail_back.php(14): CodeIgniter\Debug\Exceptions->errorHandler(8, 'Trying to access array offset on value of type null', 'APPPATH\\Views\\lokasi\\v_detail_back.php', 14, [...])
 2 SYSTEMPATH\View\View.php(213): include('APPPATH\\Views\\lokasi\\v_detail_back.php')
 3 SYSTEMPATH\View\View.php(216): CodeIgniter\View\View->CodeIgniter\View\{closure}()
 4 SYSTEMPATH\Common.php(1184): CodeIgniter\View\View->render('Lokasi/v_detail_back', [], true)
 5 APPPATH\Views\v_template_front_end.php(129): view('Lokasi/v_detail_back')
 6 SYSTEMPATH\View\View.php(213): include('APPPATH\\Views\\v_template_front_end.php')
 7 SYSTEMPATH\View\View.php(216): CodeIgniter\View\View->CodeIgniter\View\{closure}()
 8 SYSTEMPATH\Common.php(1184): CodeIgniter\View\View->render('v_template_front_end', [], true)
 9 APPPATH\Controllers\Lokasi.php(319): view('v_template_front_end', [...])
10 SYSTEMPATH\CodeIgniter.php(934): App\Controllers\Lokasi->Detail('js', 'sb-admin-2.min.js')
11 SYSTEMPATH\CodeIgniter.php(499): CodeIgniter\CodeIgniter->runController(Object(App\Controllers\Lokasi))
12 SYSTEMPATH\CodeIgniter.php(368): CodeIgniter\CodeIgniter->handleRequest(null, Object(Config\Cache), false)
13 FCPATH\index.php(67): CodeIgniter\CodeIgniter->run()
CRITICAL - 2023-07-04 14:29:16 --> Trying to access array offset on value of type null
in APPPATH\Views\lokasi\v_detail_back.php on line 14.
 1 APPPATH\Views\lokasi\v_detail_back.php(14): CodeIgniter\Debug\Exceptions->errorHandler(8, 'Trying to access array offset on value of type null', 'APPPATH\\Views\\lokasi\\v_detail_back.php', 14, [...])
 2 SYSTEMPATH\View\View.php(213): include('APPPATH\\Views\\lokasi\\v_detail_back.php')
 3 SYSTEMPATH\View\View.php(216): CodeIgniter\View\View->CodeIgniter\View\{closure}()
 4 SYSTEMPATH\Common.php(1184): CodeIgniter\View\View->render('Lokasi/v_detail_back', [], true)
 5 APPPATH\Views\v_template_front_end.php(129): view('Lokasi/v_detail_back')
 6 SYSTEMPATH\View\View.php(213): include('APPPATH\\Views\\v_template_front_end.php')
 7 SYSTEMPATH\View\View.php(216): CodeIgniter\View\View->CodeIgniter\View\{closure}()
 8 SYSTEMPATH\Common.php(1184): CodeIgniter\View\View->render('v_template_front_end', [], true)
 9 APPPATH\Controllers\Lokasi.php(319): view('v_template_front_end', [...])
10 SYSTEMPATH\CodeIgniter.php(934): App\Controllers\Lokasi->Detail('js', 'sb-admin-2.min.js')
11 SYSTEMPATH\CodeIgniter.php(499): CodeIgniter\CodeIgniter->runController(Object(App\Controllers\Lokasi))
12 SYSTEMPATH\CodeIgniter.php(368): CodeIgniter\CodeIgniter->handleRequest(null, Object(Config\Cache), false)
13 FCPATH\index.php(67): CodeIgniter\CodeIgniter->run()
