INFO - 2023-08-01 01:54:39 --> Session: Class initialized using 'CodeIgniter\Session\Handlers\FileHandler' driver.
INFO - 2023-08-01 01:54:53 --> Session: Class initialized using 'CodeIgniter\Session\Handlers\FileHandler' driver.
INFO - 2023-08-01 01:55:07 --> Session: Class initialized using 'CodeIgniter\Session\Handlers\FileHandler' driver.
INFO - 2023-08-01 03:09:58 --> Session: Class initialized using 'CodeIgniter\Session\Handlers\FileHandler' driver.
INFO - 2023-08-01 03:09:58 --> Session: Class initialized using 'CodeIgniter\Session\Handlers\FileHandler' driver.
WARNING - 2023-08-01 03:10:00 --> [DEPRECATED] Array and string offset access syntax with curly braces is deprecated in APPPATH\Views\lokasi\v_beranda.php on line 57.
 1 SYSTEMPATH\View\View.php(213): include()
 2 SYSTEMPATH\View\View.php(216): CodeIgniter\View\View->CodeIgniter\View\{closure}()
 3 SYSTEMPATH\Common.php(1184): CodeIgniter\View\View->render('lokasi/v_beranda', [], true)
 4 APPPATH\Views\v_template_front_end.php(127): view('lokasi/v_beranda')
 5 SYSTEMPATH\View\View.php(213): include('APPPATH\\Views\\v_template_front_end.php')
 6 SYSTEMPATH\View\View.php(216): CodeIgniter\View\View->CodeIgniter\View\{closure}()
 7 SYSTEMPATH\Common.php(1184): CodeIgniter\View\View->render('v_template_front_end', [], true)
 8 APPPATH\Controllers\Lokasi.php(263): view('v_template_front_end', [...])
 9 SYSTEMPATH\CodeIgniter.php(934): App\Controllers\Lokasi->beranda()
10 SYSTEMPATH\CodeIgniter.php(499): CodeIgniter\CodeIgniter->runController(Object(App\Controllers\Lokasi))
11 SYSTEMPATH\CodeIgniter.php(368): CodeIgniter\CodeIgniter->handleRequest(null, Object(Config\Cache), false)
12 FCPATH\index.php(67): CodeIgniter\CodeIgniter->run()
WARNING - 2023-08-01 03:10:00 --> [DEPRECATED] Array and string offset access syntax with curly braces is deprecated in APPPATH\Views\lokasi\v_beranda.php on line 59.
 1 SYSTEMPATH\View\View.php(213): include()
 2 SYSTEMPATH\View\View.php(216): CodeIgniter\View\View->CodeIgniter\View\{closure}()
 3 SYSTEMPATH\Common.php(1184): CodeIgniter\View\View->render('lokasi/v_beranda', [], true)
 4 APPPATH\Views\v_template_front_end.php(127): view('lokasi/v_beranda')
 5 SYSTEMPATH\View\View.php(213): include('APPPATH\\Views\\v_template_front_end.php')
 6 SYSTEMPATH\View\View.php(216): CodeIgniter\View\View->CodeIgniter\View\{closure}()
 7 SYSTEMPATH\Common.php(1184): CodeIgniter\View\View->render('v_template_front_end', [], true)
 8 APPPATH\Controllers\Lokasi.php(263): view('v_template_front_end', [...])
 9 SYSTEMPATH\CodeIgniter.php(934): App\Controllers\Lokasi->beranda()
10 SYSTEMPATH\CodeIgniter.php(499): CodeIgniter\CodeIgniter->runController(Object(App\Controllers\Lokasi))
11 SYSTEMPATH\CodeIgniter.php(368): CodeIgniter\CodeIgniter->handleRequest(null, Object(Config\Cache), false)
12 FCPATH\index.php(67): CodeIgniter\CodeIgniter->run()
WARNING - 2023-08-01 09:40:51 --> [DEPRECATED] Array and string offset access syntax with curly braces is deprecated in APPPATH\Views\lokasi\v_beranda.php on line 57.
 1 SYSTEMPATH\View\View.php(213): include()
 2 SYSTEMPATH\View\View.php(216): CodeIgniter\View\View->CodeIgniter\View\{closure}()
 3 SYSTEMPATH\Common.php(1184): CodeIgniter\View\View->render('lokasi/v_beranda', [], true)
 4 APPPATH\Views\v_template_front_end.php(127): view('lokasi/v_beranda')
 5 SYSTEMPATH\View\View.php(213): include('APPPATH\\Views\\v_template_front_end.php')
 6 SYSTEMPATH\View\View.php(216): CodeIgniter\View\View->CodeIgniter\View\{closure}()
 7 SYSTEMPATH\Common.php(1184): CodeIgniter\View\View->render('v_template_front_end', [], true)
 8 APPPATH\Controllers\Lokasi.php(263): view('v_template_front_end', [...])
 9 SYSTEMPATH\CodeIgniter.php(934): App\Controllers\Lokasi->beranda()
10 SYSTEMPATH\CodeIgniter.php(499): CodeIgniter\CodeIgniter->runController(Object(App\Controllers\Lokasi))
11 SYSTEMPATH\CodeIgniter.php(368): CodeIgniter\CodeIgniter->handleRequest(null, Object(Config\Cache), false)
12 FCPATH\index.php(67): CodeIgniter\CodeIgniter->run()
WARNING - 2023-08-01 09:40:51 --> [DEPRECATED] Array and string offset access syntax with curly braces is deprecated in APPPATH\Views\lokasi\v_beranda.php on line 59.
 1 SYSTEMPATH\View\View.php(213): include()
 2 SYSTEMPATH\View\View.php(216): CodeIgniter\View\View->CodeIgniter\View\{closure}()
 3 SYSTEMPATH\Common.php(1184): CodeIgniter\View\View->render('lokasi/v_beranda', [], true)
 4 APPPATH\Views\v_template_front_end.php(127): view('lokasi/v_beranda')
 5 SYSTEMPATH\View\View.php(213): include('APPPATH\\Views\\v_template_front_end.php')
 6 SYSTEMPATH\View\View.php(216): CodeIgniter\View\View->CodeIgniter\View\{closure}()
 7 SYSTEMPATH\Common.php(1184): CodeIgniter\View\View->render('v_template_front_end', [], true)
 8 APPPATH\Controllers\Lokasi.php(263): view('v_template_front_end', [...])
 9 SYSTEMPATH\CodeIgniter.php(934): App\Controllers\Lokasi->beranda()
10 SYSTEMPATH\CodeIgniter.php(499): CodeIgniter\CodeIgniter->runController(Object(App\Controllers\Lokasi))
11 SYSTEMPATH\CodeIgniter.php(368): CodeIgniter\CodeIgniter->handleRequest(null, Object(Config\Cache), false)
12 FCPATH\index.php(67): CodeIgniter\CodeIgniter->run()
CRITICAL - 2023-08-01 09:42:09 --> Trying to access array offset on value of type null
in APPPATH\Views\lokasi\v_rute_back.php on line 11.
 1 APPPATH\Views\lokasi\v_rute_back.php(11): CodeIgniter\Debug\Exceptions->errorHandler(8, 'Trying to access array offset on value of type null', 'APPPATH\\Views\\lokasi\\v_rute_back.php', 11, [...])
 2 SYSTEMPATH\View\View.php(213): include('APPPATH\\Views\\lokasi\\v_rute_back.php')
 3 SYSTEMPATH\View\View.php(216): CodeIgniter\View\View->CodeIgniter\View\{closure}()
 4 SYSTEMPATH\Common.php(1184): CodeIgniter\View\View->render('Lokasi/v_rute_back', [], true)
 5 APPPATH\Views\v_template_front_end.php(127): view('Lokasi/v_rute_back')
 6 SYSTEMPATH\View\View.php(213): include('APPPATH\\Views\\v_template_front_end.php')
 7 SYSTEMPATH\View\View.php(216): CodeIgniter\View\View->CodeIgniter\View\{closure}()
 8 SYSTEMPATH\Common.php(1184): CodeIgniter\View\View->render('v_template_front_end', [], true)
 9 APPPATH\Controllers\Lokasi.php(310): view('v_template_front_end', [...])
10 SYSTEMPATH\CodeIgniter.php(934): App\Controllers\Lokasi->ruteBack('js', 'sb-admin-2.min.js')
11 SYSTEMPATH\CodeIgniter.php(499): CodeIgniter\CodeIgniter->runController(Object(App\Controllers\Lokasi))
12 SYSTEMPATH\CodeIgniter.php(368): CodeIgniter\CodeIgniter->handleRequest(null, Object(Config\Cache), false)
13 FCPATH\index.php(67): CodeIgniter\CodeIgniter->run()
CRITICAL - 2023-08-01 09:46:06 --> Trying to access array offset on value of type null
in APPPATH\Views\lokasi\v_rute_back.php on line 11.
 1 APPPATH\Views\lokasi\v_rute_back.php(11): CodeIgniter\Debug\Exceptions->errorHandler(8, 'Trying to access array offset on value of type null', 'APPPATH\\Views\\lokasi\\v_rute_back.php', 11, [...])
 2 SYSTEMPATH\View\View.php(213): include('APPPATH\\Views\\lokasi\\v_rute_back.php')
 3 SYSTEMPATH\View\View.php(216): CodeIgniter\View\View->CodeIgniter\View\{closure}()
 4 SYSTEMPATH\Common.php(1184): CodeIgniter\View\View->render('Lokasi/v_rute_back', [], true)
 5 APPPATH\Views\v_template_front_end.php(127): view('Lokasi/v_rute_back')
 6 SYSTEMPATH\View\View.php(213): include('APPPATH\\Views\\v_template_front_end.php')
 7 SYSTEMPATH\View\View.php(216): CodeIgniter\View\View->CodeIgniter\View\{closure}()
 8 SYSTEMPATH\Common.php(1184): CodeIgniter\View\View->render('v_template_front_end', [], true)
 9 APPPATH\Controllers\Lokasi.php(310): view('v_template_front_end', [...])
10 SYSTEMPATH\CodeIgniter.php(934): App\Controllers\Lokasi->ruteBack('js', 'sb-admin-2.min.js')
11 SYSTEMPATH\CodeIgniter.php(499): CodeIgniter\CodeIgniter->runController(Object(App\Controllers\Lokasi))
12 SYSTEMPATH\CodeIgniter.php(368): CodeIgniter\CodeIgniter->handleRequest(null, Object(Config\Cache), false)
13 FCPATH\index.php(67): CodeIgniter\CodeIgniter->run()
CRITICAL - 2023-08-01 09:46:39 --> Trying to access array offset on value of type null
in APPPATH\Views\lokasi\v_rute_back.php on line 11.
 1 APPPATH\Views\lokasi\v_rute_back.php(11): CodeIgniter\Debug\Exceptions->errorHandler(8, 'Trying to access array offset on value of type null', 'APPPATH\\Views\\lokasi\\v_rute_back.php', 11, [...])
 2 SYSTEMPATH\View\View.php(213): include('APPPATH\\Views\\lokasi\\v_rute_back.php')
 3 SYSTEMPATH\View\View.php(216): CodeIgniter\View\View->CodeIgniter\View\{closure}()
 4 SYSTEMPATH\Common.php(1184): CodeIgniter\View\View->render('Lokasi/v_rute_back', [], true)
 5 APPPATH\Views\v_template_front_end.php(127): view('Lokasi/v_rute_back')
 6 SYSTEMPATH\View\View.php(213): include('APPPATH\\Views\\v_template_front_end.php')
 7 SYSTEMPATH\View\View.php(216): CodeIgniter\View\View->CodeIgniter\View\{closure}()
 8 SYSTEMPATH\Common.php(1184): CodeIgniter\View\View->render('v_template_front_end', [], true)
 9 APPPATH\Controllers\Lokasi.php(310): view('v_template_front_end', [...])
10 SYSTEMPATH\CodeIgniter.php(934): App\Controllers\Lokasi->ruteBack('js', 'sb-admin-2.min.js')
11 SYSTEMPATH\CodeIgniter.php(499): CodeIgniter\CodeIgniter->runController(Object(App\Controllers\Lokasi))
12 SYSTEMPATH\CodeIgniter.php(368): CodeIgniter\CodeIgniter->handleRequest(null, Object(Config\Cache), false)
13 FCPATH\index.php(67): CodeIgniter\CodeIgniter->run()
CRITICAL - 2023-08-01 09:47:08 --> Trying to access array offset on value of type null
in APPPATH\Views\lokasi\v_rute_back.php on line 11.
 1 APPPATH\Views\lokasi\v_rute_back.php(11): CodeIgniter\Debug\Exceptions->errorHandler(8, 'Trying to access array offset on value of type null', 'APPPATH\\Views\\lokasi\\v_rute_back.php', 11, [...])
 2 SYSTEMPATH\View\View.php(213): include('APPPATH\\Views\\lokasi\\v_rute_back.php')
 3 SYSTEMPATH\View\View.php(216): CodeIgniter\View\View->CodeIgniter\View\{closure}()
 4 SYSTEMPATH\Common.php(1184): CodeIgniter\View\View->render('Lokasi/v_rute_back', [], true)
 5 APPPATH\Views\v_template_front_end.php(127): view('Lokasi/v_rute_back')
 6 SYSTEMPATH\View\View.php(213): include('APPPATH\\Views\\v_template_front_end.php')
 7 SYSTEMPATH\View\View.php(216): CodeIgniter\View\View->CodeIgniter\View\{closure}()
 8 SYSTEMPATH\Common.php(1184): CodeIgniter\View\View->render('v_template_front_end', [], true)
 9 APPPATH\Controllers\Lokasi.php(310): view('v_template_front_end', [...])
10 SYSTEMPATH\CodeIgniter.php(934): App\Controllers\Lokasi->ruteBack('js', 'sb-admin-2.min.js')
11 SYSTEMPATH\CodeIgniter.php(499): CodeIgniter\CodeIgniter->runController(Object(App\Controllers\Lokasi))
12 SYSTEMPATH\CodeIgniter.php(368): CodeIgniter\CodeIgniter->handleRequest(null, Object(Config\Cache), false)
13 FCPATH\index.php(67): CodeIgniter\CodeIgniter->run()
INFO - 2023-08-01 09:47:33 --> Session: Class initialized using 'CodeIgniter\Session\Handlers\FileHandler' driver.
CRITICAL - 2023-08-01 09:47:35 --> Trying to access array offset on value of type null
in APPPATH\Views\lokasi\v_detail_back.php on line 14.
 1 APPPATH\Views\lokasi\v_detail_back.php(14): CodeIgniter\Debug\Exceptions->errorHandler(8, 'Trying to access array offset on value of type null', 'APPPATH\\Views\\lokasi\\v_detail_back.php', 14, [...])
 2 SYSTEMPATH\View\View.php(213): include('APPPATH\\Views\\lokasi\\v_detail_back.php')
 3 SYSTEMPATH\View\View.php(216): CodeIgniter\View\View->CodeIgniter\View\{closure}()
 4 SYSTEMPATH\Common.php(1184): CodeIgniter\View\View->render('Lokasi/v_detail_back', [], true)
 5 APPPATH\Views\v_template_front_end.php(127): view('Lokasi/v_detail_back')
 6 SYSTEMPATH\View\View.php(213): include('APPPATH\\Views\\v_template_front_end.php')
 7 SYSTEMPATH\View\View.php(216): CodeIgniter\View\View->CodeIgniter\View\{closure}()
 8 SYSTEMPATH\Common.php(1184): CodeIgniter\View\View->render('v_template_front_end', [], true)
 9 APPPATH\Controllers\Lokasi.php(320): view('v_template_front_end', [...])
10 SYSTEMPATH\CodeIgniter.php(934): App\Controllers\Lokasi->Detail('js', 'sb-admin-2.min.js')
11 SYSTEMPATH\CodeIgniter.php(499): CodeIgniter\CodeIgniter->runController(Object(App\Controllers\Lokasi))
12 SYSTEMPATH\CodeIgniter.php(368): CodeIgniter\CodeIgniter->handleRequest(null, Object(Config\Cache), false)
13 FCPATH\index.php(67): CodeIgniter\CodeIgniter->run()
INFO - 2023-08-01 09:47:39 --> Session: Class initialized using 'CodeIgniter\Session\Handlers\FileHandler' driver.
CRITICAL - 2023-08-01 09:50:15 --> Trying to access array offset on value of type null
in APPPATH\Views\lokasi\v_rute_back.php on line 11.
 1 APPPATH\Views\lokasi\v_rute_back.php(11): CodeIgniter\Debug\Exceptions->errorHandler(8, 'Trying to access array offset on value of type null', 'APPPATH\\Views\\lokasi\\v_rute_back.php', 11, [...])
 2 SYSTEMPATH\View\View.php(213): include('APPPATH\\Views\\lokasi\\v_rute_back.php')
 3 SYSTEMPATH\View\View.php(216): CodeIgniter\View\View->CodeIgniter\View\{closure}()
 4 SYSTEMPATH\Common.php(1184): CodeIgniter\View\View->render('Lokasi/v_rute_back', [], true)
 5 APPPATH\Views\v_template_front_end.php(127): view('Lokasi/v_rute_back')
 6 SYSTEMPATH\View\View.php(213): include('APPPATH\\Views\\v_template_front_end.php')
 7 SYSTEMPATH\View\View.php(216): CodeIgniter\View\View->CodeIgniter\View\{closure}()
 8 SYSTEMPATH\Common.php(1184): CodeIgniter\View\View->render('v_template_front_end', [], true)
 9 APPPATH\Controllers\Lokasi.php(310): view('v_template_front_end', [...])
10 SYSTEMPATH\CodeIgniter.php(934): App\Controllers\Lokasi->ruteBack('js', 'sb-admin-2.min.js')
11 SYSTEMPATH\CodeIgniter.php(499): CodeIgniter\CodeIgniter->runController(Object(App\Controllers\Lokasi))
12 SYSTEMPATH\CodeIgniter.php(368): CodeIgniter\CodeIgniter->handleRequest(null, Object(Config\Cache), false)
13 FCPATH\index.php(67): CodeIgniter\CodeIgniter->run()
WARNING - 2023-08-01 09:50:47 --> [DEPRECATED] Array and string offset access syntax with curly braces is deprecated in APPPATH\Views\lokasi\v_visi_misi.php on line 107.
 1 SYSTEMPATH\View\View.php(213): include()
 2 SYSTEMPATH\View\View.php(216): CodeIgniter\View\View->CodeIgniter\View\{closure}()
 3 SYSTEMPATH\Common.php(1184): CodeIgniter\View\View->render('lokasi/v_visi_misi', [], true)
 4 APPPATH\Views\v_template_front_end.php(127): view('lokasi/v_visi_misi')
 5 SYSTEMPATH\View\View.php(213): include('APPPATH\\Views\\v_template_front_end.php')
 6 SYSTEMPATH\View\View.php(216): CodeIgniter\View\View->CodeIgniter\View\{closure}()
 7 SYSTEMPATH\Common.php(1184): CodeIgniter\View\View->render('v_template_front_end', [], true)
 8 APPPATH\Controllers\Lokasi.php(272): view('v_template_front_end', [...])
 9 SYSTEMPATH\CodeIgniter.php(934): App\Controllers\Lokasi->visiMisi()
10 SYSTEMPATH\CodeIgniter.php(499): CodeIgniter\CodeIgniter->runController(Object(App\Controllers\Lokasi))
11 SYSTEMPATH\CodeIgniter.php(368): CodeIgniter\CodeIgniter->handleRequest(null, Object(Config\Cache), false)
12 FCPATH\index.php(67): CodeIgniter\CodeIgniter->run()
WARNING - 2023-08-01 09:50:47 --> [DEPRECATED] Array and string offset access syntax with curly braces is deprecated in APPPATH\Views\lokasi\v_visi_misi.php on line 109.
 1 SYSTEMPATH\View\View.php(213): include()
 2 SYSTEMPATH\View\View.php(216): CodeIgniter\View\View->CodeIgniter\View\{closure}()
 3 SYSTEMPATH\Common.php(1184): CodeIgniter\View\View->render('lokasi/v_visi_misi', [], true)
 4 APPPATH\Views\v_template_front_end.php(127): view('lokasi/v_visi_misi')
 5 SYSTEMPATH\View\View.php(213): include('APPPATH\\Views\\v_template_front_end.php')
 6 SYSTEMPATH\View\View.php(216): CodeIgniter\View\View->CodeIgniter\View\{closure}()
 7 SYSTEMPATH\Common.php(1184): CodeIgniter\View\View->render('v_template_front_end', [], true)
 8 APPPATH\Controllers\Lokasi.php(272): view('v_template_front_end', [...])
 9 SYSTEMPATH\CodeIgniter.php(934): App\Controllers\Lokasi->visiMisi()
10 SYSTEMPATH\CodeIgniter.php(499): CodeIgniter\CodeIgniter->runController(Object(App\Controllers\Lokasi))
11 SYSTEMPATH\CodeIgniter.php(368): CodeIgniter\CodeIgniter->handleRequest(null, Object(Config\Cache), false)
12 FCPATH\index.php(67): CodeIgniter\CodeIgniter->run()
WARNING - 2023-08-01 09:51:08 --> [DEPRECATED] Array and string offset access syntax with curly braces is deprecated in APPPATH\Views\lokasi\v_beranda.php on line 57.
 1 SYSTEMPATH\View\View.php(213): include()
 2 SYSTEMPATH\View\View.php(216): CodeIgniter\View\View->CodeIgniter\View\{closure}()
 3 SYSTEMPATH\Common.php(1184): CodeIgniter\View\View->render('lokasi/v_beranda', [], true)
 4 APPPATH\Views\v_template_front_end.php(127): view('lokasi/v_beranda')
 5 SYSTEMPATH\View\View.php(213): include('APPPATH\\Views\\v_template_front_end.php')
 6 SYSTEMPATH\View\View.php(216): CodeIgniter\View\View->CodeIgniter\View\{closure}()
 7 SYSTEMPATH\Common.php(1184): CodeIgniter\View\View->render('v_template_front_end', [], true)
 8 APPPATH\Controllers\Lokasi.php(263): view('v_template_front_end', [...])
 9 SYSTEMPATH\CodeIgniter.php(934): App\Controllers\Lokasi->beranda()
10 SYSTEMPATH\CodeIgniter.php(499): CodeIgniter\CodeIgniter->runController(Object(App\Controllers\Lokasi))
11 SYSTEMPATH\CodeIgniter.php(368): CodeIgniter\CodeIgniter->handleRequest(null, Object(Config\Cache), false)
12 FCPATH\index.php(67): CodeIgniter\CodeIgniter->run()
WARNING - 2023-08-01 09:51:08 --> [DEPRECATED] Array and string offset access syntax with curly braces is deprecated in APPPATH\Views\lokasi\v_beranda.php on line 59.
 1 SYSTEMPATH\View\View.php(213): include()
 2 SYSTEMPATH\View\View.php(216): CodeIgniter\View\View->CodeIgniter\View\{closure}()
 3 SYSTEMPATH\Common.php(1184): CodeIgniter\View\View->render('lokasi/v_beranda', [], true)
 4 APPPATH\Views\v_template_front_end.php(127): view('lokasi/v_beranda')
 5 SYSTEMPATH\View\View.php(213): include('APPPATH\\Views\\v_template_front_end.php')
 6 SYSTEMPATH\View\View.php(216): CodeIgniter\View\View->CodeIgniter\View\{closure}()
 7 SYSTEMPATH\Common.php(1184): CodeIgniter\View\View->render('v_template_front_end', [], true)
 8 APPPATH\Controllers\Lokasi.php(263): view('v_template_front_end', [...])
 9 SYSTEMPATH\CodeIgniter.php(934): App\Controllers\Lokasi->beranda()
10 SYSTEMPATH\CodeIgniter.php(499): CodeIgniter\CodeIgniter->runController(Object(App\Controllers\Lokasi))
11 SYSTEMPATH\CodeIgniter.php(368): CodeIgniter\CodeIgniter->handleRequest(null, Object(Config\Cache), false)
12 FCPATH\index.php(67): CodeIgniter\CodeIgniter->run()
INFO - 2023-08-01 16:11:05 --> Session: Class initialized using 'CodeIgniter\Session\Handlers\FileHandler' driver.
INFO - 2023-08-01 16:11:33 --> Session: Class initialized using 'CodeIgniter\Session\Handlers\FileHandler' driver.
INFO - 2023-08-01 16:11:35 --> Session: Class initialized using 'CodeIgniter\Session\Handlers\FileHandler' driver.
INFO - 2023-08-01 16:11:36 --> Session: Class initialized using 'CodeIgniter\Session\Handlers\FileHandler' driver.
INFO - 2023-08-01 16:11:38 --> Session: Class initialized using 'CodeIgniter\Session\Handlers\FileHandler' driver.
INFO - 2023-08-01 16:11:42 --> Session: Class initialized using 'CodeIgniter\Session\Handlers\FileHandler' driver.
INFO - 2023-08-01 16:11:45 --> Session: Class initialized using 'CodeIgniter\Session\Handlers\FileHandler' driver.
INFO - 2023-08-01 16:11:47 --> Session: Class initialized using 'CodeIgniter\Session\Handlers\FileHandler' driver.
INFO - 2023-08-01 16:11:49 --> Session: Class initialized using 'CodeIgniter\Session\Handlers\FileHandler' driver.
INFO - 2023-08-01 16:15:08 --> Session: Class initialized using 'CodeIgniter\Session\Handlers\FileHandler' driver.
INFO - 2023-08-01 16:15:17 --> Session: Class initialized using 'CodeIgniter\Session\Handlers\FileHandler' driver.
INFO - 2023-08-01 16:15:18 --> Session: Class initialized using 'CodeIgniter\Session\Handlers\FileHandler' driver.
INFO - 2023-08-01 16:36:27 --> Session: Class initialized using 'CodeIgniter\Session\Handlers\FileHandler' driver.
INFO - 2023-08-01 16:36:59 --> Session: Class initialized using 'CodeIgniter\Session\Handlers\FileHandler' driver.
INFO - 2023-08-01 16:38:02 --> Session: Class initialized using 'CodeIgniter\Session\Handlers\FileHandler' driver.
INFO - 2023-08-01 16:38:27 --> Session: Class initialized using 'CodeIgniter\Session\Handlers\FileHandler' driver.
INFO - 2023-08-01 16:38:29 --> Session: Class initialized using 'CodeIgniter\Session\Handlers\FileHandler' driver.
INFO - 2023-08-01 16:39:13 --> Session: Class initialized using 'CodeIgniter\Session\Handlers\FileHandler' driver.
INFO - 2023-08-01 16:39:30 --> Session: Class initialized using 'CodeIgniter\Session\Handlers\FileHandler' driver.
INFO - 2023-08-01 16:39:48 --> Session: Class initialized using 'CodeIgniter\Session\Handlers\FileHandler' driver.
INFO - 2023-08-01 16:39:50 --> Session: Class initialized using 'CodeIgniter\Session\Handlers\FileHandler' driver.
INFO - 2023-08-01 16:40:05 --> Session: Class initialized using 'CodeIgniter\Session\Handlers\FileHandler' driver.
INFO - 2023-08-01 16:40:21 --> Session: Class initialized using 'CodeIgniter\Session\Handlers\FileHandler' driver.
INFO - 2023-08-01 16:40:53 --> Session: Class initialized using 'CodeIgniter\Session\Handlers\FileHandler' driver.
INFO - 2023-08-01 16:40:55 --> Session: Class initialized using 'CodeIgniter\Session\Handlers\FileHandler' driver.
INFO - 2023-08-01 16:41:11 --> Session: Class initialized using 'CodeIgniter\Session\Handlers\FileHandler' driver.
INFO - 2023-08-01 16:43:36 --> Session: Class initialized using 'CodeIgniter\Session\Handlers\FileHandler' driver.
INFO - 2023-08-01 16:43:49 --> Session: Class initialized using 'CodeIgniter\Session\Handlers\FileHandler' driver.
INFO - 2023-08-01 16:44:10 --> Session: Class initialized using 'CodeIgniter\Session\Handlers\FileHandler' driver.
INFO - 2023-08-01 16:44:13 --> Session: Class initialized using 'CodeIgniter\Session\Handlers\FileHandler' driver.
INFO - 2023-08-01 16:44:32 --> Session: Class initialized using 'CodeIgniter\Session\Handlers\FileHandler' driver.
INFO - 2023-08-01 16:44:41 --> Session: Class initialized using 'CodeIgniter\Session\Handlers\FileHandler' driver.
INFO - 2023-08-01 16:44:49 --> Session: Class initialized using 'CodeIgniter\Session\Handlers\FileHandler' driver.
INFO - 2023-08-01 16:44:51 --> Session: Class initialized using 'CodeIgniter\Session\Handlers\FileHandler' driver.
INFO - 2023-08-01 16:45:07 --> Session: Class initialized using 'CodeIgniter\Session\Handlers\FileHandler' driver.
INFO - 2023-08-01 16:45:09 --> Session: Class initialized using 'CodeIgniter\Session\Handlers\FileHandler' driver.
INFO - 2023-08-01 16:45:18 --> Session: Class initialized using 'CodeIgniter\Session\Handlers\FileHandler' driver.
INFO - 2023-08-01 16:45:25 --> Session: Class initialized using 'CodeIgniter\Session\Handlers\FileHandler' driver.
INFO - 2023-08-01 16:45:27 --> Session: Class initialized using 'CodeIgniter\Session\Handlers\FileHandler' driver.
INFO - 2023-08-01 16:45:34 --> Session: Class initialized using 'CodeIgniter\Session\Handlers\FileHandler' driver.
