WARNING - 2023-07-14 08:19:27 --> [DEPRECATED] Array and string offset access syntax with curly braces is deprecated in APPPATH\Views\lokasi\v_beranda.php on line 66.
 1 SYSTEMPATH\View\View.php(213): include()
 2 SYSTEMPATH\View\View.php(216): CodeIgniter\View\View->CodeIgniter\View\{closure}()
 3 SYSTEMPATH\Common.php(1184): CodeIgniter\View\View->render('lokasi/v_beranda', [], true)
 4 APPPATH\Views\v_template_front_end.php(128): view('lokasi/v_beranda')
 5 SYSTEMPATH\View\View.php(213): include('APPPATH\\Views\\v_template_front_end.php')
 6 SYSTEMPATH\View\View.php(216): CodeIgniter\View\View->CodeIgniter\View\{closure}()
 7 SYSTEMPATH\Common.php(1184): CodeIgniter\View\View->render('v_template_front_end', [], true)
 8 APPPATH\Controllers\Lokasi.php(263): view('v_template_front_end', [...])
 9 SYSTEMPATH\CodeIgniter.php(934): App\Controllers\Lokasi->beranda()
10 SYSTEMPATH\CodeIgniter.php(499): CodeIgniter\CodeIgniter->runController(Object(App\Controllers\Lokasi))
11 SYSTEMPATH\CodeIgniter.php(368): CodeIgniter\CodeIgniter->handleRequest(null, Object(Config\Cache), false)
12 FCPATH\index.php(67): CodeIgniter\CodeIgniter->run()
WARNING - 2023-07-14 08:19:27 --> [DEPRECATED] Array and string offset access syntax with curly braces is deprecated in APPPATH\Views\lokasi\v_beranda.php on line 68.
 1 SYSTEMPATH\View\View.php(213): include()
 2 SYSTEMPATH\View\View.php(216): CodeIgniter\View\View->CodeIgniter\View\{closure}()
 3 SYSTEMPATH\Common.php(1184): CodeIgniter\View\View->render('lokasi/v_beranda', [], true)
 4 APPPATH\Views\v_template_front_end.php(128): view('lokasi/v_beranda')
 5 SYSTEMPATH\View\View.php(213): include('APPPATH\\Views\\v_template_front_end.php')
 6 SYSTEMPATH\View\View.php(216): CodeIgniter\View\View->CodeIgniter\View\{closure}()
 7 SYSTEMPATH\Common.php(1184): CodeIgniter\View\View->render('v_template_front_end', [], true)
 8 APPPATH\Controllers\Lokasi.php(263): view('v_template_front_end', [...])
 9 SYSTEMPATH\CodeIgniter.php(934): App\Controllers\Lokasi->beranda()
10 SYSTEMPATH\CodeIgniter.php(499): CodeIgniter\CodeIgniter->runController(Object(App\Controllers\Lokasi))
11 SYSTEMPATH\CodeIgniter.php(368): CodeIgniter\CodeIgniter->handleRequest(null, Object(Config\Cache), false)
12 FCPATH\index.php(67): CodeIgniter\CodeIgniter->run()
INFO - 2023-07-14 08:19:31 --> Session: Class initialized using 'CodeIgniter\Session\Handlers\FileHandler' driver.
INFO - 2023-07-14 08:19:35 --> Session: Class initialized using 'CodeIgniter\Session\Handlers\FileHandler' driver.
INFO - 2023-07-14 08:20:49 --> Session: Class initialized using 'CodeIgniter\Session\Handlers\FileHandler' driver.
INFO - 2023-07-14 08:20:49 --> Session: Class initialized using 'CodeIgniter\Session\Handlers\FileHandler' driver.
WARNING - 2023-07-14 08:21:01 --> [DEPRECATED] Array and string offset access syntax with curly braces is deprecated in APPPATH\Views\lokasi\v_beranda.php on line 66.
 1 SYSTEMPATH\View\View.php(213): include()
 2 SYSTEMPATH\View\View.php(216): CodeIgniter\View\View->CodeIgniter\View\{closure}()
 3 SYSTEMPATH\Common.php(1184): CodeIgniter\View\View->render('lokasi/v_beranda', [], true)
 4 APPPATH\Views\v_template_front_end.php(128): view('lokasi/v_beranda')
 5 SYSTEMPATH\View\View.php(213): include('APPPATH\\Views\\v_template_front_end.php')
 6 SYSTEMPATH\View\View.php(216): CodeIgniter\View\View->CodeIgniter\View\{closure}()
 7 SYSTEMPATH\Common.php(1184): CodeIgniter\View\View->render('v_template_front_end', [], true)
 8 APPPATH\Controllers\Lokasi.php(263): view('v_template_front_end', [...])
 9 SYSTEMPATH\CodeIgniter.php(934): App\Controllers\Lokasi->beranda()
10 SYSTEMPATH\CodeIgniter.php(499): CodeIgniter\CodeIgniter->runController(Object(App\Controllers\Lokasi))
11 SYSTEMPATH\CodeIgniter.php(368): CodeIgniter\CodeIgniter->handleRequest(null, Object(Config\Cache), false)
12 FCPATH\index.php(67): CodeIgniter\CodeIgniter->run()
WARNING - 2023-07-14 08:21:01 --> [DEPRECATED] Array and string offset access syntax with curly braces is deprecated in APPPATH\Views\lokasi\v_beranda.php on line 68.
 1 SYSTEMPATH\View\View.php(213): include()
 2 SYSTEMPATH\View\View.php(216): CodeIgniter\View\View->CodeIgniter\View\{closure}()
 3 SYSTEMPATH\Common.php(1184): CodeIgniter\View\View->render('lokasi/v_beranda', [], true)
 4 APPPATH\Views\v_template_front_end.php(128): view('lokasi/v_beranda')
 5 SYSTEMPATH\View\View.php(213): include('APPPATH\\Views\\v_template_front_end.php')
 6 SYSTEMPATH\View\View.php(216): CodeIgniter\View\View->CodeIgniter\View\{closure}()
 7 SYSTEMPATH\Common.php(1184): CodeIgniter\View\View->render('v_template_front_end', [], true)
 8 APPPATH\Controllers\Lokasi.php(263): view('v_template_front_end', [...])
 9 SYSTEMPATH\CodeIgniter.php(934): App\Controllers\Lokasi->beranda()
10 SYSTEMPATH\CodeIgniter.php(499): CodeIgniter\CodeIgniter->runController(Object(App\Controllers\Lokasi))
11 SYSTEMPATH\CodeIgniter.php(368): CodeIgniter\CodeIgniter->handleRequest(null, Object(Config\Cache), false)
12 FCPATH\index.php(67): CodeIgniter\CodeIgniter->run()
INFO - 2023-07-14 08:25:20 --> Session: Class initialized using 'CodeIgniter\Session\Handlers\FileHandler' driver.
WARNING - 2023-07-14 08:26:57 --> [DEPRECATED] Array and string offset access syntax with curly braces is deprecated in APPPATH\Views\lokasi\v_beranda.php on line 66.
 1 SYSTEMPATH\View\View.php(213): include()
 2 SYSTEMPATH\View\View.php(216): CodeIgniter\View\View->CodeIgniter\View\{closure}()
 3 SYSTEMPATH\Common.php(1184): CodeIgniter\View\View->render('lokasi/v_beranda', [], true)
 4 APPPATH\Views\v_template_front_end.php(128): view('lokasi/v_beranda')
 5 SYSTEMPATH\View\View.php(213): include('APPPATH\\Views\\v_template_front_end.php')
 6 SYSTEMPATH\View\View.php(216): CodeIgniter\View\View->CodeIgniter\View\{closure}()
 7 SYSTEMPATH\Common.php(1184): CodeIgniter\View\View->render('v_template_front_end', [], true)
 8 APPPATH\Controllers\Lokasi.php(263): view('v_template_front_end', [...])
 9 SYSTEMPATH\CodeIgniter.php(934): App\Controllers\Lokasi->beranda()
10 SYSTEMPATH\CodeIgniter.php(499): CodeIgniter\CodeIgniter->runController(Object(App\Controllers\Lokasi))
11 SYSTEMPATH\CodeIgniter.php(368): CodeIgniter\CodeIgniter->handleRequest(null, Object(Config\Cache), false)
12 FCPATH\index.php(67): CodeIgniter\CodeIgniter->run()
WARNING - 2023-07-14 08:26:57 --> [DEPRECATED] Array and string offset access syntax with curly braces is deprecated in APPPATH\Views\lokasi\v_beranda.php on line 68.
 1 SYSTEMPATH\View\View.php(213): include()
 2 SYSTEMPATH\View\View.php(216): CodeIgniter\View\View->CodeIgniter\View\{closure}()
 3 SYSTEMPATH\Common.php(1184): CodeIgniter\View\View->render('lokasi/v_beranda', [], true)
 4 APPPATH\Views\v_template_front_end.php(128): view('lokasi/v_beranda')
 5 SYSTEMPATH\View\View.php(213): include('APPPATH\\Views\\v_template_front_end.php')
 6 SYSTEMPATH\View\View.php(216): CodeIgniter\View\View->CodeIgniter\View\{closure}()
 7 SYSTEMPATH\Common.php(1184): CodeIgniter\View\View->render('v_template_front_end', [], true)
 8 APPPATH\Controllers\Lokasi.php(263): view('v_template_front_end', [...])
 9 SYSTEMPATH\CodeIgniter.php(934): App\Controllers\Lokasi->beranda()
10 SYSTEMPATH\CodeIgniter.php(499): CodeIgniter\CodeIgniter->runController(Object(App\Controllers\Lokasi))
11 SYSTEMPATH\CodeIgniter.php(368): CodeIgniter\CodeIgniter->handleRequest(null, Object(Config\Cache), false)
12 FCPATH\index.php(67): CodeIgniter\CodeIgniter->run()
WARNING - 2023-07-14 08:32:36 --> [DEPRECATED] Array and string offset access syntax with curly braces is deprecated in APPPATH\Views\lokasi\v_beranda.php on line 59.
 1 SYSTEMPATH\View\View.php(213): include()
 2 SYSTEMPATH\View\View.php(216): CodeIgniter\View\View->CodeIgniter\View\{closure}()
 3 SYSTEMPATH\Common.php(1184): CodeIgniter\View\View->render('lokasi/v_beranda', [], true)
 4 APPPATH\Views\v_template_front_end.php(128): view('lokasi/v_beranda')
 5 SYSTEMPATH\View\View.php(213): include('APPPATH\\Views\\v_template_front_end.php')
 6 SYSTEMPATH\View\View.php(216): CodeIgniter\View\View->CodeIgniter\View\{closure}()
 7 SYSTEMPATH\Common.php(1184): CodeIgniter\View\View->render('v_template_front_end', [], true)
 8 APPPATH\Controllers\Lokasi.php(263): view('v_template_front_end', [...])
 9 SYSTEMPATH\CodeIgniter.php(934): App\Controllers\Lokasi->beranda()
10 SYSTEMPATH\CodeIgniter.php(499): CodeIgniter\CodeIgniter->runController(Object(App\Controllers\Lokasi))
11 SYSTEMPATH\CodeIgniter.php(368): CodeIgniter\CodeIgniter->handleRequest(null, Object(Config\Cache), false)
12 FCPATH\index.php(67): CodeIgniter\CodeIgniter->run()
WARNING - 2023-07-14 08:32:36 --> [DEPRECATED] Array and string offset access syntax with curly braces is deprecated in APPPATH\Views\lokasi\v_beranda.php on line 61.
 1 SYSTEMPATH\View\View.php(213): include()
 2 SYSTEMPATH\View\View.php(216): CodeIgniter\View\View->CodeIgniter\View\{closure}()
 3 SYSTEMPATH\Common.php(1184): CodeIgniter\View\View->render('lokasi/v_beranda', [], true)
 4 APPPATH\Views\v_template_front_end.php(128): view('lokasi/v_beranda')
 5 SYSTEMPATH\View\View.php(213): include('APPPATH\\Views\\v_template_front_end.php')
 6 SYSTEMPATH\View\View.php(216): CodeIgniter\View\View->CodeIgniter\View\{closure}()
 7 SYSTEMPATH\Common.php(1184): CodeIgniter\View\View->render('v_template_front_end', [], true)
 8 APPPATH\Controllers\Lokasi.php(263): view('v_template_front_end', [...])
 9 SYSTEMPATH\CodeIgniter.php(934): App\Controllers\Lokasi->beranda()
10 SYSTEMPATH\CodeIgniter.php(499): CodeIgniter\CodeIgniter->runController(Object(App\Controllers\Lokasi))
11 SYSTEMPATH\CodeIgniter.php(368): CodeIgniter\CodeIgniter->handleRequest(null, Object(Config\Cache), false)
12 FCPATH\index.php(67): CodeIgniter\CodeIgniter->run()
WARNING - 2023-07-14 08:32:40 --> [DEPRECATED] Array and string offset access syntax with curly braces is deprecated in APPPATH\Views\lokasi\v_beranda.php on line 59.
 1 SYSTEMPATH\View\View.php(213): include()
 2 SYSTEMPATH\View\View.php(216): CodeIgniter\View\View->CodeIgniter\View\{closure}()
 3 SYSTEMPATH\Common.php(1184): CodeIgniter\View\View->render('lokasi/v_beranda', [], true)
 4 APPPATH\Views\v_template_front_end.php(128): view('lokasi/v_beranda')
 5 SYSTEMPATH\View\View.php(213): include('APPPATH\\Views\\v_template_front_end.php')
 6 SYSTEMPATH\View\View.php(216): CodeIgniter\View\View->CodeIgniter\View\{closure}()
 7 SYSTEMPATH\Common.php(1184): CodeIgniter\View\View->render('v_template_front_end', [], true)
 8 APPPATH\Controllers\Lokasi.php(263): view('v_template_front_end', [...])
 9 SYSTEMPATH\CodeIgniter.php(934): App\Controllers\Lokasi->beranda()
10 SYSTEMPATH\CodeIgniter.php(499): CodeIgniter\CodeIgniter->runController(Object(App\Controllers\Lokasi))
11 SYSTEMPATH\CodeIgniter.php(368): CodeIgniter\CodeIgniter->handleRequest(null, Object(Config\Cache), false)
12 FCPATH\index.php(67): CodeIgniter\CodeIgniter->run()
WARNING - 2023-07-14 08:32:40 --> [DEPRECATED] Array and string offset access syntax with curly braces is deprecated in APPPATH\Views\lokasi\v_beranda.php on line 61.
 1 SYSTEMPATH\View\View.php(213): include()
 2 SYSTEMPATH\View\View.php(216): CodeIgniter\View\View->CodeIgniter\View\{closure}()
 3 SYSTEMPATH\Common.php(1184): CodeIgniter\View\View->render('lokasi/v_beranda', [], true)
 4 APPPATH\Views\v_template_front_end.php(128): view('lokasi/v_beranda')
 5 SYSTEMPATH\View\View.php(213): include('APPPATH\\Views\\v_template_front_end.php')
 6 SYSTEMPATH\View\View.php(216): CodeIgniter\View\View->CodeIgniter\View\{closure}()
 7 SYSTEMPATH\Common.php(1184): CodeIgniter\View\View->render('v_template_front_end', [], true)
 8 APPPATH\Controllers\Lokasi.php(263): view('v_template_front_end', [...])
 9 SYSTEMPATH\CodeIgniter.php(934): App\Controllers\Lokasi->beranda()
10 SYSTEMPATH\CodeIgniter.php(499): CodeIgniter\CodeIgniter->runController(Object(App\Controllers\Lokasi))
11 SYSTEMPATH\CodeIgniter.php(368): CodeIgniter\CodeIgniter->handleRequest(null, Object(Config\Cache), false)
12 FCPATH\index.php(67): CodeIgniter\CodeIgniter->run()
WARNING - 2023-07-14 08:36:40 --> [DEPRECATED] Array and string offset access syntax with curly braces is deprecated in APPPATH\Views\lokasi\v_beranda.php on line 59.
 1 SYSTEMPATH\View\View.php(213): include()
 2 SYSTEMPATH\View\View.php(216): CodeIgniter\View\View->CodeIgniter\View\{closure}()
 3 SYSTEMPATH\Common.php(1184): CodeIgniter\View\View->render('lokasi/v_beranda', [], true)
 4 APPPATH\Views\v_template_front_end.php(128): view('lokasi/v_beranda')
 5 SYSTEMPATH\View\View.php(213): include('APPPATH\\Views\\v_template_front_end.php')
 6 SYSTEMPATH\View\View.php(216): CodeIgniter\View\View->CodeIgniter\View\{closure}()
 7 SYSTEMPATH\Common.php(1184): CodeIgniter\View\View->render('v_template_front_end', [], true)
 8 APPPATH\Controllers\Lokasi.php(263): view('v_template_front_end', [...])
 9 SYSTEMPATH\CodeIgniter.php(934): App\Controllers\Lokasi->beranda()
10 SYSTEMPATH\CodeIgniter.php(499): CodeIgniter\CodeIgniter->runController(Object(App\Controllers\Lokasi))
11 SYSTEMPATH\CodeIgniter.php(368): CodeIgniter\CodeIgniter->handleRequest(null, Object(Config\Cache), false)
12 FCPATH\index.php(67): CodeIgniter\CodeIgniter->run()
WARNING - 2023-07-14 08:36:40 --> [DEPRECATED] Array and string offset access syntax with curly braces is deprecated in APPPATH\Views\lokasi\v_beranda.php on line 61.
 1 SYSTEMPATH\View\View.php(213): include()
 2 SYSTEMPATH\View\View.php(216): CodeIgniter\View\View->CodeIgniter\View\{closure}()
 3 SYSTEMPATH\Common.php(1184): CodeIgniter\View\View->render('lokasi/v_beranda', [], true)
 4 APPPATH\Views\v_template_front_end.php(128): view('lokasi/v_beranda')
 5 SYSTEMPATH\View\View.php(213): include('APPPATH\\Views\\v_template_front_end.php')
 6 SYSTEMPATH\View\View.php(216): CodeIgniter\View\View->CodeIgniter\View\{closure}()
 7 SYSTEMPATH\Common.php(1184): CodeIgniter\View\View->render('v_template_front_end', [], true)
 8 APPPATH\Controllers\Lokasi.php(263): view('v_template_front_end', [...])
 9 SYSTEMPATH\CodeIgniter.php(934): App\Controllers\Lokasi->beranda()
10 SYSTEMPATH\CodeIgniter.php(499): CodeIgniter\CodeIgniter->runController(Object(App\Controllers\Lokasi))
11 SYSTEMPATH\CodeIgniter.php(368): CodeIgniter\CodeIgniter->handleRequest(null, Object(Config\Cache), false)
12 FCPATH\index.php(67): CodeIgniter\CodeIgniter->run()
CRITICAL - 2023-07-14 08:36:40 --> Function name must be a string
in APPPATH\Views\lokasi\v_beranda.php on line 67.
 1 SYSTEMPATH\View\View.php(213): include()
 2 SYSTEMPATH\View\View.php(216): CodeIgniter\View\View->CodeIgniter\View\{closure}()
 3 SYSTEMPATH\Common.php(1184): CodeIgniter\View\View->render('lokasi/v_beranda', [], true)
 4 APPPATH\Views\v_template_front_end.php(128): view('lokasi/v_beranda')
 5 SYSTEMPATH\View\View.php(213): include('APPPATH\\Views\\v_template_front_end.php')
 6 SYSTEMPATH\View\View.php(216): CodeIgniter\View\View->CodeIgniter\View\{closure}()
 7 SYSTEMPATH\Common.php(1184): CodeIgniter\View\View->render('v_template_front_end', [], true)
 8 APPPATH\Controllers\Lokasi.php(263): view('v_template_front_end', [...])
 9 SYSTEMPATH\CodeIgniter.php(934): App\Controllers\Lokasi->beranda()
10 SYSTEMPATH\CodeIgniter.php(499): CodeIgniter\CodeIgniter->runController(Object(App\Controllers\Lokasi))
11 SYSTEMPATH\CodeIgniter.php(368): CodeIgniter\CodeIgniter->handleRequest(null, Object(Config\Cache), false)
12 FCPATH\index.php(67): CodeIgniter\CodeIgniter->run()
WARNING - 2023-07-14 08:38:22 --> [DEPRECATED] Array and string offset access syntax with curly braces is deprecated in APPPATH\Views\lokasi\v_beranda.php on line 59.
 1 SYSTEMPATH\View\View.php(213): include()
 2 SYSTEMPATH\View\View.php(216): CodeIgniter\View\View->CodeIgniter\View\{closure}()
 3 SYSTEMPATH\Common.php(1184): CodeIgniter\View\View->render('lokasi/v_beranda', [], true)
 4 APPPATH\Views\v_template_front_end.php(128): view('lokasi/v_beranda')
 5 SYSTEMPATH\View\View.php(213): include('APPPATH\\Views\\v_template_front_end.php')
 6 SYSTEMPATH\View\View.php(216): CodeIgniter\View\View->CodeIgniter\View\{closure}()
 7 SYSTEMPATH\Common.php(1184): CodeIgniter\View\View->render('v_template_front_end', [], true)
 8 APPPATH\Controllers\Lokasi.php(263): view('v_template_front_end', [...])
 9 SYSTEMPATH\CodeIgniter.php(934): App\Controllers\Lokasi->beranda()
10 SYSTEMPATH\CodeIgniter.php(499): CodeIgniter\CodeIgniter->runController(Object(App\Controllers\Lokasi))
11 SYSTEMPATH\CodeIgniter.php(368): CodeIgniter\CodeIgniter->handleRequest(null, Object(Config\Cache), false)
12 FCPATH\index.php(67): CodeIgniter\CodeIgniter->run()
WARNING - 2023-07-14 08:38:22 --> [DEPRECATED] Array and string offset access syntax with curly braces is deprecated in APPPATH\Views\lokasi\v_beranda.php on line 61.
 1 SYSTEMPATH\View\View.php(213): include()
 2 SYSTEMPATH\View\View.php(216): CodeIgniter\View\View->CodeIgniter\View\{closure}()
 3 SYSTEMPATH\Common.php(1184): CodeIgniter\View\View->render('lokasi/v_beranda', [], true)
 4 APPPATH\Views\v_template_front_end.php(128): view('lokasi/v_beranda')
 5 SYSTEMPATH\View\View.php(213): include('APPPATH\\Views\\v_template_front_end.php')
 6 SYSTEMPATH\View\View.php(216): CodeIgniter\View\View->CodeIgniter\View\{closure}()
 7 SYSTEMPATH\Common.php(1184): CodeIgniter\View\View->render('v_template_front_end', [], true)
 8 APPPATH\Controllers\Lokasi.php(263): view('v_template_front_end', [...])
 9 SYSTEMPATH\CodeIgniter.php(934): App\Controllers\Lokasi->beranda()
10 SYSTEMPATH\CodeIgniter.php(499): CodeIgniter\CodeIgniter->runController(Object(App\Controllers\Lokasi))
11 SYSTEMPATH\CodeIgniter.php(368): CodeIgniter\CodeIgniter->handleRequest(null, Object(Config\Cache), false)
12 FCPATH\index.php(67): CodeIgniter\CodeIgniter->run()
CRITICAL - 2023-07-14 08:38:22 --> Undefined variable: lokasi
in APPPATH\Views\lokasi\v_beranda.php on line 67.
 1 APPPATH\Views\lokasi\v_beranda.php(67): CodeIgniter\Debug\Exceptions->errorHandler(8, 'Undefined variable: lokasi', 'APPPATH\\Views\\lokasi\\v_beranda.php', 67, [...])
 2 SYSTEMPATH\View\View.php(213): include('APPPATH\\Views\\lokasi\\v_beranda.php')
 3 SYSTEMPATH\View\View.php(216): CodeIgniter\View\View->CodeIgniter\View\{closure}()
 4 SYSTEMPATH\Common.php(1184): CodeIgniter\View\View->render('lokasi/v_beranda', [], true)
 5 APPPATH\Views\v_template_front_end.php(128): view('lokasi/v_beranda')
 6 SYSTEMPATH\View\View.php(213): include('APPPATH\\Views\\v_template_front_end.php')
 7 SYSTEMPATH\View\View.php(216): CodeIgniter\View\View->CodeIgniter\View\{closure}()
 8 SYSTEMPATH\Common.php(1184): CodeIgniter\View\View->render('v_template_front_end', [], true)
 9 APPPATH\Controllers\Lokasi.php(263): view('v_template_front_end', [...])
10 SYSTEMPATH\CodeIgniter.php(934): App\Controllers\Lokasi->beranda()
11 SYSTEMPATH\CodeIgniter.php(499): CodeIgniter\CodeIgniter->runController(Object(App\Controllers\Lokasi))
12 SYSTEMPATH\CodeIgniter.php(368): CodeIgniter\CodeIgniter->handleRequest(null, Object(Config\Cache), false)
13 FCPATH\index.php(67): CodeIgniter\CodeIgniter->run()
WARNING - 2023-07-14 08:40:41 --> [DEPRECATED] Array and string offset access syntax with curly braces is deprecated in APPPATH\Views\lokasi\v_beranda.php on line 59.
 1 SYSTEMPATH\View\View.php(213): include()
 2 SYSTEMPATH\View\View.php(216): CodeIgniter\View\View->CodeIgniter\View\{closure}()
 3 SYSTEMPATH\Common.php(1184): CodeIgniter\View\View->render('lokasi/v_beranda', [], true)
 4 APPPATH\Views\v_template_front_end.php(128): view('lokasi/v_beranda')
 5 SYSTEMPATH\View\View.php(213): include('APPPATH\\Views\\v_template_front_end.php')
 6 SYSTEMPATH\View\View.php(216): CodeIgniter\View\View->CodeIgniter\View\{closure}()
 7 SYSTEMPATH\Common.php(1184): CodeIgniter\View\View->render('v_template_front_end', [], true)
 8 APPPATH\Controllers\Lokasi.php(263): view('v_template_front_end', [...])
 9 SYSTEMPATH\CodeIgniter.php(934): App\Controllers\Lokasi->beranda()
10 SYSTEMPATH\CodeIgniter.php(499): CodeIgniter\CodeIgniter->runController(Object(App\Controllers\Lokasi))
11 SYSTEMPATH\CodeIgniter.php(368): CodeIgniter\CodeIgniter->handleRequest(null, Object(Config\Cache), false)
12 FCPATH\index.php(67): CodeIgniter\CodeIgniter->run()
WARNING - 2023-07-14 08:40:41 --> [DEPRECATED] Array and string offset access syntax with curly braces is deprecated in APPPATH\Views\lokasi\v_beranda.php on line 61.
 1 SYSTEMPATH\View\View.php(213): include()
 2 SYSTEMPATH\View\View.php(216): CodeIgniter\View\View->CodeIgniter\View\{closure}()
 3 SYSTEMPATH\Common.php(1184): CodeIgniter\View\View->render('lokasi/v_beranda', [], true)
 4 APPPATH\Views\v_template_front_end.php(128): view('lokasi/v_beranda')
 5 SYSTEMPATH\View\View.php(213): include('APPPATH\\Views\\v_template_front_end.php')
 6 SYSTEMPATH\View\View.php(216): CodeIgniter\View\View->CodeIgniter\View\{closure}()
 7 SYSTEMPATH\Common.php(1184): CodeIgniter\View\View->render('v_template_front_end', [], true)
 8 APPPATH\Controllers\Lokasi.php(263): view('v_template_front_end', [...])
 9 SYSTEMPATH\CodeIgniter.php(934): App\Controllers\Lokasi->beranda()
10 SYSTEMPATH\CodeIgniter.php(499): CodeIgniter\CodeIgniter->runController(Object(App\Controllers\Lokasi))
11 SYSTEMPATH\CodeIgniter.php(368): CodeIgniter\CodeIgniter->handleRequest(null, Object(Config\Cache), false)
12 FCPATH\index.php(67): CodeIgniter\CodeIgniter->run()
CRITICAL - 2023-07-14 08:40:41 --> Undefined variable: lokasi
in APPPATH\Views\lokasi\v_beranda.php on line 67.
 1 APPPATH\Views\lokasi\v_beranda.php(67): CodeIgniter\Debug\Exceptions->errorHandler(8, 'Undefined variable: lokasi', 'APPPATH\\Views\\lokasi\\v_beranda.php', 67, [...])
 2 SYSTEMPATH\View\View.php(213): include('APPPATH\\Views\\lokasi\\v_beranda.php')
 3 SYSTEMPATH\View\View.php(216): CodeIgniter\View\View->CodeIgniter\View\{closure}()
 4 SYSTEMPATH\Common.php(1184): CodeIgniter\View\View->render('lokasi/v_beranda', [], true)
 5 APPPATH\Views\v_template_front_end.php(128): view('lokasi/v_beranda')
 6 SYSTEMPATH\View\View.php(213): include('APPPATH\\Views\\v_template_front_end.php')
 7 SYSTEMPATH\View\View.php(216): CodeIgniter\View\View->CodeIgniter\View\{closure}()
 8 SYSTEMPATH\Common.php(1184): CodeIgniter\View\View->render('v_template_front_end', [], true)
 9 APPPATH\Controllers\Lokasi.php(263): view('v_template_front_end', [...])
10 SYSTEMPATH\CodeIgniter.php(934): App\Controllers\Lokasi->beranda()
11 SYSTEMPATH\CodeIgniter.php(499): CodeIgniter\CodeIgniter->runController(Object(App\Controllers\Lokasi))
12 SYSTEMPATH\CodeIgniter.php(368): CodeIgniter\CodeIgniter->handleRequest(null, Object(Config\Cache), false)
13 FCPATH\index.php(67): CodeIgniter\CodeIgniter->run()
WARNING - 2023-07-14 08:41:31 --> [DEPRECATED] Array and string offset access syntax with curly braces is deprecated in APPPATH\Views\lokasi\v_beranda.php on line 59.
 1 SYSTEMPATH\View\View.php(213): include()
 2 SYSTEMPATH\View\View.php(216): CodeIgniter\View\View->CodeIgniter\View\{closure}()
 3 SYSTEMPATH\Common.php(1184): CodeIgniter\View\View->render('lokasi/v_beranda', [], true)
 4 APPPATH\Views\v_template_front_end.php(128): view('lokasi/v_beranda')
 5 SYSTEMPATH\View\View.php(213): include('APPPATH\\Views\\v_template_front_end.php')
 6 SYSTEMPATH\View\View.php(216): CodeIgniter\View\View->CodeIgniter\View\{closure}()
 7 SYSTEMPATH\Common.php(1184): CodeIgniter\View\View->render('v_template_front_end', [], true)
 8 APPPATH\Controllers\Lokasi.php(263): view('v_template_front_end', [...])
 9 SYSTEMPATH\CodeIgniter.php(934): App\Controllers\Lokasi->beranda()
10 SYSTEMPATH\CodeIgniter.php(499): CodeIgniter\CodeIgniter->runController(Object(App\Controllers\Lokasi))
11 SYSTEMPATH\CodeIgniter.php(368): CodeIgniter\CodeIgniter->handleRequest(null, Object(Config\Cache), false)
12 FCPATH\index.php(67): CodeIgniter\CodeIgniter->run()
WARNING - 2023-07-14 08:41:31 --> [DEPRECATED] Array and string offset access syntax with curly braces is deprecated in APPPATH\Views\lokasi\v_beranda.php on line 61.
 1 SYSTEMPATH\View\View.php(213): include()
 2 SYSTEMPATH\View\View.php(216): CodeIgniter\View\View->CodeIgniter\View\{closure}()
 3 SYSTEMPATH\Common.php(1184): CodeIgniter\View\View->render('lokasi/v_beranda', [], true)
 4 APPPATH\Views\v_template_front_end.php(128): view('lokasi/v_beranda')
 5 SYSTEMPATH\View\View.php(213): include('APPPATH\\Views\\v_template_front_end.php')
 6 SYSTEMPATH\View\View.php(216): CodeIgniter\View\View->CodeIgniter\View\{closure}()
 7 SYSTEMPATH\Common.php(1184): CodeIgniter\View\View->render('v_template_front_end', [], true)
 8 APPPATH\Controllers\Lokasi.php(263): view('v_template_front_end', [...])
 9 SYSTEMPATH\CodeIgniter.php(934): App\Controllers\Lokasi->beranda()
10 SYSTEMPATH\CodeIgniter.php(499): CodeIgniter\CodeIgniter->runController(Object(App\Controllers\Lokasi))
11 SYSTEMPATH\CodeIgniter.php(368): CodeIgniter\CodeIgniter->handleRequest(null, Object(Config\Cache), false)
12 FCPATH\index.php(67): CodeIgniter\CodeIgniter->run()
CRITICAL - 2023-07-14 08:41:31 --> Function name must be a string
in APPPATH\Views\lokasi\v_beranda.php on line 67.
 1 SYSTEMPATH\View\View.php(213): include()
 2 SYSTEMPATH\View\View.php(216): CodeIgniter\View\View->CodeIgniter\View\{closure}()
 3 SYSTEMPATH\Common.php(1184): CodeIgniter\View\View->render('lokasi/v_beranda', [], true)
 4 APPPATH\Views\v_template_front_end.php(128): view('lokasi/v_beranda')
 5 SYSTEMPATH\View\View.php(213): include('APPPATH\\Views\\v_template_front_end.php')
 6 SYSTEMPATH\View\View.php(216): CodeIgniter\View\View->CodeIgniter\View\{closure}()
 7 SYSTEMPATH\Common.php(1184): CodeIgniter\View\View->render('v_template_front_end', [], true)
 8 APPPATH\Controllers\Lokasi.php(263): view('v_template_front_end', [...])
 9 SYSTEMPATH\CodeIgniter.php(934): App\Controllers\Lokasi->beranda()
10 SYSTEMPATH\CodeIgniter.php(499): CodeIgniter\CodeIgniter->runController(Object(App\Controllers\Lokasi))
11 SYSTEMPATH\CodeIgniter.php(368): CodeIgniter\CodeIgniter->handleRequest(null, Object(Config\Cache), false)
12 FCPATH\index.php(67): CodeIgniter\CodeIgniter->run()
WARNING - 2023-07-14 08:41:44 --> [DEPRECATED] Array and string offset access syntax with curly braces is deprecated in APPPATH\Views\lokasi\v_beranda.php on line 59.
 1 SYSTEMPATH\View\View.php(213): include()
 2 SYSTEMPATH\View\View.php(216): CodeIgniter\View\View->CodeIgniter\View\{closure}()
 3 SYSTEMPATH\Common.php(1184): CodeIgniter\View\View->render('lokasi/v_beranda', [], true)
 4 APPPATH\Views\v_template_front_end.php(128): view('lokasi/v_beranda')
 5 SYSTEMPATH\View\View.php(213): include('APPPATH\\Views\\v_template_front_end.php')
 6 SYSTEMPATH\View\View.php(216): CodeIgniter\View\View->CodeIgniter\View\{closure}()
 7 SYSTEMPATH\Common.php(1184): CodeIgniter\View\View->render('v_template_front_end', [], true)
 8 APPPATH\Controllers\Lokasi.php(263): view('v_template_front_end', [...])
 9 SYSTEMPATH\CodeIgniter.php(934): App\Controllers\Lokasi->beranda()
10 SYSTEMPATH\CodeIgniter.php(499): CodeIgniter\CodeIgniter->runController(Object(App\Controllers\Lokasi))
11 SYSTEMPATH\CodeIgniter.php(368): CodeIgniter\CodeIgniter->handleRequest(null, Object(Config\Cache), false)
12 FCPATH\index.php(67): CodeIgniter\CodeIgniter->run()
WARNING - 2023-07-14 08:41:44 --> [DEPRECATED] Array and string offset access syntax with curly braces is deprecated in APPPATH\Views\lokasi\v_beranda.php on line 61.
 1 SYSTEMPATH\View\View.php(213): include()
 2 SYSTEMPATH\View\View.php(216): CodeIgniter\View\View->CodeIgniter\View\{closure}()
 3 SYSTEMPATH\Common.php(1184): CodeIgniter\View\View->render('lokasi/v_beranda', [], true)
 4 APPPATH\Views\v_template_front_end.php(128): view('lokasi/v_beranda')
 5 SYSTEMPATH\View\View.php(213): include('APPPATH\\Views\\v_template_front_end.php')
 6 SYSTEMPATH\View\View.php(216): CodeIgniter\View\View->CodeIgniter\View\{closure}()
 7 SYSTEMPATH\Common.php(1184): CodeIgniter\View\View->render('v_template_front_end', [], true)
 8 APPPATH\Controllers\Lokasi.php(263): view('v_template_front_end', [...])
 9 SYSTEMPATH\CodeIgniter.php(934): App\Controllers\Lokasi->beranda()
10 SYSTEMPATH\CodeIgniter.php(499): CodeIgniter\CodeIgniter->runController(Object(App\Controllers\Lokasi))
11 SYSTEMPATH\CodeIgniter.php(368): CodeIgniter\CodeIgniter->handleRequest(null, Object(Config\Cache), false)
12 FCPATH\index.php(67): CodeIgniter\CodeIgniter->run()
WARNING - 2023-07-14 08:46:10 --> [DEPRECATED] Array and string offset access syntax with curly braces is deprecated in APPPATH\Views\lokasi\v_beranda.php on line 59.
 1 SYSTEMPATH\View\View.php(213): include()
 2 SYSTEMPATH\View\View.php(216): CodeIgniter\View\View->CodeIgniter\View\{closure}()
 3 SYSTEMPATH\Common.php(1184): CodeIgniter\View\View->render('lokasi/v_beranda', [], true)
 4 APPPATH\Views\v_template_front_end.php(128): view('lokasi/v_beranda')
 5 SYSTEMPATH\View\View.php(213): include('APPPATH\\Views\\v_template_front_end.php')
 6 SYSTEMPATH\View\View.php(216): CodeIgniter\View\View->CodeIgniter\View\{closure}()
 7 SYSTEMPATH\Common.php(1184): CodeIgniter\View\View->render('v_template_front_end', [], true)
 8 APPPATH\Controllers\Lokasi.php(263): view('v_template_front_end', [...])
 9 SYSTEMPATH\CodeIgniter.php(934): App\Controllers\Lokasi->beranda()
10 SYSTEMPATH\CodeIgniter.php(499): CodeIgniter\CodeIgniter->runController(Object(App\Controllers\Lokasi))
11 SYSTEMPATH\CodeIgniter.php(368): CodeIgniter\CodeIgniter->handleRequest(null, Object(Config\Cache), false)
12 FCPATH\index.php(67): CodeIgniter\CodeIgniter->run()
WARNING - 2023-07-14 08:46:10 --> [DEPRECATED] Array and string offset access syntax with curly braces is deprecated in APPPATH\Views\lokasi\v_beranda.php on line 61.
 1 SYSTEMPATH\View\View.php(213): include()
 2 SYSTEMPATH\View\View.php(216): CodeIgniter\View\View->CodeIgniter\View\{closure}()
 3 SYSTEMPATH\Common.php(1184): CodeIgniter\View\View->render('lokasi/v_beranda', [], true)
 4 APPPATH\Views\v_template_front_end.php(128): view('lokasi/v_beranda')
 5 SYSTEMPATH\View\View.php(213): include('APPPATH\\Views\\v_template_front_end.php')
 6 SYSTEMPATH\View\View.php(216): CodeIgniter\View\View->CodeIgniter\View\{closure}()
 7 SYSTEMPATH\Common.php(1184): CodeIgniter\View\View->render('v_template_front_end', [], true)
 8 APPPATH\Controllers\Lokasi.php(263): view('v_template_front_end', [...])
 9 SYSTEMPATH\CodeIgniter.php(934): App\Controllers\Lokasi->beranda()
10 SYSTEMPATH\CodeIgniter.php(499): CodeIgniter\CodeIgniter->runController(Object(App\Controllers\Lokasi))
11 SYSTEMPATH\CodeIgniter.php(368): CodeIgniter\CodeIgniter->handleRequest(null, Object(Config\Cache), false)
12 FCPATH\index.php(67): CodeIgniter\CodeIgniter->run()
INFO - 2023-07-14 08:46:44 --> Session: Class initialized using 'CodeIgniter\Session\Handlers\FileHandler' driver.
INFO - 2023-07-14 08:47:31 --> Session: Class initialized using 'CodeIgniter\Session\Handlers\FileHandler' driver.
INFO - 2023-07-14 08:47:31 --> Session: Class initialized using 'CodeIgniter\Session\Handlers\FileHandler' driver.
WARNING - 2023-07-14 08:47:34 --> [DEPRECATED] Array and string offset access syntax with curly braces is deprecated in APPPATH\Views\lokasi\v_beranda.php on line 59.
 1 SYSTEMPATH\View\View.php(213): include()
 2 SYSTEMPATH\View\View.php(216): CodeIgniter\View\View->CodeIgniter\View\{closure}()
 3 SYSTEMPATH\Common.php(1184): CodeIgniter\View\View->render('lokasi/v_beranda', [], true)
 4 APPPATH\Views\v_template_front_end.php(128): view('lokasi/v_beranda')
 5 SYSTEMPATH\View\View.php(213): include('APPPATH\\Views\\v_template_front_end.php')
 6 SYSTEMPATH\View\View.php(216): CodeIgniter\View\View->CodeIgniter\View\{closure}()
 7 SYSTEMPATH\Common.php(1184): CodeIgniter\View\View->render('v_template_front_end', [], true)
 8 APPPATH\Controllers\Lokasi.php(263): view('v_template_front_end', [...])
 9 SYSTEMPATH\CodeIgniter.php(934): App\Controllers\Lokasi->beranda()
10 SYSTEMPATH\CodeIgniter.php(499): CodeIgniter\CodeIgniter->runController(Object(App\Controllers\Lokasi))
11 SYSTEMPATH\CodeIgniter.php(368): CodeIgniter\CodeIgniter->handleRequest(null, Object(Config\Cache), false)
12 FCPATH\index.php(67): CodeIgniter\CodeIgniter->run()
WARNING - 2023-07-14 08:47:34 --> [DEPRECATED] Array and string offset access syntax with curly braces is deprecated in APPPATH\Views\lokasi\v_beranda.php on line 61.
 1 SYSTEMPATH\View\View.php(213): include()
 2 SYSTEMPATH\View\View.php(216): CodeIgniter\View\View->CodeIgniter\View\{closure}()
 3 SYSTEMPATH\Common.php(1184): CodeIgniter\View\View->render('lokasi/v_beranda', [], true)
 4 APPPATH\Views\v_template_front_end.php(128): view('lokasi/v_beranda')
 5 SYSTEMPATH\View\View.php(213): include('APPPATH\\Views\\v_template_front_end.php')
 6 SYSTEMPATH\View\View.php(216): CodeIgniter\View\View->CodeIgniter\View\{closure}()
 7 SYSTEMPATH\Common.php(1184): CodeIgniter\View\View->render('v_template_front_end', [], true)
 8 APPPATH\Controllers\Lokasi.php(263): view('v_template_front_end', [...])
 9 SYSTEMPATH\CodeIgniter.php(934): App\Controllers\Lokasi->beranda()
10 SYSTEMPATH\CodeIgniter.php(499): CodeIgniter\CodeIgniter->runController(Object(App\Controllers\Lokasi))
11 SYSTEMPATH\CodeIgniter.php(368): CodeIgniter\CodeIgniter->handleRequest(null, Object(Config\Cache), false)
12 FCPATH\index.php(67): CodeIgniter\CodeIgniter->run()
WARNING - 2023-07-14 08:48:25 --> [DEPRECATED] Array and string offset access syntax with curly braces is deprecated in APPPATH\Views\lokasi\v_beranda.php on line 59.
 1 SYSTEMPATH\View\View.php(213): include()
 2 SYSTEMPATH\View\View.php(216): CodeIgniter\View\View->CodeIgniter\View\{closure}()
 3 SYSTEMPATH\Common.php(1184): CodeIgniter\View\View->render('lokasi/v_beranda', [], true)
 4 APPPATH\Views\v_template_front_end.php(128): view('lokasi/v_beranda')
 5 SYSTEMPATH\View\View.php(213): include('APPPATH\\Views\\v_template_front_end.php')
 6 SYSTEMPATH\View\View.php(216): CodeIgniter\View\View->CodeIgniter\View\{closure}()
 7 SYSTEMPATH\Common.php(1184): CodeIgniter\View\View->render('v_template_front_end', [], true)
 8 APPPATH\Controllers\Lokasi.php(263): view('v_template_front_end', [...])
 9 SYSTEMPATH\CodeIgniter.php(934): App\Controllers\Lokasi->beranda()
10 SYSTEMPATH\CodeIgniter.php(499): CodeIgniter\CodeIgniter->runController(Object(App\Controllers\Lokasi))
11 SYSTEMPATH\CodeIgniter.php(368): CodeIgniter\CodeIgniter->handleRequest(null, Object(Config\Cache), false)
12 FCPATH\index.php(67): CodeIgniter\CodeIgniter->run()
WARNING - 2023-07-14 08:48:25 --> [DEPRECATED] Array and string offset access syntax with curly braces is deprecated in APPPATH\Views\lokasi\v_beranda.php on line 61.
 1 SYSTEMPATH\View\View.php(213): include()
 2 SYSTEMPATH\View\View.php(216): CodeIgniter\View\View->CodeIgniter\View\{closure}()
 3 SYSTEMPATH\Common.php(1184): CodeIgniter\View\View->render('lokasi/v_beranda', [], true)
 4 APPPATH\Views\v_template_front_end.php(128): view('lokasi/v_beranda')
 5 SYSTEMPATH\View\View.php(213): include('APPPATH\\Views\\v_template_front_end.php')
 6 SYSTEMPATH\View\View.php(216): CodeIgniter\View\View->CodeIgniter\View\{closure}()
 7 SYSTEMPATH\Common.php(1184): CodeIgniter\View\View->render('v_template_front_end', [], true)
 8 APPPATH\Controllers\Lokasi.php(263): view('v_template_front_end', [...])
 9 SYSTEMPATH\CodeIgniter.php(934): App\Controllers\Lokasi->beranda()
10 SYSTEMPATH\CodeIgniter.php(499): CodeIgniter\CodeIgniter->runController(Object(App\Controllers\Lokasi))
11 SYSTEMPATH\CodeIgniter.php(368): CodeIgniter\CodeIgniter->handleRequest(null, Object(Config\Cache), false)
12 FCPATH\index.php(67): CodeIgniter\CodeIgniter->run()
WARNING - 2023-07-14 08:48:56 --> [DEPRECATED] Array and string offset access syntax with curly braces is deprecated in APPPATH\Views\lokasi\v_beranda.php on line 59.
 1 SYSTEMPATH\View\View.php(213): include()
 2 SYSTEMPATH\View\View.php(216): CodeIgniter\View\View->CodeIgniter\View\{closure}()
 3 SYSTEMPATH\Common.php(1184): CodeIgniter\View\View->render('lokasi/v_beranda', [], true)
 4 APPPATH\Views\v_template_front_end.php(128): view('lokasi/v_beranda')
 5 SYSTEMPATH\View\View.php(213): include('APPPATH\\Views\\v_template_front_end.php')
 6 SYSTEMPATH\View\View.php(216): CodeIgniter\View\View->CodeIgniter\View\{closure}()
 7 SYSTEMPATH\Common.php(1184): CodeIgniter\View\View->render('v_template_front_end', [], true)
 8 APPPATH\Controllers\Lokasi.php(263): view('v_template_front_end', [...])
 9 SYSTEMPATH\CodeIgniter.php(934): App\Controllers\Lokasi->beranda()
10 SYSTEMPATH\CodeIgniter.php(499): CodeIgniter\CodeIgniter->runController(Object(App\Controllers\Lokasi))
11 SYSTEMPATH\CodeIgniter.php(368): CodeIgniter\CodeIgniter->handleRequest(null, Object(Config\Cache), false)
12 FCPATH\index.php(67): CodeIgniter\CodeIgniter->run()
WARNING - 2023-07-14 08:48:56 --> [DEPRECATED] Array and string offset access syntax with curly braces is deprecated in APPPATH\Views\lokasi\v_beranda.php on line 61.
 1 SYSTEMPATH\View\View.php(213): include()
 2 SYSTEMPATH\View\View.php(216): CodeIgniter\View\View->CodeIgniter\View\{closure}()
 3 SYSTEMPATH\Common.php(1184): CodeIgniter\View\View->render('lokasi/v_beranda', [], true)
 4 APPPATH\Views\v_template_front_end.php(128): view('lokasi/v_beranda')
 5 SYSTEMPATH\View\View.php(213): include('APPPATH\\Views\\v_template_front_end.php')
 6 SYSTEMPATH\View\View.php(216): CodeIgniter\View\View->CodeIgniter\View\{closure}()
 7 SYSTEMPATH\Common.php(1184): CodeIgniter\View\View->render('v_template_front_end', [], true)
 8 APPPATH\Controllers\Lokasi.php(263): view('v_template_front_end', [...])
 9 SYSTEMPATH\CodeIgniter.php(934): App\Controllers\Lokasi->beranda()
10 SYSTEMPATH\CodeIgniter.php(499): CodeIgniter\CodeIgniter->runController(Object(App\Controllers\Lokasi))
11 SYSTEMPATH\CodeIgniter.php(368): CodeIgniter\CodeIgniter->handleRequest(null, Object(Config\Cache), false)
12 FCPATH\index.php(67): CodeIgniter\CodeIgniter->run()
WARNING - 2023-07-14 08:50:18 --> [DEPRECATED] Array and string offset access syntax with curly braces is deprecated in APPPATH\Views\lokasi\v_beranda.php on line 59.
 1 SYSTEMPATH\View\View.php(213): include()
 2 SYSTEMPATH\View\View.php(216): CodeIgniter\View\View->CodeIgniter\View\{closure}()
 3 SYSTEMPATH\Common.php(1184): CodeIgniter\View\View->render('lokasi/v_beranda', [], true)
 4 APPPATH\Views\v_template_front_end.php(128): view('lokasi/v_beranda')
 5 SYSTEMPATH\View\View.php(213): include('APPPATH\\Views\\v_template_front_end.php')
 6 SYSTEMPATH\View\View.php(216): CodeIgniter\View\View->CodeIgniter\View\{closure}()
 7 SYSTEMPATH\Common.php(1184): CodeIgniter\View\View->render('v_template_front_end', [], true)
 8 APPPATH\Controllers\Lokasi.php(263): view('v_template_front_end', [...])
 9 SYSTEMPATH\CodeIgniter.php(934): App\Controllers\Lokasi->beranda()
10 SYSTEMPATH\CodeIgniter.php(499): CodeIgniter\CodeIgniter->runController(Object(App\Controllers\Lokasi))
11 SYSTEMPATH\CodeIgniter.php(368): CodeIgniter\CodeIgniter->handleRequest(null, Object(Config\Cache), false)
12 FCPATH\index.php(67): CodeIgniter\CodeIgniter->run()
WARNING - 2023-07-14 08:50:18 --> [DEPRECATED] Array and string offset access syntax with curly braces is deprecated in APPPATH\Views\lokasi\v_beranda.php on line 61.
 1 SYSTEMPATH\View\View.php(213): include()
 2 SYSTEMPATH\View\View.php(216): CodeIgniter\View\View->CodeIgniter\View\{closure}()
 3 SYSTEMPATH\Common.php(1184): CodeIgniter\View\View->render('lokasi/v_beranda', [], true)
 4 APPPATH\Views\v_template_front_end.php(128): view('lokasi/v_beranda')
 5 SYSTEMPATH\View\View.php(213): include('APPPATH\\Views\\v_template_front_end.php')
 6 SYSTEMPATH\View\View.php(216): CodeIgniter\View\View->CodeIgniter\View\{closure}()
 7 SYSTEMPATH\Common.php(1184): CodeIgniter\View\View->render('v_template_front_end', [], true)
 8 APPPATH\Controllers\Lokasi.php(263): view('v_template_front_end', [...])
 9 SYSTEMPATH\CodeIgniter.php(934): App\Controllers\Lokasi->beranda()
10 SYSTEMPATH\CodeIgniter.php(499): CodeIgniter\CodeIgniter->runController(Object(App\Controllers\Lokasi))
11 SYSTEMPATH\CodeIgniter.php(368): CodeIgniter\CodeIgniter->handleRequest(null, Object(Config\Cache), false)
12 FCPATH\index.php(67): CodeIgniter\CodeIgniter->run()
WARNING - 2023-07-14 08:52:02 --> [DEPRECATED] Array and string offset access syntax with curly braces is deprecated in APPPATH\Views\lokasi\v_beranda.php on line 61.
 1 SYSTEMPATH\View\View.php(213): include()
 2 SYSTEMPATH\View\View.php(216): CodeIgniter\View\View->CodeIgniter\View\{closure}()
 3 SYSTEMPATH\Common.php(1184): CodeIgniter\View\View->render('lokasi/v_beranda', [], true)
 4 APPPATH\Views\v_template_front_end.php(128): view('lokasi/v_beranda')
 5 SYSTEMPATH\View\View.php(213): include('APPPATH\\Views\\v_template_front_end.php')
 6 SYSTEMPATH\View\View.php(216): CodeIgniter\View\View->CodeIgniter\View\{closure}()
 7 SYSTEMPATH\Common.php(1184): CodeIgniter\View\View->render('v_template_front_end', [], true)
 8 APPPATH\Controllers\Lokasi.php(263): view('v_template_front_end', [...])
 9 SYSTEMPATH\CodeIgniter.php(934): App\Controllers\Lokasi->beranda()
10 SYSTEMPATH\CodeIgniter.php(499): CodeIgniter\CodeIgniter->runController(Object(App\Controllers\Lokasi))
11 SYSTEMPATH\CodeIgniter.php(368): CodeIgniter\CodeIgniter->handleRequest(null, Object(Config\Cache), false)
12 FCPATH\index.php(67): CodeIgniter\CodeIgniter->run()
WARNING - 2023-07-14 08:52:02 --> [DEPRECATED] Array and string offset access syntax with curly braces is deprecated in APPPATH\Views\lokasi\v_beranda.php on line 63.
 1 SYSTEMPATH\View\View.php(213): include()
 2 SYSTEMPATH\View\View.php(216): CodeIgniter\View\View->CodeIgniter\View\{closure}()
 3 SYSTEMPATH\Common.php(1184): CodeIgniter\View\View->render('lokasi/v_beranda', [], true)
 4 APPPATH\Views\v_template_front_end.php(128): view('lokasi/v_beranda')
 5 SYSTEMPATH\View\View.php(213): include('APPPATH\\Views\\v_template_front_end.php')
 6 SYSTEMPATH\View\View.php(216): CodeIgniter\View\View->CodeIgniter\View\{closure}()
 7 SYSTEMPATH\Common.php(1184): CodeIgniter\View\View->render('v_template_front_end', [], true)
 8 APPPATH\Controllers\Lokasi.php(263): view('v_template_front_end', [...])
 9 SYSTEMPATH\CodeIgniter.php(934): App\Controllers\Lokasi->beranda()
10 SYSTEMPATH\CodeIgniter.php(499): CodeIgniter\CodeIgniter->runController(Object(App\Controllers\Lokasi))
11 SYSTEMPATH\CodeIgniter.php(368): CodeIgniter\CodeIgniter->handleRequest(null, Object(Config\Cache), false)
12 FCPATH\index.php(67): CodeIgniter\CodeIgniter->run()
WARNING - 2023-07-14 08:52:15 --> [DEPRECATED] Array and string offset access syntax with curly braces is deprecated in APPPATH\Views\lokasi\v_beranda.php on line 59.
 1 SYSTEMPATH\View\View.php(213): include()
 2 SYSTEMPATH\View\View.php(216): CodeIgniter\View\View->CodeIgniter\View\{closure}()
 3 SYSTEMPATH\Common.php(1184): CodeIgniter\View\View->render('lokasi/v_beranda', [], true)
 4 APPPATH\Views\v_template_front_end.php(128): view('lokasi/v_beranda')
 5 SYSTEMPATH\View\View.php(213): include('APPPATH\\Views\\v_template_front_end.php')
 6 SYSTEMPATH\View\View.php(216): CodeIgniter\View\View->CodeIgniter\View\{closure}()
 7 SYSTEMPATH\Common.php(1184): CodeIgniter\View\View->render('v_template_front_end', [], true)
 8 APPPATH\Controllers\Lokasi.php(263): view('v_template_front_end', [...])
 9 SYSTEMPATH\CodeIgniter.php(934): App\Controllers\Lokasi->beranda()
10 SYSTEMPATH\CodeIgniter.php(499): CodeIgniter\CodeIgniter->runController(Object(App\Controllers\Lokasi))
11 SYSTEMPATH\CodeIgniter.php(368): CodeIgniter\CodeIgniter->handleRequest(null, Object(Config\Cache), false)
12 FCPATH\index.php(67): CodeIgniter\CodeIgniter->run()
WARNING - 2023-07-14 08:52:15 --> [DEPRECATED] Array and string offset access syntax with curly braces is deprecated in APPPATH\Views\lokasi\v_beranda.php on line 61.
 1 SYSTEMPATH\View\View.php(213): include()
 2 SYSTEMPATH\View\View.php(216): CodeIgniter\View\View->CodeIgniter\View\{closure}()
 3 SYSTEMPATH\Common.php(1184): CodeIgniter\View\View->render('lokasi/v_beranda', [], true)
 4 APPPATH\Views\v_template_front_end.php(128): view('lokasi/v_beranda')
 5 SYSTEMPATH\View\View.php(213): include('APPPATH\\Views\\v_template_front_end.php')
 6 SYSTEMPATH\View\View.php(216): CodeIgniter\View\View->CodeIgniter\View\{closure}()
 7 SYSTEMPATH\Common.php(1184): CodeIgniter\View\View->render('v_template_front_end', [], true)
 8 APPPATH\Controllers\Lokasi.php(263): view('v_template_front_end', [...])
 9 SYSTEMPATH\CodeIgniter.php(934): App\Controllers\Lokasi->beranda()
10 SYSTEMPATH\CodeIgniter.php(499): CodeIgniter\CodeIgniter->runController(Object(App\Controllers\Lokasi))
11 SYSTEMPATH\CodeIgniter.php(368): CodeIgniter\CodeIgniter->handleRequest(null, Object(Config\Cache), false)
12 FCPATH\index.php(67): CodeIgniter\CodeIgniter->run()
WARNING - 2023-07-14 09:00:21 --> [DEPRECATED] Array and string offset access syntax with curly braces is deprecated in APPPATH\Views\lokasi\v_beranda.php on line 59.
 1 SYSTEMPATH\View\View.php(213): include()
 2 SYSTEMPATH\View\View.php(216): CodeIgniter\View\View->CodeIgniter\View\{closure}()
 3 SYSTEMPATH\Common.php(1184): CodeIgniter\View\View->render('lokasi/v_beranda', [], true)
 4 APPPATH\Views\v_template_front_end.php(128): view('lokasi/v_beranda')
 5 SYSTEMPATH\View\View.php(213): include('APPPATH\\Views\\v_template_front_end.php')
 6 SYSTEMPATH\View\View.php(216): CodeIgniter\View\View->CodeIgniter\View\{closure}()
 7 SYSTEMPATH\Common.php(1184): CodeIgniter\View\View->render('v_template_front_end', [], true)
 8 APPPATH\Controllers\Lokasi.php(263): view('v_template_front_end', [...])
 9 SYSTEMPATH\CodeIgniter.php(934): App\Controllers\Lokasi->beranda()
10 SYSTEMPATH\CodeIgniter.php(499): CodeIgniter\CodeIgniter->runController(Object(App\Controllers\Lokasi))
11 SYSTEMPATH\CodeIgniter.php(368): CodeIgniter\CodeIgniter->handleRequest(null, Object(Config\Cache), false)
12 FCPATH\index.php(67): CodeIgniter\CodeIgniter->run()
WARNING - 2023-07-14 09:00:21 --> [DEPRECATED] Array and string offset access syntax with curly braces is deprecated in APPPATH\Views\lokasi\v_beranda.php on line 61.
 1 SYSTEMPATH\View\View.php(213): include()
 2 SYSTEMPATH\View\View.php(216): CodeIgniter\View\View->CodeIgniter\View\{closure}()
 3 SYSTEMPATH\Common.php(1184): CodeIgniter\View\View->render('lokasi/v_beranda', [], true)
 4 APPPATH\Views\v_template_front_end.php(128): view('lokasi/v_beranda')
 5 SYSTEMPATH\View\View.php(213): include('APPPATH\\Views\\v_template_front_end.php')
 6 SYSTEMPATH\View\View.php(216): CodeIgniter\View\View->CodeIgniter\View\{closure}()
 7 SYSTEMPATH\Common.php(1184): CodeIgniter\View\View->render('v_template_front_end', [], true)
 8 APPPATH\Controllers\Lokasi.php(263): view('v_template_front_end', [...])
 9 SYSTEMPATH\CodeIgniter.php(934): App\Controllers\Lokasi->beranda()
10 SYSTEMPATH\CodeIgniter.php(499): CodeIgniter\CodeIgniter->runController(Object(App\Controllers\Lokasi))
11 SYSTEMPATH\CodeIgniter.php(368): CodeIgniter\CodeIgniter->handleRequest(null, Object(Config\Cache), false)
12 FCPATH\index.php(67): CodeIgniter\CodeIgniter->run()
WARNING - 2023-07-14 09:02:31 --> [DEPRECATED] Array and string offset access syntax with curly braces is deprecated in APPPATH\Views\lokasi\v_beranda.php on line 59.
 1 SYSTEMPATH\View\View.php(213): include()
 2 SYSTEMPATH\View\View.php(216): CodeIgniter\View\View->CodeIgniter\View\{closure}()
 3 SYSTEMPATH\Common.php(1184): CodeIgniter\View\View->render('lokasi/v_beranda', [], true)
 4 APPPATH\Views\v_template_front_end.php(128): view('lokasi/v_beranda')
 5 SYSTEMPATH\View\View.php(213): include('APPPATH\\Views\\v_template_front_end.php')
 6 SYSTEMPATH\View\View.php(216): CodeIgniter\View\View->CodeIgniter\View\{closure}()
 7 SYSTEMPATH\Common.php(1184): CodeIgniter\View\View->render('v_template_front_end', [], true)
 8 APPPATH\Controllers\Lokasi.php(263): view('v_template_front_end', [...])
 9 SYSTEMPATH\CodeIgniter.php(934): App\Controllers\Lokasi->beranda()
10 SYSTEMPATH\CodeIgniter.php(499): CodeIgniter\CodeIgniter->runController(Object(App\Controllers\Lokasi))
11 SYSTEMPATH\CodeIgniter.php(368): CodeIgniter\CodeIgniter->handleRequest(null, Object(Config\Cache), false)
12 FCPATH\index.php(67): CodeIgniter\CodeIgniter->run()
WARNING - 2023-07-14 09:02:31 --> [DEPRECATED] Array and string offset access syntax with curly braces is deprecated in APPPATH\Views\lokasi\v_beranda.php on line 61.
 1 SYSTEMPATH\View\View.php(213): include()
 2 SYSTEMPATH\View\View.php(216): CodeIgniter\View\View->CodeIgniter\View\{closure}()
 3 SYSTEMPATH\Common.php(1184): CodeIgniter\View\View->render('lokasi/v_beranda', [], true)
 4 APPPATH\Views\v_template_front_end.php(128): view('lokasi/v_beranda')
 5 SYSTEMPATH\View\View.php(213): include('APPPATH\\Views\\v_template_front_end.php')
 6 SYSTEMPATH\View\View.php(216): CodeIgniter\View\View->CodeIgniter\View\{closure}()
 7 SYSTEMPATH\Common.php(1184): CodeIgniter\View\View->render('v_template_front_end', [], true)
 8 APPPATH\Controllers\Lokasi.php(263): view('v_template_front_end', [...])
 9 SYSTEMPATH\CodeIgniter.php(934): App\Controllers\Lokasi->beranda()
10 SYSTEMPATH\CodeIgniter.php(499): CodeIgniter\CodeIgniter->runController(Object(App\Controllers\Lokasi))
11 SYSTEMPATH\CodeIgniter.php(368): CodeIgniter\CodeIgniter->handleRequest(null, Object(Config\Cache), false)
12 FCPATH\index.php(67): CodeIgniter\CodeIgniter->run()
WARNING - 2023-07-14 09:04:51 --> [DEPRECATED] Array and string offset access syntax with curly braces is deprecated in APPPATH\Views\lokasi\v_beranda.php on line 59.
 1 SYSTEMPATH\View\View.php(213): include()
 2 SYSTEMPATH\View\View.php(216): CodeIgniter\View\View->CodeIgniter\View\{closure}()
 3 SYSTEMPATH\Common.php(1184): CodeIgniter\View\View->render('lokasi/v_beranda', [], true)
 4 APPPATH\Views\v_template_front_end.php(128): view('lokasi/v_beranda')
 5 SYSTEMPATH\View\View.php(213): include('APPPATH\\Views\\v_template_front_end.php')
 6 SYSTEMPATH\View\View.php(216): CodeIgniter\View\View->CodeIgniter\View\{closure}()
 7 SYSTEMPATH\Common.php(1184): CodeIgniter\View\View->render('v_template_front_end', [], true)
 8 APPPATH\Controllers\Lokasi.php(263): view('v_template_front_end', [...])
 9 SYSTEMPATH\CodeIgniter.php(934): App\Controllers\Lokasi->beranda()
10 SYSTEMPATH\CodeIgniter.php(499): CodeIgniter\CodeIgniter->runController(Object(App\Controllers\Lokasi))
11 SYSTEMPATH\CodeIgniter.php(368): CodeIgniter\CodeIgniter->handleRequest(null, Object(Config\Cache), false)
12 FCPATH\index.php(67): CodeIgniter\CodeIgniter->run()
WARNING - 2023-07-14 09:04:51 --> [DEPRECATED] Array and string offset access syntax with curly braces is deprecated in APPPATH\Views\lokasi\v_beranda.php on line 61.
 1 SYSTEMPATH\View\View.php(213): include()
 2 SYSTEMPATH\View\View.php(216): CodeIgniter\View\View->CodeIgniter\View\{closure}()
 3 SYSTEMPATH\Common.php(1184): CodeIgniter\View\View->render('lokasi/v_beranda', [], true)
 4 APPPATH\Views\v_template_front_end.php(128): view('lokasi/v_beranda')
 5 SYSTEMPATH\View\View.php(213): include('APPPATH\\Views\\v_template_front_end.php')
 6 SYSTEMPATH\View\View.php(216): CodeIgniter\View\View->CodeIgniter\View\{closure}()
 7 SYSTEMPATH\Common.php(1184): CodeIgniter\View\View->render('v_template_front_end', [], true)
 8 APPPATH\Controllers\Lokasi.php(263): view('v_template_front_end', [...])
 9 SYSTEMPATH\CodeIgniter.php(934): App\Controllers\Lokasi->beranda()
10 SYSTEMPATH\CodeIgniter.php(499): CodeIgniter\CodeIgniter->runController(Object(App\Controllers\Lokasi))
11 SYSTEMPATH\CodeIgniter.php(368): CodeIgniter\CodeIgniter->handleRequest(null, Object(Config\Cache), false)
12 FCPATH\index.php(67): CodeIgniter\CodeIgniter->run()
WARNING - 2023-07-14 09:06:20 --> [DEPRECATED] Array and string offset access syntax with curly braces is deprecated in APPPATH\Views\lokasi\v_beranda.php on line 59.
 1 SYSTEMPATH\View\View.php(213): include()
 2 SYSTEMPATH\View\View.php(216): CodeIgniter\View\View->CodeIgniter\View\{closure}()
 3 SYSTEMPATH\Common.php(1184): CodeIgniter\View\View->render('lokasi/v_beranda', [], true)
 4 APPPATH\Views\v_template_front_end.php(128): view('lokasi/v_beranda')
 5 SYSTEMPATH\View\View.php(213): include('APPPATH\\Views\\v_template_front_end.php')
 6 SYSTEMPATH\View\View.php(216): CodeIgniter\View\View->CodeIgniter\View\{closure}()
 7 SYSTEMPATH\Common.php(1184): CodeIgniter\View\View->render('v_template_front_end', [], true)
 8 APPPATH\Controllers\Lokasi.php(263): view('v_template_front_end', [...])
 9 SYSTEMPATH\CodeIgniter.php(934): App\Controllers\Lokasi->beranda()
10 SYSTEMPATH\CodeIgniter.php(499): CodeIgniter\CodeIgniter->runController(Object(App\Controllers\Lokasi))
11 SYSTEMPATH\CodeIgniter.php(368): CodeIgniter\CodeIgniter->handleRequest(null, Object(Config\Cache), false)
12 FCPATH\index.php(67): CodeIgniter\CodeIgniter->run()
WARNING - 2023-07-14 09:06:20 --> [DEPRECATED] Array and string offset access syntax with curly braces is deprecated in APPPATH\Views\lokasi\v_beranda.php on line 61.
 1 SYSTEMPATH\View\View.php(213): include()
 2 SYSTEMPATH\View\View.php(216): CodeIgniter\View\View->CodeIgniter\View\{closure}()
 3 SYSTEMPATH\Common.php(1184): CodeIgniter\View\View->render('lokasi/v_beranda', [], true)
 4 APPPATH\Views\v_template_front_end.php(128): view('lokasi/v_beranda')
 5 SYSTEMPATH\View\View.php(213): include('APPPATH\\Views\\v_template_front_end.php')
 6 SYSTEMPATH\View\View.php(216): CodeIgniter\View\View->CodeIgniter\View\{closure}()
 7 SYSTEMPATH\Common.php(1184): CodeIgniter\View\View->render('v_template_front_end', [], true)
 8 APPPATH\Controllers\Lokasi.php(263): view('v_template_front_end', [...])
 9 SYSTEMPATH\CodeIgniter.php(934): App\Controllers\Lokasi->beranda()
10 SYSTEMPATH\CodeIgniter.php(499): CodeIgniter\CodeIgniter->runController(Object(App\Controllers\Lokasi))
11 SYSTEMPATH\CodeIgniter.php(368): CodeIgniter\CodeIgniter->handleRequest(null, Object(Config\Cache), false)
12 FCPATH\index.php(67): CodeIgniter\CodeIgniter->run()
WARNING - 2023-07-14 09:06:37 --> [DEPRECATED] Array and string offset access syntax with curly braces is deprecated in APPPATH\Views\lokasi\v_beranda.php on line 59.
 1 SYSTEMPATH\View\View.php(213): include()
 2 SYSTEMPATH\View\View.php(216): CodeIgniter\View\View->CodeIgniter\View\{closure}()
 3 SYSTEMPATH\Common.php(1184): CodeIgniter\View\View->render('lokasi/v_beranda', [], true)
 4 APPPATH\Views\v_template_front_end.php(128): view('lokasi/v_beranda')
 5 SYSTEMPATH\View\View.php(213): include('APPPATH\\Views\\v_template_front_end.php')
 6 SYSTEMPATH\View\View.php(216): CodeIgniter\View\View->CodeIgniter\View\{closure}()
 7 SYSTEMPATH\Common.php(1184): CodeIgniter\View\View->render('v_template_front_end', [], true)
 8 APPPATH\Controllers\Lokasi.php(263): view('v_template_front_end', [...])
 9 SYSTEMPATH\CodeIgniter.php(934): App\Controllers\Lokasi->beranda()
10 SYSTEMPATH\CodeIgniter.php(499): CodeIgniter\CodeIgniter->runController(Object(App\Controllers\Lokasi))
11 SYSTEMPATH\CodeIgniter.php(368): CodeIgniter\CodeIgniter->handleRequest(null, Object(Config\Cache), false)
12 FCPATH\index.php(67): CodeIgniter\CodeIgniter->run()
WARNING - 2023-07-14 09:06:37 --> [DEPRECATED] Array and string offset access syntax with curly braces is deprecated in APPPATH\Views\lokasi\v_beranda.php on line 61.
 1 SYSTEMPATH\View\View.php(213): include()
 2 SYSTEMPATH\View\View.php(216): CodeIgniter\View\View->CodeIgniter\View\{closure}()
 3 SYSTEMPATH\Common.php(1184): CodeIgniter\View\View->render('lokasi/v_beranda', [], true)
 4 APPPATH\Views\v_template_front_end.php(128): view('lokasi/v_beranda')
 5 SYSTEMPATH\View\View.php(213): include('APPPATH\\Views\\v_template_front_end.php')
 6 SYSTEMPATH\View\View.php(216): CodeIgniter\View\View->CodeIgniter\View\{closure}()
 7 SYSTEMPATH\Common.php(1184): CodeIgniter\View\View->render('v_template_front_end', [], true)
 8 APPPATH\Controllers\Lokasi.php(263): view('v_template_front_end', [...])
 9 SYSTEMPATH\CodeIgniter.php(934): App\Controllers\Lokasi->beranda()
10 SYSTEMPATH\CodeIgniter.php(499): CodeIgniter\CodeIgniter->runController(Object(App\Controllers\Lokasi))
11 SYSTEMPATH\CodeIgniter.php(368): CodeIgniter\CodeIgniter->handleRequest(null, Object(Config\Cache), false)
12 FCPATH\index.php(67): CodeIgniter\CodeIgniter->run()
WARNING - 2023-07-14 09:07:22 --> [DEPRECATED] Array and string offset access syntax with curly braces is deprecated in APPPATH\Views\lokasi\v_beranda.php on line 59.
 1 SYSTEMPATH\View\View.php(213): include()
 2 SYSTEMPATH\View\View.php(216): CodeIgniter\View\View->CodeIgniter\View\{closure}()
 3 SYSTEMPATH\Common.php(1184): CodeIgniter\View\View->render('lokasi/v_beranda', [], true)
 4 APPPATH\Views\v_template_front_end.php(128): view('lokasi/v_beranda')
 5 SYSTEMPATH\View\View.php(213): include('APPPATH\\Views\\v_template_front_end.php')
 6 SYSTEMPATH\View\View.php(216): CodeIgniter\View\View->CodeIgniter\View\{closure}()
 7 SYSTEMPATH\Common.php(1184): CodeIgniter\View\View->render('v_template_front_end', [], true)
 8 APPPATH\Controllers\Lokasi.php(263): view('v_template_front_end', [...])
 9 SYSTEMPATH\CodeIgniter.php(934): App\Controllers\Lokasi->beranda()
10 SYSTEMPATH\CodeIgniter.php(499): CodeIgniter\CodeIgniter->runController(Object(App\Controllers\Lokasi))
11 SYSTEMPATH\CodeIgniter.php(368): CodeIgniter\CodeIgniter->handleRequest(null, Object(Config\Cache), false)
12 FCPATH\index.php(67): CodeIgniter\CodeIgniter->run()
WARNING - 2023-07-14 09:07:22 --> [DEPRECATED] Array and string offset access syntax with curly braces is deprecated in APPPATH\Views\lokasi\v_beranda.php on line 61.
 1 SYSTEMPATH\View\View.php(213): include()
 2 SYSTEMPATH\View\View.php(216): CodeIgniter\View\View->CodeIgniter\View\{closure}()
 3 SYSTEMPATH\Common.php(1184): CodeIgniter\View\View->render('lokasi/v_beranda', [], true)
 4 APPPATH\Views\v_template_front_end.php(128): view('lokasi/v_beranda')
 5 SYSTEMPATH\View\View.php(213): include('APPPATH\\Views\\v_template_front_end.php')
 6 SYSTEMPATH\View\View.php(216): CodeIgniter\View\View->CodeIgniter\View\{closure}()
 7 SYSTEMPATH\Common.php(1184): CodeIgniter\View\View->render('v_template_front_end', [], true)
 8 APPPATH\Controllers\Lokasi.php(263): view('v_template_front_end', [...])
 9 SYSTEMPATH\CodeIgniter.php(934): App\Controllers\Lokasi->beranda()
10 SYSTEMPATH\CodeIgniter.php(499): CodeIgniter\CodeIgniter->runController(Object(App\Controllers\Lokasi))
11 SYSTEMPATH\CodeIgniter.php(368): CodeIgniter\CodeIgniter->handleRequest(null, Object(Config\Cache), false)
12 FCPATH\index.php(67): CodeIgniter\CodeIgniter->run()
INFO - 2023-07-14 09:07:45 --> Session: Class initialized using 'CodeIgniter\Session\Handlers\FileHandler' driver.
WARNING - 2023-07-14 09:08:29 --> [DEPRECATED] Array and string offset access syntax with curly braces is deprecated in APPPATH\Views\lokasi\v_beranda.php on line 59.
 1 SYSTEMPATH\View\View.php(213): include()
 2 SYSTEMPATH\View\View.php(216): CodeIgniter\View\View->CodeIgniter\View\{closure}()
 3 SYSTEMPATH\Common.php(1184): CodeIgniter\View\View->render('lokasi/v_beranda', [], true)
 4 APPPATH\Views\v_template_front_end.php(128): view('lokasi/v_beranda')
 5 SYSTEMPATH\View\View.php(213): include('APPPATH\\Views\\v_template_front_end.php')
 6 SYSTEMPATH\View\View.php(216): CodeIgniter\View\View->CodeIgniter\View\{closure}()
 7 SYSTEMPATH\Common.php(1184): CodeIgniter\View\View->render('v_template_front_end', [], true)
 8 APPPATH\Controllers\Lokasi.php(263): view('v_template_front_end', [...])
 9 SYSTEMPATH\CodeIgniter.php(934): App\Controllers\Lokasi->beranda()
10 SYSTEMPATH\CodeIgniter.php(499): CodeIgniter\CodeIgniter->runController(Object(App\Controllers\Lokasi))
11 SYSTEMPATH\CodeIgniter.php(368): CodeIgniter\CodeIgniter->handleRequest(null, Object(Config\Cache), false)
12 FCPATH\index.php(67): CodeIgniter\CodeIgniter->run()
WARNING - 2023-07-14 09:08:29 --> [DEPRECATED] Array and string offset access syntax with curly braces is deprecated in APPPATH\Views\lokasi\v_beranda.php on line 61.
 1 SYSTEMPATH\View\View.php(213): include()
 2 SYSTEMPATH\View\View.php(216): CodeIgniter\View\View->CodeIgniter\View\{closure}()
 3 SYSTEMPATH\Common.php(1184): CodeIgniter\View\View->render('lokasi/v_beranda', [], true)
 4 APPPATH\Views\v_template_front_end.php(128): view('lokasi/v_beranda')
 5 SYSTEMPATH\View\View.php(213): include('APPPATH\\Views\\v_template_front_end.php')
 6 SYSTEMPATH\View\View.php(216): CodeIgniter\View\View->CodeIgniter\View\{closure}()
 7 SYSTEMPATH\Common.php(1184): CodeIgniter\View\View->render('v_template_front_end', [], true)
 8 APPPATH\Controllers\Lokasi.php(263): view('v_template_front_end', [...])
 9 SYSTEMPATH\CodeIgniter.php(934): App\Controllers\Lokasi->beranda()
10 SYSTEMPATH\CodeIgniter.php(499): CodeIgniter\CodeIgniter->runController(Object(App\Controllers\Lokasi))
11 SYSTEMPATH\CodeIgniter.php(368): CodeIgniter\CodeIgniter->handleRequest(null, Object(Config\Cache), false)
12 FCPATH\index.php(67): CodeIgniter\CodeIgniter->run()
WARNING - 2023-07-14 09:08:31 --> [DEPRECATED] Array and string offset access syntax with curly braces is deprecated in APPPATH\Views\lokasi\v_beranda.php on line 59.
 1 SYSTEMPATH\View\View.php(213): include()
 2 SYSTEMPATH\View\View.php(216): CodeIgniter\View\View->CodeIgniter\View\{closure}()
 3 SYSTEMPATH\Common.php(1184): CodeIgniter\View\View->render('lokasi/v_beranda', [], true)
 4 APPPATH\Views\v_template_front_end.php(128): view('lokasi/v_beranda')
 5 SYSTEMPATH\View\View.php(213): include('APPPATH\\Views\\v_template_front_end.php')
 6 SYSTEMPATH\View\View.php(216): CodeIgniter\View\View->CodeIgniter\View\{closure}()
 7 SYSTEMPATH\Common.php(1184): CodeIgniter\View\View->render('v_template_front_end', [], true)
 8 APPPATH\Controllers\Lokasi.php(263): view('v_template_front_end', [...])
 9 SYSTEMPATH\CodeIgniter.php(934): App\Controllers\Lokasi->beranda()
10 SYSTEMPATH\CodeIgniter.php(499): CodeIgniter\CodeIgniter->runController(Object(App\Controllers\Lokasi))
11 SYSTEMPATH\CodeIgniter.php(368): CodeIgniter\CodeIgniter->handleRequest(null, Object(Config\Cache), false)
12 FCPATH\index.php(67): CodeIgniter\CodeIgniter->run()
WARNING - 2023-07-14 09:08:31 --> [DEPRECATED] Array and string offset access syntax with curly braces is deprecated in APPPATH\Views\lokasi\v_beranda.php on line 61.
 1 SYSTEMPATH\View\View.php(213): include()
 2 SYSTEMPATH\View\View.php(216): CodeIgniter\View\View->CodeIgniter\View\{closure}()
 3 SYSTEMPATH\Common.php(1184): CodeIgniter\View\View->render('lokasi/v_beranda', [], true)
 4 APPPATH\Views\v_template_front_end.php(128): view('lokasi/v_beranda')
 5 SYSTEMPATH\View\View.php(213): include('APPPATH\\Views\\v_template_front_end.php')
 6 SYSTEMPATH\View\View.php(216): CodeIgniter\View\View->CodeIgniter\View\{closure}()
 7 SYSTEMPATH\Common.php(1184): CodeIgniter\View\View->render('v_template_front_end', [], true)
 8 APPPATH\Controllers\Lokasi.php(263): view('v_template_front_end', [...])
 9 SYSTEMPATH\CodeIgniter.php(934): App\Controllers\Lokasi->beranda()
10 SYSTEMPATH\CodeIgniter.php(499): CodeIgniter\CodeIgniter->runController(Object(App\Controllers\Lokasi))
11 SYSTEMPATH\CodeIgniter.php(368): CodeIgniter\CodeIgniter->handleRequest(null, Object(Config\Cache), false)
12 FCPATH\index.php(67): CodeIgniter\CodeIgniter->run()
WARNING - 2023-07-14 23:32:41 --> [DEPRECATED] Array and string offset access syntax with curly braces is deprecated in APPPATH\Views\lokasi\v_beranda.php on line 59.
 1 SYSTEMPATH\View\View.php(213): include()
 2 SYSTEMPATH\View\View.php(216): CodeIgniter\View\View->CodeIgniter\View\{closure}()
 3 SYSTEMPATH\Common.php(1184): CodeIgniter\View\View->render('lokasi/v_beranda', [], true)
 4 APPPATH\Views\v_template_front_end.php(128): view('lokasi/v_beranda')
 5 SYSTEMPATH\View\View.php(213): include('APPPATH\\Views\\v_template_front_end.php')
 6 SYSTEMPATH\View\View.php(216): CodeIgniter\View\View->CodeIgniter\View\{closure}()
 7 SYSTEMPATH\Common.php(1184): CodeIgniter\View\View->render('v_template_front_end', [], true)
 8 APPPATH\Controllers\Lokasi.php(263): view('v_template_front_end', [...])
 9 SYSTEMPATH\CodeIgniter.php(934): App\Controllers\Lokasi->beranda()
10 SYSTEMPATH\CodeIgniter.php(499): CodeIgniter\CodeIgniter->runController(Object(App\Controllers\Lokasi))
11 SYSTEMPATH\CodeIgniter.php(368): CodeIgniter\CodeIgniter->handleRequest(null, Object(Config\Cache), false)
12 FCPATH\index.php(67): CodeIgniter\CodeIgniter->run()
WARNING - 2023-07-14 23:32:41 --> [DEPRECATED] Array and string offset access syntax with curly braces is deprecated in APPPATH\Views\lokasi\v_beranda.php on line 61.
 1 SYSTEMPATH\View\View.php(213): include()
 2 SYSTEMPATH\View\View.php(216): CodeIgniter\View\View->CodeIgniter\View\{closure}()
 3 SYSTEMPATH\Common.php(1184): CodeIgniter\View\View->render('lokasi/v_beranda', [], true)
 4 APPPATH\Views\v_template_front_end.php(128): view('lokasi/v_beranda')
 5 SYSTEMPATH\View\View.php(213): include('APPPATH\\Views\\v_template_front_end.php')
 6 SYSTEMPATH\View\View.php(216): CodeIgniter\View\View->CodeIgniter\View\{closure}()
 7 SYSTEMPATH\Common.php(1184): CodeIgniter\View\View->render('v_template_front_end', [], true)
 8 APPPATH\Controllers\Lokasi.php(263): view('v_template_front_end', [...])
 9 SYSTEMPATH\CodeIgniter.php(934): App\Controllers\Lokasi->beranda()
10 SYSTEMPATH\CodeIgniter.php(499): CodeIgniter\CodeIgniter->runController(Object(App\Controllers\Lokasi))
11 SYSTEMPATH\CodeIgniter.php(368): CodeIgniter\CodeIgniter->handleRequest(null, Object(Config\Cache), false)
12 FCPATH\index.php(67): CodeIgniter\CodeIgniter->run()
WARNING - 2023-07-14 23:34:45 --> [DEPRECATED] Array and string offset access syntax with curly braces is deprecated in APPPATH\Views\lokasi\v_beranda.php on line 59.
 1 SYSTEMPATH\View\View.php(213): include()
 2 SYSTEMPATH\View\View.php(216): CodeIgniter\View\View->CodeIgniter\View\{closure}()
 3 SYSTEMPATH\Common.php(1184): CodeIgniter\View\View->render('lokasi/v_beranda', [], true)
 4 APPPATH\Views\v_template_front_end.php(128): view('lokasi/v_beranda')
 5 SYSTEMPATH\View\View.php(213): include('APPPATH\\Views\\v_template_front_end.php')
 6 SYSTEMPATH\View\View.php(216): CodeIgniter\View\View->CodeIgniter\View\{closure}()
 7 SYSTEMPATH\Common.php(1184): CodeIgniter\View\View->render('v_template_front_end', [], true)
 8 APPPATH\Controllers\Lokasi.php(263): view('v_template_front_end', [...])
 9 SYSTEMPATH\CodeIgniter.php(934): App\Controllers\Lokasi->beranda()
10 SYSTEMPATH\CodeIgniter.php(499): CodeIgniter\CodeIgniter->runController(Object(App\Controllers\Lokasi))
11 SYSTEMPATH\CodeIgniter.php(368): CodeIgniter\CodeIgniter->handleRequest(null, Object(Config\Cache), false)
12 FCPATH\index.php(67): CodeIgniter\CodeIgniter->run()
WARNING - 2023-07-14 23:34:45 --> [DEPRECATED] Array and string offset access syntax with curly braces is deprecated in APPPATH\Views\lokasi\v_beranda.php on line 61.
 1 SYSTEMPATH\View\View.php(213): include()
 2 SYSTEMPATH\View\View.php(216): CodeIgniter\View\View->CodeIgniter\View\{closure}()
 3 SYSTEMPATH\Common.php(1184): CodeIgniter\View\View->render('lokasi/v_beranda', [], true)
 4 APPPATH\Views\v_template_front_end.php(128): view('lokasi/v_beranda')
 5 SYSTEMPATH\View\View.php(213): include('APPPATH\\Views\\v_template_front_end.php')
 6 SYSTEMPATH\View\View.php(216): CodeIgniter\View\View->CodeIgniter\View\{closure}()
 7 SYSTEMPATH\Common.php(1184): CodeIgniter\View\View->render('v_template_front_end', [], true)
 8 APPPATH\Controllers\Lokasi.php(263): view('v_template_front_end', [...])
 9 SYSTEMPATH\CodeIgniter.php(934): App\Controllers\Lokasi->beranda()
10 SYSTEMPATH\CodeIgniter.php(499): CodeIgniter\CodeIgniter->runController(Object(App\Controllers\Lokasi))
11 SYSTEMPATH\CodeIgniter.php(368): CodeIgniter\CodeIgniter->handleRequest(null, Object(Config\Cache), false)
12 FCPATH\index.php(67): CodeIgniter\CodeIgniter->run()
WARNING - 2023-07-14 23:35:10 --> [DEPRECATED] Array and string offset access syntax with curly braces is deprecated in APPPATH\Views\lokasi\v_beranda.php on line 59.
 1 SYSTEMPATH\View\View.php(213): include()
 2 SYSTEMPATH\View\View.php(216): CodeIgniter\View\View->CodeIgniter\View\{closure}()
 3 SYSTEMPATH\Common.php(1184): CodeIgniter\View\View->render('lokasi/v_beranda', [], true)
 4 APPPATH\Views\v_template_front_end.php(128): view('lokasi/v_beranda')
 5 SYSTEMPATH\View\View.php(213): include('APPPATH\\Views\\v_template_front_end.php')
 6 SYSTEMPATH\View\View.php(216): CodeIgniter\View\View->CodeIgniter\View\{closure}()
 7 SYSTEMPATH\Common.php(1184): CodeIgniter\View\View->render('v_template_front_end', [], true)
 8 APPPATH\Controllers\Lokasi.php(263): view('v_template_front_end', [...])
 9 SYSTEMPATH\CodeIgniter.php(934): App\Controllers\Lokasi->beranda()
10 SYSTEMPATH\CodeIgniter.php(499): CodeIgniter\CodeIgniter->runController(Object(App\Controllers\Lokasi))
11 SYSTEMPATH\CodeIgniter.php(368): CodeIgniter\CodeIgniter->handleRequest(null, Object(Config\Cache), false)
12 FCPATH\index.php(67): CodeIgniter\CodeIgniter->run()
WARNING - 2023-07-14 23:35:10 --> [DEPRECATED] Array and string offset access syntax with curly braces is deprecated in APPPATH\Views\lokasi\v_beranda.php on line 61.
 1 SYSTEMPATH\View\View.php(213): include()
 2 SYSTEMPATH\View\View.php(216): CodeIgniter\View\View->CodeIgniter\View\{closure}()
 3 SYSTEMPATH\Common.php(1184): CodeIgniter\View\View->render('lokasi/v_beranda', [], true)
 4 APPPATH\Views\v_template_front_end.php(128): view('lokasi/v_beranda')
 5 SYSTEMPATH\View\View.php(213): include('APPPATH\\Views\\v_template_front_end.php')
 6 SYSTEMPATH\View\View.php(216): CodeIgniter\View\View->CodeIgniter\View\{closure}()
 7 SYSTEMPATH\Common.php(1184): CodeIgniter\View\View->render('v_template_front_end', [], true)
 8 APPPATH\Controllers\Lokasi.php(263): view('v_template_front_end', [...])
 9 SYSTEMPATH\CodeIgniter.php(934): App\Controllers\Lokasi->beranda()
10 SYSTEMPATH\CodeIgniter.php(499): CodeIgniter\CodeIgniter->runController(Object(App\Controllers\Lokasi))
11 SYSTEMPATH\CodeIgniter.php(368): CodeIgniter\CodeIgniter->handleRequest(null, Object(Config\Cache), false)
12 FCPATH\index.php(67): CodeIgniter\CodeIgniter->run()
WARNING - 2023-07-14 23:39:46 --> [DEPRECATED] Array and string offset access syntax with curly braces is deprecated in APPPATH\Views\lokasi\v_beranda.php on line 59.
 1 SYSTEMPATH\View\View.php(213): include()
 2 SYSTEMPATH\View\View.php(216): CodeIgniter\View\View->CodeIgniter\View\{closure}()
 3 SYSTEMPATH\Common.php(1184): CodeIgniter\View\View->render('lokasi/v_beranda', [], true)
 4 APPPATH\Views\v_template_front_end.php(128): view('lokasi/v_beranda')
 5 SYSTEMPATH\View\View.php(213): include('APPPATH\\Views\\v_template_front_end.php')
 6 SYSTEMPATH\View\View.php(216): CodeIgniter\View\View->CodeIgniter\View\{closure}()
 7 SYSTEMPATH\Common.php(1184): CodeIgniter\View\View->render('v_template_front_end', [], true)
 8 APPPATH\Controllers\Lokasi.php(263): view('v_template_front_end', [...])
 9 SYSTEMPATH\CodeIgniter.php(934): App\Controllers\Lokasi->beranda()
10 SYSTEMPATH\CodeIgniter.php(499): CodeIgniter\CodeIgniter->runController(Object(App\Controllers\Lokasi))
11 SYSTEMPATH\CodeIgniter.php(368): CodeIgniter\CodeIgniter->handleRequest(null, Object(Config\Cache), false)
12 FCPATH\index.php(67): CodeIgniter\CodeIgniter->run()
WARNING - 2023-07-14 23:39:46 --> [DEPRECATED] Array and string offset access syntax with curly braces is deprecated in APPPATH\Views\lokasi\v_beranda.php on line 61.
 1 SYSTEMPATH\View\View.php(213): include()
 2 SYSTEMPATH\View\View.php(216): CodeIgniter\View\View->CodeIgniter\View\{closure}()
 3 SYSTEMPATH\Common.php(1184): CodeIgniter\View\View->render('lokasi/v_beranda', [], true)
 4 APPPATH\Views\v_template_front_end.php(128): view('lokasi/v_beranda')
 5 SYSTEMPATH\View\View.php(213): include('APPPATH\\Views\\v_template_front_end.php')
 6 SYSTEMPATH\View\View.php(216): CodeIgniter\View\View->CodeIgniter\View\{closure}()
 7 SYSTEMPATH\Common.php(1184): CodeIgniter\View\View->render('v_template_front_end', [], true)
 8 APPPATH\Controllers\Lokasi.php(263): view('v_template_front_end', [...])
 9 SYSTEMPATH\CodeIgniter.php(934): App\Controllers\Lokasi->beranda()
10 SYSTEMPATH\CodeIgniter.php(499): CodeIgniter\CodeIgniter->runController(Object(App\Controllers\Lokasi))
11 SYSTEMPATH\CodeIgniter.php(368): CodeIgniter\CodeIgniter->handleRequest(null, Object(Config\Cache), false)
12 FCPATH\index.php(67): CodeIgniter\CodeIgniter->run()
WARNING - 2023-07-14 23:40:40 --> [DEPRECATED] Array and string offset access syntax with curly braces is deprecated in APPPATH\Views\lokasi\v_beranda.php on line 59.
 1 SYSTEMPATH\View\View.php(213): include()
 2 SYSTEMPATH\View\View.php(216): CodeIgniter\View\View->CodeIgniter\View\{closure}()
 3 SYSTEMPATH\Common.php(1184): CodeIgniter\View\View->render('lokasi/v_beranda', [], true)
 4 APPPATH\Views\v_template_front_end.php(128): view('lokasi/v_beranda')
 5 SYSTEMPATH\View\View.php(213): include('APPPATH\\Views\\v_template_front_end.php')
 6 SYSTEMPATH\View\View.php(216): CodeIgniter\View\View->CodeIgniter\View\{closure}()
 7 SYSTEMPATH\Common.php(1184): CodeIgniter\View\View->render('v_template_front_end', [], true)
 8 APPPATH\Controllers\Lokasi.php(263): view('v_template_front_end', [...])
 9 SYSTEMPATH\CodeIgniter.php(934): App\Controllers\Lokasi->beranda()
10 SYSTEMPATH\CodeIgniter.php(499): CodeIgniter\CodeIgniter->runController(Object(App\Controllers\Lokasi))
11 SYSTEMPATH\CodeIgniter.php(368): CodeIgniter\CodeIgniter->handleRequest(null, Object(Config\Cache), false)
12 FCPATH\index.php(67): CodeIgniter\CodeIgniter->run()
WARNING - 2023-07-14 23:40:40 --> [DEPRECATED] Array and string offset access syntax with curly braces is deprecated in APPPATH\Views\lokasi\v_beranda.php on line 61.
 1 SYSTEMPATH\View\View.php(213): include()
 2 SYSTEMPATH\View\View.php(216): CodeIgniter\View\View->CodeIgniter\View\{closure}()
 3 SYSTEMPATH\Common.php(1184): CodeIgniter\View\View->render('lokasi/v_beranda', [], true)
 4 APPPATH\Views\v_template_front_end.php(128): view('lokasi/v_beranda')
 5 SYSTEMPATH\View\View.php(213): include('APPPATH\\Views\\v_template_front_end.php')
 6 SYSTEMPATH\View\View.php(216): CodeIgniter\View\View->CodeIgniter\View\{closure}()
 7 SYSTEMPATH\Common.php(1184): CodeIgniter\View\View->render('v_template_front_end', [], true)
 8 APPPATH\Controllers\Lokasi.php(263): view('v_template_front_end', [...])
 9 SYSTEMPATH\CodeIgniter.php(934): App\Controllers\Lokasi->beranda()
10 SYSTEMPATH\CodeIgniter.php(499): CodeIgniter\CodeIgniter->runController(Object(App\Controllers\Lokasi))
11 SYSTEMPATH\CodeIgniter.php(368): CodeIgniter\CodeIgniter->handleRequest(null, Object(Config\Cache), false)
12 FCPATH\index.php(67): CodeIgniter\CodeIgniter->run()
WARNING - 2023-07-14 23:41:47 --> [DEPRECATED] Array and string offset access syntax with curly braces is deprecated in APPPATH\Views\lokasi\v_beranda.php on line 59.
 1 SYSTEMPATH\View\View.php(213): include()
 2 SYSTEMPATH\View\View.php(216): CodeIgniter\View\View->CodeIgniter\View\{closure}()
 3 SYSTEMPATH\Common.php(1184): CodeIgniter\View\View->render('lokasi/v_beranda', [], true)
 4 APPPATH\Views\v_template_front_end.php(128): view('lokasi/v_beranda')
 5 SYSTEMPATH\View\View.php(213): include('APPPATH\\Views\\v_template_front_end.php')
 6 SYSTEMPATH\View\View.php(216): CodeIgniter\View\View->CodeIgniter\View\{closure}()
 7 SYSTEMPATH\Common.php(1184): CodeIgniter\View\View->render('v_template_front_end', [], true)
 8 APPPATH\Controllers\Lokasi.php(263): view('v_template_front_end', [...])
 9 SYSTEMPATH\CodeIgniter.php(934): App\Controllers\Lokasi->beranda()
10 SYSTEMPATH\CodeIgniter.php(499): CodeIgniter\CodeIgniter->runController(Object(App\Controllers\Lokasi))
11 SYSTEMPATH\CodeIgniter.php(368): CodeIgniter\CodeIgniter->handleRequest(null, Object(Config\Cache), false)
12 FCPATH\index.php(67): CodeIgniter\CodeIgniter->run()
WARNING - 2023-07-14 23:41:47 --> [DEPRECATED] Array and string offset access syntax with curly braces is deprecated in APPPATH\Views\lokasi\v_beranda.php on line 61.
 1 SYSTEMPATH\View\View.php(213): include()
 2 SYSTEMPATH\View\View.php(216): CodeIgniter\View\View->CodeIgniter\View\{closure}()
 3 SYSTEMPATH\Common.php(1184): CodeIgniter\View\View->render('lokasi/v_beranda', [], true)
 4 APPPATH\Views\v_template_front_end.php(128): view('lokasi/v_beranda')
 5 SYSTEMPATH\View\View.php(213): include('APPPATH\\Views\\v_template_front_end.php')
 6 SYSTEMPATH\View\View.php(216): CodeIgniter\View\View->CodeIgniter\View\{closure}()
 7 SYSTEMPATH\Common.php(1184): CodeIgniter\View\View->render('v_template_front_end', [], true)
 8 APPPATH\Controllers\Lokasi.php(263): view('v_template_front_end', [...])
 9 SYSTEMPATH\CodeIgniter.php(934): App\Controllers\Lokasi->beranda()
10 SYSTEMPATH\CodeIgniter.php(499): CodeIgniter\CodeIgniter->runController(Object(App\Controllers\Lokasi))
11 SYSTEMPATH\CodeIgniter.php(368): CodeIgniter\CodeIgniter->handleRequest(null, Object(Config\Cache), false)
12 FCPATH\index.php(67): CodeIgniter\CodeIgniter->run()
WARNING - 2023-07-14 23:41:52 --> [DEPRECATED] Array and string offset access syntax with curly braces is deprecated in APPPATH\Views\lokasi\v_beranda.php on line 59.
 1 SYSTEMPATH\View\View.php(213): include()
 2 SYSTEMPATH\View\View.php(216): CodeIgniter\View\View->CodeIgniter\View\{closure}()
 3 SYSTEMPATH\Common.php(1184): CodeIgniter\View\View->render('lokasi/v_beranda', [], true)
 4 APPPATH\Views\v_template_front_end.php(128): view('lokasi/v_beranda')
 5 SYSTEMPATH\View\View.php(213): include('APPPATH\\Views\\v_template_front_end.php')
 6 SYSTEMPATH\View\View.php(216): CodeIgniter\View\View->CodeIgniter\View\{closure}()
 7 SYSTEMPATH\Common.php(1184): CodeIgniter\View\View->render('v_template_front_end', [], true)
 8 APPPATH\Controllers\Lokasi.php(263): view('v_template_front_end', [...])
 9 SYSTEMPATH\CodeIgniter.php(934): App\Controllers\Lokasi->beranda()
10 SYSTEMPATH\CodeIgniter.php(499): CodeIgniter\CodeIgniter->runController(Object(App\Controllers\Lokasi))
11 SYSTEMPATH\CodeIgniter.php(368): CodeIgniter\CodeIgniter->handleRequest(null, Object(Config\Cache), false)
12 FCPATH\index.php(67): CodeIgniter\CodeIgniter->run()
WARNING - 2023-07-14 23:41:52 --> [DEPRECATED] Array and string offset access syntax with curly braces is deprecated in APPPATH\Views\lokasi\v_beranda.php on line 61.
 1 SYSTEMPATH\View\View.php(213): include()
 2 SYSTEMPATH\View\View.php(216): CodeIgniter\View\View->CodeIgniter\View\{closure}()
 3 SYSTEMPATH\Common.php(1184): CodeIgniter\View\View->render('lokasi/v_beranda', [], true)
 4 APPPATH\Views\v_template_front_end.php(128): view('lokasi/v_beranda')
 5 SYSTEMPATH\View\View.php(213): include('APPPATH\\Views\\v_template_front_end.php')
 6 SYSTEMPATH\View\View.php(216): CodeIgniter\View\View->CodeIgniter\View\{closure}()
 7 SYSTEMPATH\Common.php(1184): CodeIgniter\View\View->render('v_template_front_end', [], true)
 8 APPPATH\Controllers\Lokasi.php(263): view('v_template_front_end', [...])
 9 SYSTEMPATH\CodeIgniter.php(934): App\Controllers\Lokasi->beranda()
10 SYSTEMPATH\CodeIgniter.php(499): CodeIgniter\CodeIgniter->runController(Object(App\Controllers\Lokasi))
11 SYSTEMPATH\CodeIgniter.php(368): CodeIgniter\CodeIgniter->handleRequest(null, Object(Config\Cache), false)
12 FCPATH\index.php(67): CodeIgniter\CodeIgniter->run()
WARNING - 2023-07-14 23:42:30 --> [DEPRECATED] Array and string offset access syntax with curly braces is deprecated in APPPATH\Views\lokasi\v_beranda.php on line 59.
 1 SYSTEMPATH\View\View.php(213): include()
 2 SYSTEMPATH\View\View.php(216): CodeIgniter\View\View->CodeIgniter\View\{closure}()
 3 SYSTEMPATH\Common.php(1184): CodeIgniter\View\View->render('lokasi/v_beranda', [], true)
 4 APPPATH\Views\v_template_front_end.php(128): view('lokasi/v_beranda')
 5 SYSTEMPATH\View\View.php(213): include('APPPATH\\Views\\v_template_front_end.php')
 6 SYSTEMPATH\View\View.php(216): CodeIgniter\View\View->CodeIgniter\View\{closure}()
 7 SYSTEMPATH\Common.php(1184): CodeIgniter\View\View->render('v_template_front_end', [], true)
 8 APPPATH\Controllers\Lokasi.php(263): view('v_template_front_end', [...])
 9 SYSTEMPATH\CodeIgniter.php(934): App\Controllers\Lokasi->beranda()
10 SYSTEMPATH\CodeIgniter.php(499): CodeIgniter\CodeIgniter->runController(Object(App\Controllers\Lokasi))
11 SYSTEMPATH\CodeIgniter.php(368): CodeIgniter\CodeIgniter->handleRequest(null, Object(Config\Cache), false)
12 FCPATH\index.php(67): CodeIgniter\CodeIgniter->run()
WARNING - 2023-07-14 23:42:30 --> [DEPRECATED] Array and string offset access syntax with curly braces is deprecated in APPPATH\Views\lokasi\v_beranda.php on line 61.
 1 SYSTEMPATH\View\View.php(213): include()
 2 SYSTEMPATH\View\View.php(216): CodeIgniter\View\View->CodeIgniter\View\{closure}()
 3 SYSTEMPATH\Common.php(1184): CodeIgniter\View\View->render('lokasi/v_beranda', [], true)
 4 APPPATH\Views\v_template_front_end.php(128): view('lokasi/v_beranda')
 5 SYSTEMPATH\View\View.php(213): include('APPPATH\\Views\\v_template_front_end.php')
 6 SYSTEMPATH\View\View.php(216): CodeIgniter\View\View->CodeIgniter\View\{closure}()
 7 SYSTEMPATH\Common.php(1184): CodeIgniter\View\View->render('v_template_front_end', [], true)
 8 APPPATH\Controllers\Lokasi.php(263): view('v_template_front_end', [...])
 9 SYSTEMPATH\CodeIgniter.php(934): App\Controllers\Lokasi->beranda()
10 SYSTEMPATH\CodeIgniter.php(499): CodeIgniter\CodeIgniter->runController(Object(App\Controllers\Lokasi))
11 SYSTEMPATH\CodeIgniter.php(368): CodeIgniter\CodeIgniter->handleRequest(null, Object(Config\Cache), false)
12 FCPATH\index.php(67): CodeIgniter\CodeIgniter->run()
WARNING - 2023-07-14 23:42:32 --> [DEPRECATED] Array and string offset access syntax with curly braces is deprecated in APPPATH\Views\lokasi\v_beranda.php on line 59.
 1 SYSTEMPATH\View\View.php(213): include()
 2 SYSTEMPATH\View\View.php(216): CodeIgniter\View\View->CodeIgniter\View\{closure}()
 3 SYSTEMPATH\Common.php(1184): CodeIgniter\View\View->render('lokasi/v_beranda', [], true)
 4 APPPATH\Views\v_template_front_end.php(128): view('lokasi/v_beranda')
 5 SYSTEMPATH\View\View.php(213): include('APPPATH\\Views\\v_template_front_end.php')
 6 SYSTEMPATH\View\View.php(216): CodeIgniter\View\View->CodeIgniter\View\{closure}()
 7 SYSTEMPATH\Common.php(1184): CodeIgniter\View\View->render('v_template_front_end', [], true)
 8 APPPATH\Controllers\Lokasi.php(263): view('v_template_front_end', [...])
 9 SYSTEMPATH\CodeIgniter.php(934): App\Controllers\Lokasi->beranda()
10 SYSTEMPATH\CodeIgniter.php(499): CodeIgniter\CodeIgniter->runController(Object(App\Controllers\Lokasi))
11 SYSTEMPATH\CodeIgniter.php(368): CodeIgniter\CodeIgniter->handleRequest(null, Object(Config\Cache), false)
12 FCPATH\index.php(67): CodeIgniter\CodeIgniter->run()
WARNING - 2023-07-14 23:42:32 --> [DEPRECATED] Array and string offset access syntax with curly braces is deprecated in APPPATH\Views\lokasi\v_beranda.php on line 61.
 1 SYSTEMPATH\View\View.php(213): include()
 2 SYSTEMPATH\View\View.php(216): CodeIgniter\View\View->CodeIgniter\View\{closure}()
 3 SYSTEMPATH\Common.php(1184): CodeIgniter\View\View->render('lokasi/v_beranda', [], true)
 4 APPPATH\Views\v_template_front_end.php(128): view('lokasi/v_beranda')
 5 SYSTEMPATH\View\View.php(213): include('APPPATH\\Views\\v_template_front_end.php')
 6 SYSTEMPATH\View\View.php(216): CodeIgniter\View\View->CodeIgniter\View\{closure}()
 7 SYSTEMPATH\Common.php(1184): CodeIgniter\View\View->render('v_template_front_end', [], true)
 8 APPPATH\Controllers\Lokasi.php(263): view('v_template_front_end', [...])
 9 SYSTEMPATH\CodeIgniter.php(934): App\Controllers\Lokasi->beranda()
10 SYSTEMPATH\CodeIgniter.php(499): CodeIgniter\CodeIgniter->runController(Object(App\Controllers\Lokasi))
11 SYSTEMPATH\CodeIgniter.php(368): CodeIgniter\CodeIgniter->handleRequest(null, Object(Config\Cache), false)
12 FCPATH\index.php(67): CodeIgniter\CodeIgniter->run()
WARNING - 2023-07-14 23:43:11 --> [DEPRECATED] Array and string offset access syntax with curly braces is deprecated in APPPATH\Views\lokasi\v_beranda.php on line 59.
 1 SYSTEMPATH\View\View.php(213): include()
 2 SYSTEMPATH\View\View.php(216): CodeIgniter\View\View->CodeIgniter\View\{closure}()
 3 SYSTEMPATH\Common.php(1184): CodeIgniter\View\View->render('lokasi/v_beranda', [], true)
 4 APPPATH\Views\v_template_front_end.php(128): view('lokasi/v_beranda')
 5 SYSTEMPATH\View\View.php(213): include('APPPATH\\Views\\v_template_front_end.php')
 6 SYSTEMPATH\View\View.php(216): CodeIgniter\View\View->CodeIgniter\View\{closure}()
 7 SYSTEMPATH\Common.php(1184): CodeIgniter\View\View->render('v_template_front_end', [], true)
 8 APPPATH\Controllers\Lokasi.php(263): view('v_template_front_end', [...])
 9 SYSTEMPATH\CodeIgniter.php(934): App\Controllers\Lokasi->beranda()
10 SYSTEMPATH\CodeIgniter.php(499): CodeIgniter\CodeIgniter->runController(Object(App\Controllers\Lokasi))
11 SYSTEMPATH\CodeIgniter.php(368): CodeIgniter\CodeIgniter->handleRequest(null, Object(Config\Cache), false)
12 FCPATH\index.php(67): CodeIgniter\CodeIgniter->run()
WARNING - 2023-07-14 23:43:11 --> [DEPRECATED] Array and string offset access syntax with curly braces is deprecated in APPPATH\Views\lokasi\v_beranda.php on line 61.
 1 SYSTEMPATH\View\View.php(213): include()
 2 SYSTEMPATH\View\View.php(216): CodeIgniter\View\View->CodeIgniter\View\{closure}()
 3 SYSTEMPATH\Common.php(1184): CodeIgniter\View\View->render('lokasi/v_beranda', [], true)
 4 APPPATH\Views\v_template_front_end.php(128): view('lokasi/v_beranda')
 5 SYSTEMPATH\View\View.php(213): include('APPPATH\\Views\\v_template_front_end.php')
 6 SYSTEMPATH\View\View.php(216): CodeIgniter\View\View->CodeIgniter\View\{closure}()
 7 SYSTEMPATH\Common.php(1184): CodeIgniter\View\View->render('v_template_front_end', [], true)
 8 APPPATH\Controllers\Lokasi.php(263): view('v_template_front_end', [...])
 9 SYSTEMPATH\CodeIgniter.php(934): App\Controllers\Lokasi->beranda()
10 SYSTEMPATH\CodeIgniter.php(499): CodeIgniter\CodeIgniter->runController(Object(App\Controllers\Lokasi))
11 SYSTEMPATH\CodeIgniter.php(368): CodeIgniter\CodeIgniter->handleRequest(null, Object(Config\Cache), false)
12 FCPATH\index.php(67): CodeIgniter\CodeIgniter->run()
WARNING - 2023-07-14 23:43:50 --> [DEPRECATED] Array and string offset access syntax with curly braces is deprecated in APPPATH\Views\lokasi\v_beranda.php on line 59.
 1 SYSTEMPATH\View\View.php(213): include()
 2 SYSTEMPATH\View\View.php(216): CodeIgniter\View\View->CodeIgniter\View\{closure}()
 3 SYSTEMPATH\Common.php(1184): CodeIgniter\View\View->render('lokasi/v_beranda', [], true)
 4 APPPATH\Views\v_template_front_end.php(128): view('lokasi/v_beranda')
 5 SYSTEMPATH\View\View.php(213): include('APPPATH\\Views\\v_template_front_end.php')
 6 SYSTEMPATH\View\View.php(216): CodeIgniter\View\View->CodeIgniter\View\{closure}()
 7 SYSTEMPATH\Common.php(1184): CodeIgniter\View\View->render('v_template_front_end', [], true)
 8 APPPATH\Controllers\Lokasi.php(263): view('v_template_front_end', [...])
 9 SYSTEMPATH\CodeIgniter.php(934): App\Controllers\Lokasi->beranda()
10 SYSTEMPATH\CodeIgniter.php(499): CodeIgniter\CodeIgniter->runController(Object(App\Controllers\Lokasi))
11 SYSTEMPATH\CodeIgniter.php(368): CodeIgniter\CodeIgniter->handleRequest(null, Object(Config\Cache), false)
12 FCPATH\index.php(67): CodeIgniter\CodeIgniter->run()
WARNING - 2023-07-14 23:43:50 --> [DEPRECATED] Array and string offset access syntax with curly braces is deprecated in APPPATH\Views\lokasi\v_beranda.php on line 61.
 1 SYSTEMPATH\View\View.php(213): include()
 2 SYSTEMPATH\View\View.php(216): CodeIgniter\View\View->CodeIgniter\View\{closure}()
 3 SYSTEMPATH\Common.php(1184): CodeIgniter\View\View->render('lokasi/v_beranda', [], true)
 4 APPPATH\Views\v_template_front_end.php(128): view('lokasi/v_beranda')
 5 SYSTEMPATH\View\View.php(213): include('APPPATH\\Views\\v_template_front_end.php')
 6 SYSTEMPATH\View\View.php(216): CodeIgniter\View\View->CodeIgniter\View\{closure}()
 7 SYSTEMPATH\Common.php(1184): CodeIgniter\View\View->render('v_template_front_end', [], true)
 8 APPPATH\Controllers\Lokasi.php(263): view('v_template_front_end', [...])
 9 SYSTEMPATH\CodeIgniter.php(934): App\Controllers\Lokasi->beranda()
10 SYSTEMPATH\CodeIgniter.php(499): CodeIgniter\CodeIgniter->runController(Object(App\Controllers\Lokasi))
11 SYSTEMPATH\CodeIgniter.php(368): CodeIgniter\CodeIgniter->handleRequest(null, Object(Config\Cache), false)
12 FCPATH\index.php(67): CodeIgniter\CodeIgniter->run()
WARNING - 2023-07-14 23:45:10 --> [DEPRECATED] Array and string offset access syntax with curly braces is deprecated in APPPATH\Views\lokasi\v_beranda.php on line 59.
 1 SYSTEMPATH\View\View.php(213): include()
 2 SYSTEMPATH\View\View.php(216): CodeIgniter\View\View->CodeIgniter\View\{closure}()
 3 SYSTEMPATH\Common.php(1184): CodeIgniter\View\View->render('lokasi/v_beranda', [], true)
 4 APPPATH\Views\v_template_front_end.php(128): view('lokasi/v_beranda')
 5 SYSTEMPATH\View\View.php(213): include('APPPATH\\Views\\v_template_front_end.php')
 6 SYSTEMPATH\View\View.php(216): CodeIgniter\View\View->CodeIgniter\View\{closure}()
 7 SYSTEMPATH\Common.php(1184): CodeIgniter\View\View->render('v_template_front_end', [], true)
 8 APPPATH\Controllers\Lokasi.php(263): view('v_template_front_end', [...])
 9 SYSTEMPATH\CodeIgniter.php(934): App\Controllers\Lokasi->beranda()
10 SYSTEMPATH\CodeIgniter.php(499): CodeIgniter\CodeIgniter->runController(Object(App\Controllers\Lokasi))
11 SYSTEMPATH\CodeIgniter.php(368): CodeIgniter\CodeIgniter->handleRequest(null, Object(Config\Cache), false)
12 FCPATH\index.php(67): CodeIgniter\CodeIgniter->run()
WARNING - 2023-07-14 23:45:10 --> [DEPRECATED] Array and string offset access syntax with curly braces is deprecated in APPPATH\Views\lokasi\v_beranda.php on line 61.
 1 SYSTEMPATH\View\View.php(213): include()
 2 SYSTEMPATH\View\View.php(216): CodeIgniter\View\View->CodeIgniter\View\{closure}()
 3 SYSTEMPATH\Common.php(1184): CodeIgniter\View\View->render('lokasi/v_beranda', [], true)
 4 APPPATH\Views\v_template_front_end.php(128): view('lokasi/v_beranda')
 5 SYSTEMPATH\View\View.php(213): include('APPPATH\\Views\\v_template_front_end.php')
 6 SYSTEMPATH\View\View.php(216): CodeIgniter\View\View->CodeIgniter\View\{closure}()
 7 SYSTEMPATH\Common.php(1184): CodeIgniter\View\View->render('v_template_front_end', [], true)
 8 APPPATH\Controllers\Lokasi.php(263): view('v_template_front_end', [...])
 9 SYSTEMPATH\CodeIgniter.php(934): App\Controllers\Lokasi->beranda()
10 SYSTEMPATH\CodeIgniter.php(499): CodeIgniter\CodeIgniter->runController(Object(App\Controllers\Lokasi))
11 SYSTEMPATH\CodeIgniter.php(368): CodeIgniter\CodeIgniter->handleRequest(null, Object(Config\Cache), false)
12 FCPATH\index.php(67): CodeIgniter\CodeIgniter->run()
WARNING - 2023-07-14 23:45:31 --> [DEPRECATED] Array and string offset access syntax with curly braces is deprecated in APPPATH\Views\lokasi\v_beranda.php on line 59.
 1 SYSTEMPATH\View\View.php(213): include()
 2 SYSTEMPATH\View\View.php(216): CodeIgniter\View\View->CodeIgniter\View\{closure}()
 3 SYSTEMPATH\Common.php(1184): CodeIgniter\View\View->render('lokasi/v_beranda', [], true)
 4 APPPATH\Views\v_template_front_end.php(128): view('lokasi/v_beranda')
 5 SYSTEMPATH\View\View.php(213): include('APPPATH\\Views\\v_template_front_end.php')
 6 SYSTEMPATH\View\View.php(216): CodeIgniter\View\View->CodeIgniter\View\{closure}()
 7 SYSTEMPATH\Common.php(1184): CodeIgniter\View\View->render('v_template_front_end', [], true)
 8 APPPATH\Controllers\Lokasi.php(263): view('v_template_front_end', [...])
 9 SYSTEMPATH\CodeIgniter.php(934): App\Controllers\Lokasi->beranda()
10 SYSTEMPATH\CodeIgniter.php(499): CodeIgniter\CodeIgniter->runController(Object(App\Controllers\Lokasi))
11 SYSTEMPATH\CodeIgniter.php(368): CodeIgniter\CodeIgniter->handleRequest(null, Object(Config\Cache), false)
12 FCPATH\index.php(67): CodeIgniter\CodeIgniter->run()
WARNING - 2023-07-14 23:45:31 --> [DEPRECATED] Array and string offset access syntax with curly braces is deprecated in APPPATH\Views\lokasi\v_beranda.php on line 61.
 1 SYSTEMPATH\View\View.php(213): include()
 2 SYSTEMPATH\View\View.php(216): CodeIgniter\View\View->CodeIgniter\View\{closure}()
 3 SYSTEMPATH\Common.php(1184): CodeIgniter\View\View->render('lokasi/v_beranda', [], true)
 4 APPPATH\Views\v_template_front_end.php(128): view('lokasi/v_beranda')
 5 SYSTEMPATH\View\View.php(213): include('APPPATH\\Views\\v_template_front_end.php')
 6 SYSTEMPATH\View\View.php(216): CodeIgniter\View\View->CodeIgniter\View\{closure}()
 7 SYSTEMPATH\Common.php(1184): CodeIgniter\View\View->render('v_template_front_end', [], true)
 8 APPPATH\Controllers\Lokasi.php(263): view('v_template_front_end', [...])
 9 SYSTEMPATH\CodeIgniter.php(934): App\Controllers\Lokasi->beranda()
10 SYSTEMPATH\CodeIgniter.php(499): CodeIgniter\CodeIgniter->runController(Object(App\Controllers\Lokasi))
11 SYSTEMPATH\CodeIgniter.php(368): CodeIgniter\CodeIgniter->handleRequest(null, Object(Config\Cache), false)
12 FCPATH\index.php(67): CodeIgniter\CodeIgniter->run()
