WARNING - 2023-08-05 10:45:35 --> [DEPRECATED] Array and string offset access syntax with curly braces is deprecated in APPPATH\Views\lokasi\v_beranda.php on line 55.
 1 SYSTEMPATH\View\View.php(213): include()
 2 SYSTEMPATH\View\View.php(216): CodeIgniter\View\View->CodeIgniter\View\{closure}()
 3 SYSTEMPATH\Common.php(1184): CodeIgniter\View\View->render('lokasi/v_beranda', [], true)
 4 APPPATH\Views\v_template_front_end.php(127): view('lokasi/v_beranda')
 5 SYSTEMPATH\View\View.php(213): include('APPPATH\\Views\\v_template_front_end.php')
 6 SYSTEMPATH\View\View.php(216): CodeIgniter\View\View->CodeIgniter\View\{closure}()
 7 SYSTEMPATH\Common.php(1184): CodeIgniter\View\View->render('v_template_front_end', [], true)
 8 APPPATH\Controllers\Lokasi.php(263): view('v_template_front_end', [...])
 9 SYSTEMPATH\CodeIgniter.php(934): App\Controllers\Lokasi->beranda()
10 SYSTEMPATH\CodeIgniter.php(499): CodeIgniter\CodeIgniter->runController(Object(App\Controllers\Lokasi))
11 SYSTEMPATH\CodeIgniter.php(368): CodeIgniter\CodeIgniter->handleRequest(null, Object(Config\Cache), false)
12 FCPATH\index.php(67): CodeIgniter\CodeIgniter->run()
WARNING - 2023-08-05 10:45:35 --> [DEPRECATED] Array and string offset access syntax with curly braces is deprecated in APPPATH\Views\lokasi\v_beranda.php on line 57.
 1 SYSTEMPATH\View\View.php(213): include()
 2 SYSTEMPATH\View\View.php(216): CodeIgniter\View\View->CodeIgniter\View\{closure}()
 3 SYSTEMPATH\Common.php(1184): CodeIgniter\View\View->render('lokasi/v_beranda', [], true)
 4 APPPATH\Views\v_template_front_end.php(127): view('lokasi/v_beranda')
 5 SYSTEMPATH\View\View.php(213): include('APPPATH\\Views\\v_template_front_end.php')
 6 SYSTEMPATH\View\View.php(216): CodeIgniter\View\View->CodeIgniter\View\{closure}()
 7 SYSTEMPATH\Common.php(1184): CodeIgniter\View\View->render('v_template_front_end', [], true)
 8 APPPATH\Controllers\Lokasi.php(263): view('v_template_front_end', [...])
 9 SYSTEMPATH\CodeIgniter.php(934): App\Controllers\Lokasi->beranda()
10 SYSTEMPATH\CodeIgniter.php(499): CodeIgniter\CodeIgniter->runController(Object(App\Controllers\Lokasi))
11 SYSTEMPATH\CodeIgniter.php(368): CodeIgniter\CodeIgniter->handleRequest(null, Object(Config\Cache), false)
12 FCPATH\index.php(67): CodeIgniter\CodeIgniter->run()
WARNING - 2023-08-05 17:57:28 --> [DEPRECATED] Array and string offset access syntax with curly braces is deprecated in APPPATH\Views\lokasi\v_beranda.php on line 55.
 1 SYSTEMPATH\View\View.php(213): include()
 2 SYSTEMPATH\View\View.php(216): CodeIgniter\View\View->CodeIgniter\View\{closure}()
 3 SYSTEMPATH\Common.php(1184): CodeIgniter\View\View->render('lokasi/v_beranda', [], true)
 4 APPPATH\Views\v_template_front_end.php(127): view('lokasi/v_beranda')
 5 SYSTEMPATH\View\View.php(213): include('APPPATH\\Views\\v_template_front_end.php')
 6 SYSTEMPATH\View\View.php(216): CodeIgniter\View\View->CodeIgniter\View\{closure}()
 7 SYSTEMPATH\Common.php(1184): CodeIgniter\View\View->render('v_template_front_end', [], true)
 8 APPPATH\Controllers\Lokasi.php(263): view('v_template_front_end', [...])
 9 SYSTEMPATH\CodeIgniter.php(934): App\Controllers\Lokasi->beranda()
10 SYSTEMPATH\CodeIgniter.php(499): CodeIgniter\CodeIgniter->runController(Object(App\Controllers\Lokasi))
11 SYSTEMPATH\CodeIgniter.php(368): CodeIgniter\CodeIgniter->handleRequest(null, Object(Config\Cache), false)
12 FCPATH\index.php(67): CodeIgniter\CodeIgniter->run()
WARNING - 2023-08-05 17:57:28 --> [DEPRECATED] Array and string offset access syntax with curly braces is deprecated in APPPATH\Views\lokasi\v_beranda.php on line 57.
 1 SYSTEMPATH\View\View.php(213): include()
 2 SYSTEMPATH\View\View.php(216): CodeIgniter\View\View->CodeIgniter\View\{closure}()
 3 SYSTEMPATH\Common.php(1184): CodeIgniter\View\View->render('lokasi/v_beranda', [], true)
 4 APPPATH\Views\v_template_front_end.php(127): view('lokasi/v_beranda')
 5 SYSTEMPATH\View\View.php(213): include('APPPATH\\Views\\v_template_front_end.php')
 6 SYSTEMPATH\View\View.php(216): CodeIgniter\View\View->CodeIgniter\View\{closure}()
 7 SYSTEMPATH\Common.php(1184): CodeIgniter\View\View->render('v_template_front_end', [], true)
 8 APPPATH\Controllers\Lokasi.php(263): view('v_template_front_end', [...])
 9 SYSTEMPATH\CodeIgniter.php(934): App\Controllers\Lokasi->beranda()
10 SYSTEMPATH\CodeIgniter.php(499): CodeIgniter\CodeIgniter->runController(Object(App\Controllers\Lokasi))
11 SYSTEMPATH\CodeIgniter.php(368): CodeIgniter\CodeIgniter->handleRequest(null, Object(Config\Cache), false)
12 FCPATH\index.php(67): CodeIgniter\CodeIgniter->run()
INFO - 2023-08-05 18:12:28 --> Session: Class initialized using 'CodeIgniter\Session\Handlers\FileHandler' driver.
INFO - 2023-08-05 18:12:39 --> Session: Class initialized using 'CodeIgniter\Session\Handlers\FileHandler' driver.
INFO - 2023-08-05 18:12:39 --> Session: Class initialized using 'CodeIgniter\Session\Handlers\FileHandler' driver.
INFO - 2023-08-05 18:13:01 --> Session: Class initialized using 'CodeIgniter\Session\Handlers\FileHandler' driver.
INFO - 2023-08-05 18:13:06 --> Session: Class initialized using 'CodeIgniter\Session\Handlers\FileHandler' driver.
INFO - 2023-08-05 18:13:07 --> Session: Class initialized using 'CodeIgniter\Session\Handlers\FileHandler' driver.
INFO - 2023-08-05 18:13:13 --> Session: Class initialized using 'CodeIgniter\Session\Handlers\FileHandler' driver.
INFO - 2023-08-05 18:13:25 --> Session: Class initialized using 'CodeIgniter\Session\Handlers\FileHandler' driver.
INFO - 2023-08-05 18:13:25 --> Session: Class initialized using 'CodeIgniter\Session\Handlers\FileHandler' driver.
INFO - 2023-08-05 18:29:04 --> Session: Class initialized using 'CodeIgniter\Session\Handlers\FileHandler' driver.
INFO - 2023-08-05 18:29:04 --> Session: Class initialized using 'CodeIgniter\Session\Handlers\FileHandler' driver.
WARNING - 2023-08-05 18:29:22 --> [DEPRECATED] Array and string offset access syntax with curly braces is deprecated in APPPATH\Views\lokasi\v_beranda.php on line 55.
 1 SYSTEMPATH\View\View.php(213): include()
 2 SYSTEMPATH\View\View.php(216): CodeIgniter\View\View->CodeIgniter\View\{closure}()
 3 SYSTEMPATH\Common.php(1184): CodeIgniter\View\View->render('lokasi/v_beranda', [], true)
 4 APPPATH\Views\v_template_front_end.php(127): view('lokasi/v_beranda')
 5 SYSTEMPATH\View\View.php(213): include('APPPATH\\Views\\v_template_front_end.php')
 6 SYSTEMPATH\View\View.php(216): CodeIgniter\View\View->CodeIgniter\View\{closure}()
 7 SYSTEMPATH\Common.php(1184): CodeIgniter\View\View->render('v_template_front_end', [], true)
 8 APPPATH\Controllers\Lokasi.php(263): view('v_template_front_end', [...])
 9 SYSTEMPATH\CodeIgniter.php(934): App\Controllers\Lokasi->beranda()
10 SYSTEMPATH\CodeIgniter.php(499): CodeIgniter\CodeIgniter->runController(Object(App\Controllers\Lokasi))
11 SYSTEMPATH\CodeIgniter.php(368): CodeIgniter\CodeIgniter->handleRequest(null, Object(Config\Cache), false)
12 FCPATH\index.php(67): CodeIgniter\CodeIgniter->run()
WARNING - 2023-08-05 18:29:22 --> [DEPRECATED] Array and string offset access syntax with curly braces is deprecated in APPPATH\Views\lokasi\v_beranda.php on line 57.
 1 SYSTEMPATH\View\View.php(213): include()
 2 SYSTEMPATH\View\View.php(216): CodeIgniter\View\View->CodeIgniter\View\{closure}()
 3 SYSTEMPATH\Common.php(1184): CodeIgniter\View\View->render('lokasi/v_beranda', [], true)
 4 APPPATH\Views\v_template_front_end.php(127): view('lokasi/v_beranda')
 5 SYSTEMPATH\View\View.php(213): include('APPPATH\\Views\\v_template_front_end.php')
 6 SYSTEMPATH\View\View.php(216): CodeIgniter\View\View->CodeIgniter\View\{closure}()
 7 SYSTEMPATH\Common.php(1184): CodeIgniter\View\View->render('v_template_front_end', [], true)
 8 APPPATH\Controllers\Lokasi.php(263): view('v_template_front_end', [...])
 9 SYSTEMPATH\CodeIgniter.php(934): App\Controllers\Lokasi->beranda()
10 SYSTEMPATH\CodeIgniter.php(499): CodeIgniter\CodeIgniter->runController(Object(App\Controllers\Lokasi))
11 SYSTEMPATH\CodeIgniter.php(368): CodeIgniter\CodeIgniter->handleRequest(null, Object(Config\Cache), false)
12 FCPATH\index.php(67): CodeIgniter\CodeIgniter->run()
INFO - 2023-08-05 18:29:50 --> Session: Class initialized using 'CodeIgniter\Session\Handlers\FileHandler' driver.
INFO - 2023-08-05 18:29:54 --> Session: Class initialized using 'CodeIgniter\Session\Handlers\FileHandler' driver.
INFO - 2023-08-05 18:29:54 --> Session: Class initialized using 'CodeIgniter\Session\Handlers\FileHandler' driver.
INFO - 2023-08-05 18:39:49 --> Session: Class initialized using 'CodeIgniter\Session\Handlers\FileHandler' driver.
INFO - 2023-08-05 18:40:30 --> Session: Class initialized using 'CodeIgniter\Session\Handlers\FileHandler' driver.
INFO - 2023-08-05 18:40:30 --> Session: Class initialized using 'CodeIgniter\Session\Handlers\FileHandler' driver.
INFO - 2023-08-05 18:40:37 --> Session: Class initialized using 'CodeIgniter\Session\Handlers\FileHandler' driver.
INFO - 2023-08-05 18:41:56 --> Session: Class initialized using 'CodeIgniter\Session\Handlers\FileHandler' driver.
INFO - 2023-08-05 18:42:09 --> Session: Class initialized using 'CodeIgniter\Session\Handlers\FileHandler' driver.
INFO - 2023-08-05 18:43:04 --> Session: Class initialized using 'CodeIgniter\Session\Handlers\FileHandler' driver.
INFO - 2023-08-05 18:43:04 --> Session: Class initialized using 'CodeIgniter\Session\Handlers\FileHandler' driver.
WARNING - 2023-08-05 18:43:09 --> [DEPRECATED] Array and string offset access syntax with curly braces is deprecated in APPPATH\Views\lokasi\v_beranda.php on line 55.
 1 SYSTEMPATH\View\View.php(213): include()
 2 SYSTEMPATH\View\View.php(216): CodeIgniter\View\View->CodeIgniter\View\{closure}()
 3 SYSTEMPATH\Common.php(1184): CodeIgniter\View\View->render('lokasi/v_beranda', [], true)
 4 APPPATH\Views\v_template_front_end.php(127): view('lokasi/v_beranda')
 5 SYSTEMPATH\View\View.php(213): include('APPPATH\\Views\\v_template_front_end.php')
 6 SYSTEMPATH\View\View.php(216): CodeIgniter\View\View->CodeIgniter\View\{closure}()
 7 SYSTEMPATH\Common.php(1184): CodeIgniter\View\View->render('v_template_front_end', [], true)
 8 APPPATH\Controllers\Lokasi.php(263): view('v_template_front_end', [...])
 9 SYSTEMPATH\CodeIgniter.php(934): App\Controllers\Lokasi->beranda()
10 SYSTEMPATH\CodeIgniter.php(499): CodeIgniter\CodeIgniter->runController(Object(App\Controllers\Lokasi))
11 SYSTEMPATH\CodeIgniter.php(368): CodeIgniter\CodeIgniter->handleRequest(null, Object(Config\Cache), false)
12 FCPATH\index.php(67): CodeIgniter\CodeIgniter->run()
WARNING - 2023-08-05 18:43:09 --> [DEPRECATED] Array and string offset access syntax with curly braces is deprecated in APPPATH\Views\lokasi\v_beranda.php on line 57.
 1 SYSTEMPATH\View\View.php(213): include()
 2 SYSTEMPATH\View\View.php(216): CodeIgniter\View\View->CodeIgniter\View\{closure}()
 3 SYSTEMPATH\Common.php(1184): CodeIgniter\View\View->render('lokasi/v_beranda', [], true)
 4 APPPATH\Views\v_template_front_end.php(127): view('lokasi/v_beranda')
 5 SYSTEMPATH\View\View.php(213): include('APPPATH\\Views\\v_template_front_end.php')
 6 SYSTEMPATH\View\View.php(216): CodeIgniter\View\View->CodeIgniter\View\{closure}()
 7 SYSTEMPATH\Common.php(1184): CodeIgniter\View\View->render('v_template_front_end', [], true)
 8 APPPATH\Controllers\Lokasi.php(263): view('v_template_front_end', [...])
 9 SYSTEMPATH\CodeIgniter.php(934): App\Controllers\Lokasi->beranda()
10 SYSTEMPATH\CodeIgniter.php(499): CodeIgniter\CodeIgniter->runController(Object(App\Controllers\Lokasi))
11 SYSTEMPATH\CodeIgniter.php(368): CodeIgniter\CodeIgniter->handleRequest(null, Object(Config\Cache), false)
12 FCPATH\index.php(67): CodeIgniter\CodeIgniter->run()
INFO - 2023-08-05 18:43:33 --> Session: Class initialized using 'CodeIgniter\Session\Handlers\FileHandler' driver.
INFO - 2023-08-05 18:45:15 --> Session: Class initialized using 'CodeIgniter\Session\Handlers\FileHandler' driver.
INFO - 2023-08-05 18:45:19 --> Session: Class initialized using 'CodeIgniter\Session\Handlers\FileHandler' driver.
INFO - 2023-08-05 18:45:20 --> Session: Class initialized using 'CodeIgniter\Session\Handlers\FileHandler' driver.
INFO - 2023-08-05 18:46:16 --> Session: Class initialized using 'CodeIgniter\Session\Handlers\FileHandler' driver.
INFO - 2023-08-05 18:46:53 --> Session: Class initialized using 'CodeIgniter\Session\Handlers\FileHandler' driver.
INFO - 2023-08-05 18:46:53 --> Session: Class initialized using 'CodeIgniter\Session\Handlers\FileHandler' driver.
WARNING - 2023-08-05 18:47:17 --> [DEPRECATED] Array and string offset access syntax with curly braces is deprecated in APPPATH\Views\lokasi\v_beranda.php on line 55.
 1 SYSTEMPATH\View\View.php(213): include()
 2 SYSTEMPATH\View\View.php(216): CodeIgniter\View\View->CodeIgniter\View\{closure}()
 3 SYSTEMPATH\Common.php(1184): CodeIgniter\View\View->render('lokasi/v_beranda', [], true)
 4 APPPATH\Views\v_template_front_end.php(127): view('lokasi/v_beranda')
 5 SYSTEMPATH\View\View.php(213): include('APPPATH\\Views\\v_template_front_end.php')
 6 SYSTEMPATH\View\View.php(216): CodeIgniter\View\View->CodeIgniter\View\{closure}()
 7 SYSTEMPATH\Common.php(1184): CodeIgniter\View\View->render('v_template_front_end', [], true)
 8 APPPATH\Controllers\Lokasi.php(263): view('v_template_front_end', [...])
 9 SYSTEMPATH\CodeIgniter.php(934): App\Controllers\Lokasi->beranda()
10 SYSTEMPATH\CodeIgniter.php(499): CodeIgniter\CodeIgniter->runController(Object(App\Controllers\Lokasi))
11 SYSTEMPATH\CodeIgniter.php(368): CodeIgniter\CodeIgniter->handleRequest(null, Object(Config\Cache), false)
12 FCPATH\index.php(67): CodeIgniter\CodeIgniter->run()
WARNING - 2023-08-05 18:47:17 --> [DEPRECATED] Array and string offset access syntax with curly braces is deprecated in APPPATH\Views\lokasi\v_beranda.php on line 57.
 1 SYSTEMPATH\View\View.php(213): include()
 2 SYSTEMPATH\View\View.php(216): CodeIgniter\View\View->CodeIgniter\View\{closure}()
 3 SYSTEMPATH\Common.php(1184): CodeIgniter\View\View->render('lokasi/v_beranda', [], true)
 4 APPPATH\Views\v_template_front_end.php(127): view('lokasi/v_beranda')
 5 SYSTEMPATH\View\View.php(213): include('APPPATH\\Views\\v_template_front_end.php')
 6 SYSTEMPATH\View\View.php(216): CodeIgniter\View\View->CodeIgniter\View\{closure}()
 7 SYSTEMPATH\Common.php(1184): CodeIgniter\View\View->render('v_template_front_end', [], true)
 8 APPPATH\Controllers\Lokasi.php(263): view('v_template_front_end', [...])
 9 SYSTEMPATH\CodeIgniter.php(934): App\Controllers\Lokasi->beranda()
10 SYSTEMPATH\CodeIgniter.php(499): CodeIgniter\CodeIgniter->runController(Object(App\Controllers\Lokasi))
11 SYSTEMPATH\CodeIgniter.php(368): CodeIgniter\CodeIgniter->handleRequest(null, Object(Config\Cache), false)
12 FCPATH\index.php(67): CodeIgniter\CodeIgniter->run()
WARNING - 2023-08-05 18:47:19 --> [DEPRECATED] Array and string offset access syntax with curly braces is deprecated in APPPATH\Views\lokasi\v_beranda.php on line 55.
 1 SYSTEMPATH\View\View.php(213): include()
 2 SYSTEMPATH\View\View.php(216): CodeIgniter\View\View->CodeIgniter\View\{closure}()
 3 SYSTEMPATH\Common.php(1184): CodeIgniter\View\View->render('lokasi/v_beranda', [], true)
 4 APPPATH\Views\v_template_front_end.php(127): view('lokasi/v_beranda')
 5 SYSTEMPATH\View\View.php(213): include('APPPATH\\Views\\v_template_front_end.php')
 6 SYSTEMPATH\View\View.php(216): CodeIgniter\View\View->CodeIgniter\View\{closure}()
 7 SYSTEMPATH\Common.php(1184): CodeIgniter\View\View->render('v_template_front_end', [], true)
 8 APPPATH\Controllers\Lokasi.php(263): view('v_template_front_end', [...])
 9 SYSTEMPATH\CodeIgniter.php(934): App\Controllers\Lokasi->beranda()
10 SYSTEMPATH\CodeIgniter.php(499): CodeIgniter\CodeIgniter->runController(Object(App\Controllers\Lokasi))
11 SYSTEMPATH\CodeIgniter.php(368): CodeIgniter\CodeIgniter->handleRequest(null, Object(Config\Cache), false)
12 FCPATH\index.php(67): CodeIgniter\CodeIgniter->run()
WARNING - 2023-08-05 18:47:19 --> [DEPRECATED] Array and string offset access syntax with curly braces is deprecated in APPPATH\Views\lokasi\v_beranda.php on line 57.
 1 SYSTEMPATH\View\View.php(213): include()
 2 SYSTEMPATH\View\View.php(216): CodeIgniter\View\View->CodeIgniter\View\{closure}()
 3 SYSTEMPATH\Common.php(1184): CodeIgniter\View\View->render('lokasi/v_beranda', [], true)
 4 APPPATH\Views\v_template_front_end.php(127): view('lokasi/v_beranda')
 5 SYSTEMPATH\View\View.php(213): include('APPPATH\\Views\\v_template_front_end.php')
 6 SYSTEMPATH\View\View.php(216): CodeIgniter\View\View->CodeIgniter\View\{closure}()
 7 SYSTEMPATH\Common.php(1184): CodeIgniter\View\View->render('v_template_front_end', [], true)
 8 APPPATH\Controllers\Lokasi.php(263): view('v_template_front_end', [...])
 9 SYSTEMPATH\CodeIgniter.php(934): App\Controllers\Lokasi->beranda()
10 SYSTEMPATH\CodeIgniter.php(499): CodeIgniter\CodeIgniter->runController(Object(App\Controllers\Lokasi))
11 SYSTEMPATH\CodeIgniter.php(368): CodeIgniter\CodeIgniter->handleRequest(null, Object(Config\Cache), false)
12 FCPATH\index.php(67): CodeIgniter\CodeIgniter->run()
INFO - 2023-08-05 18:48:08 --> Session: Class initialized using 'CodeIgniter\Session\Handlers\FileHandler' driver.
INFO - 2023-08-05 18:49:56 --> Session: Class initialized using 'CodeIgniter\Session\Handlers\FileHandler' driver.
INFO - 2023-08-05 18:49:57 --> Session: Class initialized using 'CodeIgniter\Session\Handlers\FileHandler' driver.
WARNING - 2023-08-05 18:50:00 --> [DEPRECATED] Array and string offset access syntax with curly braces is deprecated in APPPATH\Views\lokasi\v_beranda.php on line 55.
 1 SYSTEMPATH\View\View.php(213): include()
 2 SYSTEMPATH\View\View.php(216): CodeIgniter\View\View->CodeIgniter\View\{closure}()
 3 SYSTEMPATH\Common.php(1184): CodeIgniter\View\View->render('lokasi/v_beranda', [], true)
 4 APPPATH\Views\v_template_front_end.php(127): view('lokasi/v_beranda')
 5 SYSTEMPATH\View\View.php(213): include('APPPATH\\Views\\v_template_front_end.php')
 6 SYSTEMPATH\View\View.php(216): CodeIgniter\View\View->CodeIgniter\View\{closure}()
 7 SYSTEMPATH\Common.php(1184): CodeIgniter\View\View->render('v_template_front_end', [], true)
 8 APPPATH\Controllers\Lokasi.php(263): view('v_template_front_end', [...])
 9 SYSTEMPATH\CodeIgniter.php(934): App\Controllers\Lokasi->beranda()
10 SYSTEMPATH\CodeIgniter.php(499): CodeIgniter\CodeIgniter->runController(Object(App\Controllers\Lokasi))
11 SYSTEMPATH\CodeIgniter.php(368): CodeIgniter\CodeIgniter->handleRequest(null, Object(Config\Cache), false)
12 FCPATH\index.php(67): CodeIgniter\CodeIgniter->run()
WARNING - 2023-08-05 18:50:00 --> [DEPRECATED] Array and string offset access syntax with curly braces is deprecated in APPPATH\Views\lokasi\v_beranda.php on line 57.
 1 SYSTEMPATH\View\View.php(213): include()
 2 SYSTEMPATH\View\View.php(216): CodeIgniter\View\View->CodeIgniter\View\{closure}()
 3 SYSTEMPATH\Common.php(1184): CodeIgniter\View\View->render('lokasi/v_beranda', [], true)
 4 APPPATH\Views\v_template_front_end.php(127): view('lokasi/v_beranda')
 5 SYSTEMPATH\View\View.php(213): include('APPPATH\\Views\\v_template_front_end.php')
 6 SYSTEMPATH\View\View.php(216): CodeIgniter\View\View->CodeIgniter\View\{closure}()
 7 SYSTEMPATH\Common.php(1184): CodeIgniter\View\View->render('v_template_front_end', [], true)
 8 APPPATH\Controllers\Lokasi.php(263): view('v_template_front_end', [...])
 9 SYSTEMPATH\CodeIgniter.php(934): App\Controllers\Lokasi->beranda()
10 SYSTEMPATH\CodeIgniter.php(499): CodeIgniter\CodeIgniter->runController(Object(App\Controllers\Lokasi))
11 SYSTEMPATH\CodeIgniter.php(368): CodeIgniter\CodeIgniter->handleRequest(null, Object(Config\Cache), false)
12 FCPATH\index.php(67): CodeIgniter\CodeIgniter->run()
WARNING - 2023-08-05 18:51:00 --> [DEPRECATED] Array and string offset access syntax with curly braces is deprecated in APPPATH\Views\lokasi\v_beranda.php on line 55.
 1 SYSTEMPATH\View\View.php(213): include()
 2 SYSTEMPATH\View\View.php(216): CodeIgniter\View\View->CodeIgniter\View\{closure}()
 3 SYSTEMPATH\Common.php(1184): CodeIgniter\View\View->render('lokasi/v_beranda', [], true)
 4 APPPATH\Views\v_template_front_end.php(127): view('lokasi/v_beranda')
 5 SYSTEMPATH\View\View.php(213): include('APPPATH\\Views\\v_template_front_end.php')
 6 SYSTEMPATH\View\View.php(216): CodeIgniter\View\View->CodeIgniter\View\{closure}()
 7 SYSTEMPATH\Common.php(1184): CodeIgniter\View\View->render('v_template_front_end', [], true)
 8 APPPATH\Controllers\Lokasi.php(263): view('v_template_front_end', [...])
 9 SYSTEMPATH\CodeIgniter.php(934): App\Controllers\Lokasi->beranda()
10 SYSTEMPATH\CodeIgniter.php(499): CodeIgniter\CodeIgniter->runController(Object(App\Controllers\Lokasi))
11 SYSTEMPATH\CodeIgniter.php(368): CodeIgniter\CodeIgniter->handleRequest(null, Object(Config\Cache), false)
12 FCPATH\index.php(67): CodeIgniter\CodeIgniter->run()
WARNING - 2023-08-05 18:51:00 --> [DEPRECATED] Array and string offset access syntax with curly braces is deprecated in APPPATH\Views\lokasi\v_beranda.php on line 57.
 1 SYSTEMPATH\View\View.php(213): include()
 2 SYSTEMPATH\View\View.php(216): CodeIgniter\View\View->CodeIgniter\View\{closure}()
 3 SYSTEMPATH\Common.php(1184): CodeIgniter\View\View->render('lokasi/v_beranda', [], true)
 4 APPPATH\Views\v_template_front_end.php(127): view('lokasi/v_beranda')
 5 SYSTEMPATH\View\View.php(213): include('APPPATH\\Views\\v_template_front_end.php')
 6 SYSTEMPATH\View\View.php(216): CodeIgniter\View\View->CodeIgniter\View\{closure}()
 7 SYSTEMPATH\Common.php(1184): CodeIgniter\View\View->render('v_template_front_end', [], true)
 8 APPPATH\Controllers\Lokasi.php(263): view('v_template_front_end', [...])
 9 SYSTEMPATH\CodeIgniter.php(934): App\Controllers\Lokasi->beranda()
10 SYSTEMPATH\CodeIgniter.php(499): CodeIgniter\CodeIgniter->runController(Object(App\Controllers\Lokasi))
11 SYSTEMPATH\CodeIgniter.php(368): CodeIgniter\CodeIgniter->handleRequest(null, Object(Config\Cache), false)
12 FCPATH\index.php(67): CodeIgniter\CodeIgniter->run()
INFO - 2023-08-05 18:52:03 --> Session: Class initialized using 'CodeIgniter\Session\Handlers\FileHandler' driver.
INFO - 2023-08-05 18:53:50 --> Session: Class initialized using 'CodeIgniter\Session\Handlers\FileHandler' driver.
INFO - 2023-08-05 18:53:50 --> Session: Class initialized using 'CodeIgniter\Session\Handlers\FileHandler' driver.
WARNING - 2023-08-05 18:53:56 --> [DEPRECATED] Array and string offset access syntax with curly braces is deprecated in APPPATH\Views\lokasi\v_beranda.php on line 55.
 1 SYSTEMPATH\View\View.php(213): include()
 2 SYSTEMPATH\View\View.php(216): CodeIgniter\View\View->CodeIgniter\View\{closure}()
 3 SYSTEMPATH\Common.php(1184): CodeIgniter\View\View->render('lokasi/v_beranda', [], true)
 4 APPPATH\Views\v_template_front_end.php(127): view('lokasi/v_beranda')
 5 SYSTEMPATH\View\View.php(213): include('APPPATH\\Views\\v_template_front_end.php')
 6 SYSTEMPATH\View\View.php(216): CodeIgniter\View\View->CodeIgniter\View\{closure}()
 7 SYSTEMPATH\Common.php(1184): CodeIgniter\View\View->render('v_template_front_end', [], true)
 8 APPPATH\Controllers\Lokasi.php(263): view('v_template_front_end', [...])
 9 SYSTEMPATH\CodeIgniter.php(934): App\Controllers\Lokasi->beranda()
10 SYSTEMPATH\CodeIgniter.php(499): CodeIgniter\CodeIgniter->runController(Object(App\Controllers\Lokasi))
11 SYSTEMPATH\CodeIgniter.php(368): CodeIgniter\CodeIgniter->handleRequest(null, Object(Config\Cache), false)
12 FCPATH\index.php(67): CodeIgniter\CodeIgniter->run()
WARNING - 2023-08-05 18:53:56 --> [DEPRECATED] Array and string offset access syntax with curly braces is deprecated in APPPATH\Views\lokasi\v_beranda.php on line 57.
 1 SYSTEMPATH\View\View.php(213): include()
 2 SYSTEMPATH\View\View.php(216): CodeIgniter\View\View->CodeIgniter\View\{closure}()
 3 SYSTEMPATH\Common.php(1184): CodeIgniter\View\View->render('lokasi/v_beranda', [], true)
 4 APPPATH\Views\v_template_front_end.php(127): view('lokasi/v_beranda')
 5 SYSTEMPATH\View\View.php(213): include('APPPATH\\Views\\v_template_front_end.php')
 6 SYSTEMPATH\View\View.php(216): CodeIgniter\View\View->CodeIgniter\View\{closure}()
 7 SYSTEMPATH\Common.php(1184): CodeIgniter\View\View->render('v_template_front_end', [], true)
 8 APPPATH\Controllers\Lokasi.php(263): view('v_template_front_end', [...])
 9 SYSTEMPATH\CodeIgniter.php(934): App\Controllers\Lokasi->beranda()
10 SYSTEMPATH\CodeIgniter.php(499): CodeIgniter\CodeIgniter->runController(Object(App\Controllers\Lokasi))
11 SYSTEMPATH\CodeIgniter.php(368): CodeIgniter\CodeIgniter->handleRequest(null, Object(Config\Cache), false)
12 FCPATH\index.php(67): CodeIgniter\CodeIgniter->run()
INFO - 2023-08-05 18:54:15 --> Session: Class initialized using 'CodeIgniter\Session\Handlers\FileHandler' driver.
CRITICAL - 2023-08-05 18:54:21 --> Trying to access array offset on value of type null
in APPPATH\Views\lokasi\v_detail_back.php on line 14.
 1 APPPATH\Views\lokasi\v_detail_back.php(14): CodeIgniter\Debug\Exceptions->errorHandler(8, 'Trying to access array offset on value of type null', 'APPPATH\\Views\\lokasi\\v_detail_back.php', 14, [...])
 2 SYSTEMPATH\View\View.php(213): include('APPPATH\\Views\\lokasi\\v_detail_back.php')
 3 SYSTEMPATH\View\View.php(216): CodeIgniter\View\View->CodeIgniter\View\{closure}()
 4 SYSTEMPATH\Common.php(1184): CodeIgniter\View\View->render('Lokasi/v_detail_back', [], true)
 5 APPPATH\Views\v_template_front_end.php(127): view('Lokasi/v_detail_back')
 6 SYSTEMPATH\View\View.php(213): include('APPPATH\\Views\\v_template_front_end.php')
 7 SYSTEMPATH\View\View.php(216): CodeIgniter\View\View->CodeIgniter\View\{closure}()
 8 SYSTEMPATH\Common.php(1184): CodeIgniter\View\View->render('v_template_front_end', [], true)
 9 APPPATH\Controllers\Lokasi.php(320): view('v_template_front_end', [...])
10 SYSTEMPATH\CodeIgniter.php(934): App\Controllers\Lokasi->Detail('js', 'sb-admin-2.min.js')
11 SYSTEMPATH\CodeIgniter.php(499): CodeIgniter\CodeIgniter->runController(Object(App\Controllers\Lokasi))
12 SYSTEMPATH\CodeIgniter.php(368): CodeIgniter\CodeIgniter->handleRequest(null, Object(Config\Cache), false)
13 FCPATH\index.php(67): CodeIgniter\CodeIgniter->run()
INFO - 2023-08-05 18:54:25 --> Session: Class initialized using 'CodeIgniter\Session\Handlers\FileHandler' driver.
INFO - 2023-08-05 18:55:07 --> Session: Class initialized using 'CodeIgniter\Session\Handlers\FileHandler' driver.
INFO - 2023-08-05 18:55:12 --> Session: Class initialized using 'CodeIgniter\Session\Handlers\FileHandler' driver.
INFO - 2023-08-05 18:55:24 --> Session: Class initialized using 'CodeIgniter\Session\Handlers\FileHandler' driver.
INFO - 2023-08-05 18:55:24 --> Session: Class initialized using 'CodeIgniter\Session\Handlers\FileHandler' driver.
INFO - 2023-08-05 18:55:38 --> Session: Class initialized using 'CodeIgniter\Session\Handlers\FileHandler' driver.
INFO - 2023-08-05 18:56:02 --> Session: Class initialized using 'CodeIgniter\Session\Handlers\FileHandler' driver.
INFO - 2023-08-05 18:56:02 --> Session: Class initialized using 'CodeIgniter\Session\Handlers\FileHandler' driver.
INFO - 2023-08-05 18:56:09 --> Session: Class initialized using 'CodeIgniter\Session\Handlers\FileHandler' driver.
INFO - 2023-08-05 18:56:17 --> Session: Class initialized using 'CodeIgniter\Session\Handlers\FileHandler' driver.
INFO - 2023-08-05 18:56:17 --> Session: Class initialized using 'CodeIgniter\Session\Handlers\FileHandler' driver.
INFO - 2023-08-05 18:57:24 --> Session: Class initialized using 'CodeIgniter\Session\Handlers\FileHandler' driver.
INFO - 2023-08-05 18:57:33 --> Session: Class initialized using 'CodeIgniter\Session\Handlers\FileHandler' driver.
INFO - 2023-08-05 18:57:33 --> Session: Class initialized using 'CodeIgniter\Session\Handlers\FileHandler' driver.
INFO - 2023-08-05 18:57:43 --> Session: Class initialized using 'CodeIgniter\Session\Handlers\FileHandler' driver.
CRITICAL - 2023-08-05 18:59:22 --> Trying to access array offset on value of type null
in APPPATH\Views\lokasi\v_rute_back.php on line 11.
 1 APPPATH\Views\lokasi\v_rute_back.php(11): CodeIgniter\Debug\Exceptions->errorHandler(8, 'Trying to access array offset on value of type null', 'APPPATH\\Views\\lokasi\\v_rute_back.php', 11, [...])
 2 SYSTEMPATH\View\View.php(213): include('APPPATH\\Views\\lokasi\\v_rute_back.php')
 3 SYSTEMPATH\View\View.php(216): CodeIgniter\View\View->CodeIgniter\View\{closure}()
 4 SYSTEMPATH\Common.php(1184): CodeIgniter\View\View->render('Lokasi/v_rute_back', [], true)
 5 APPPATH\Views\v_template_front_end.php(127): view('Lokasi/v_rute_back')
 6 SYSTEMPATH\View\View.php(213): include('APPPATH\\Views\\v_template_front_end.php')
 7 SYSTEMPATH\View\View.php(216): CodeIgniter\View\View->CodeIgniter\View\{closure}()
 8 SYSTEMPATH\Common.php(1184): CodeIgniter\View\View->render('v_template_front_end', [], true)
 9 APPPATH\Controllers\Lokasi.php(310): view('v_template_front_end', [...])
10 SYSTEMPATH\CodeIgniter.php(934): App\Controllers\Lokasi->ruteBack('js', 'sb-admin-2.min.js')
11 SYSTEMPATH\CodeIgniter.php(499): CodeIgniter\CodeIgniter->runController(Object(App\Controllers\Lokasi))
12 SYSTEMPATH\CodeIgniter.php(368): CodeIgniter\CodeIgniter->handleRequest(null, Object(Config\Cache), false)
13 FCPATH\index.php(67): CodeIgniter\CodeIgniter->run()
CRITICAL - 2023-08-05 19:00:25 --> Trying to access array offset on value of type null
in APPPATH\Views\lokasi\v_rute_back.php on line 11.
 1 APPPATH\Views\lokasi\v_rute_back.php(11): CodeIgniter\Debug\Exceptions->errorHandler(8, 'Trying to access array offset on value of type null', 'APPPATH\\Views\\lokasi\\v_rute_back.php', 11, [...])
 2 SYSTEMPATH\View\View.php(213): include('APPPATH\\Views\\lokasi\\v_rute_back.php')
 3 SYSTEMPATH\View\View.php(216): CodeIgniter\View\View->CodeIgniter\View\{closure}()
 4 SYSTEMPATH\Common.php(1184): CodeIgniter\View\View->render('Lokasi/v_rute_back', [], true)
 5 APPPATH\Views\v_template_front_end.php(127): view('Lokasi/v_rute_back')
 6 SYSTEMPATH\View\View.php(213): include('APPPATH\\Views\\v_template_front_end.php')
 7 SYSTEMPATH\View\View.php(216): CodeIgniter\View\View->CodeIgniter\View\{closure}()
 8 SYSTEMPATH\Common.php(1184): CodeIgniter\View\View->render('v_template_front_end', [], true)
 9 APPPATH\Controllers\Lokasi.php(310): view('v_template_front_end', [...])
10 SYSTEMPATH\CodeIgniter.php(934): App\Controllers\Lokasi->ruteBack('js', 'sb-admin-2.min.js')
11 SYSTEMPATH\CodeIgniter.php(499): CodeIgniter\CodeIgniter->runController(Object(App\Controllers\Lokasi))
12 SYSTEMPATH\CodeIgniter.php(368): CodeIgniter\CodeIgniter->handleRequest(null, Object(Config\Cache), false)
13 FCPATH\index.php(67): CodeIgniter\CodeIgniter->run()
CRITICAL - 2023-08-05 19:01:09 --> Trying to access array offset on value of type null
in APPPATH\Views\lokasi\v_rute_back.php on line 11.
 1 APPPATH\Views\lokasi\v_rute_back.php(11): CodeIgniter\Debug\Exceptions->errorHandler(8, 'Trying to access array offset on value of type null', 'APPPATH\\Views\\lokasi\\v_rute_back.php', 11, [...])
 2 SYSTEMPATH\View\View.php(213): include('APPPATH\\Views\\lokasi\\v_rute_back.php')
 3 SYSTEMPATH\View\View.php(216): CodeIgniter\View\View->CodeIgniter\View\{closure}()
 4 SYSTEMPATH\Common.php(1184): CodeIgniter\View\View->render('Lokasi/v_rute_back', [], true)
 5 APPPATH\Views\v_template_front_end.php(127): view('Lokasi/v_rute_back')
 6 SYSTEMPATH\View\View.php(213): include('APPPATH\\Views\\v_template_front_end.php')
 7 SYSTEMPATH\View\View.php(216): CodeIgniter\View\View->CodeIgniter\View\{closure}()
 8 SYSTEMPATH\Common.php(1184): CodeIgniter\View\View->render('v_template_front_end', [], true)
 9 APPPATH\Controllers\Lokasi.php(310): view('v_template_front_end', [...])
10 SYSTEMPATH\CodeIgniter.php(934): App\Controllers\Lokasi->ruteBack('js', 'sb-admin-2.min.js')
11 SYSTEMPATH\CodeIgniter.php(499): CodeIgniter\CodeIgniter->runController(Object(App\Controllers\Lokasi))
12 SYSTEMPATH\CodeIgniter.php(368): CodeIgniter\CodeIgniter->handleRequest(null, Object(Config\Cache), false)
13 FCPATH\index.php(67): CodeIgniter\CodeIgniter->run()
CRITICAL - 2023-08-05 19:01:13 --> Trying to access array offset on value of type null
in APPPATH\Views\lokasi\v_rute_back.php on line 11.
 1 APPPATH\Views\lokasi\v_rute_back.php(11): CodeIgniter\Debug\Exceptions->errorHandler(8, 'Trying to access array offset on value of type null', 'APPPATH\\Views\\lokasi\\v_rute_back.php', 11, [...])
 2 SYSTEMPATH\View\View.php(213): include('APPPATH\\Views\\lokasi\\v_rute_back.php')
 3 SYSTEMPATH\View\View.php(216): CodeIgniter\View\View->CodeIgniter\View\{closure}()
 4 SYSTEMPATH\Common.php(1184): CodeIgniter\View\View->render('Lokasi/v_rute_back', [], true)
 5 APPPATH\Views\v_template_front_end.php(127): view('Lokasi/v_rute_back')
 6 SYSTEMPATH\View\View.php(213): include('APPPATH\\Views\\v_template_front_end.php')
 7 SYSTEMPATH\View\View.php(216): CodeIgniter\View\View->CodeIgniter\View\{closure}()
 8 SYSTEMPATH\Common.php(1184): CodeIgniter\View\View->render('v_template_front_end', [], true)
 9 APPPATH\Controllers\Lokasi.php(310): view('v_template_front_end', [...])
10 SYSTEMPATH\CodeIgniter.php(934): App\Controllers\Lokasi->ruteBack('js', 'sb-admin-2.min.js')
11 SYSTEMPATH\CodeIgniter.php(499): CodeIgniter\CodeIgniter->runController(Object(App\Controllers\Lokasi))
12 SYSTEMPATH\CodeIgniter.php(368): CodeIgniter\CodeIgniter->handleRequest(null, Object(Config\Cache), false)
13 FCPATH\index.php(67): CodeIgniter\CodeIgniter->run()
CRITICAL - 2023-08-05 19:01:35 --> Trying to access array offset on value of type null
in APPPATH\Views\lokasi\v_rute_back.php on line 11.
 1 APPPATH\Views\lokasi\v_rute_back.php(11): CodeIgniter\Debug\Exceptions->errorHandler(8, 'Trying to access array offset on value of type null', 'APPPATH\\Views\\lokasi\\v_rute_back.php', 11, [...])
 2 SYSTEMPATH\View\View.php(213): include('APPPATH\\Views\\lokasi\\v_rute_back.php')
 3 SYSTEMPATH\View\View.php(216): CodeIgniter\View\View->CodeIgniter\View\{closure}()
 4 SYSTEMPATH\Common.php(1184): CodeIgniter\View\View->render('Lokasi/v_rute_back', [], true)
 5 APPPATH\Views\v_template_front_end.php(127): view('Lokasi/v_rute_back')
 6 SYSTEMPATH\View\View.php(213): include('APPPATH\\Views\\v_template_front_end.php')
 7 SYSTEMPATH\View\View.php(216): CodeIgniter\View\View->CodeIgniter\View\{closure}()
 8 SYSTEMPATH\Common.php(1184): CodeIgniter\View\View->render('v_template_front_end', [], true)
 9 APPPATH\Controllers\Lokasi.php(310): view('v_template_front_end', [...])
10 SYSTEMPATH\CodeIgniter.php(934): App\Controllers\Lokasi->ruteBack('js', 'sb-admin-2.min.js')
11 SYSTEMPATH\CodeIgniter.php(499): CodeIgniter\CodeIgniter->runController(Object(App\Controllers\Lokasi))
12 SYSTEMPATH\CodeIgniter.php(368): CodeIgniter\CodeIgniter->handleRequest(null, Object(Config\Cache), false)
13 FCPATH\index.php(67): CodeIgniter\CodeIgniter->run()
CRITICAL - 2023-08-05 19:01:42 --> Trying to access array offset on value of type null
in APPPATH\Views\lokasi\v_rute_back.php on line 11.
 1 APPPATH\Views\lokasi\v_rute_back.php(11): CodeIgniter\Debug\Exceptions->errorHandler(8, 'Trying to access array offset on value of type null', 'APPPATH\\Views\\lokasi\\v_rute_back.php', 11, [...])
 2 SYSTEMPATH\View\View.php(213): include('APPPATH\\Views\\lokasi\\v_rute_back.php')
 3 SYSTEMPATH\View\View.php(216): CodeIgniter\View\View->CodeIgniter\View\{closure}()
 4 SYSTEMPATH\Common.php(1184): CodeIgniter\View\View->render('Lokasi/v_rute_back', [], true)
 5 APPPATH\Views\v_template_front_end.php(127): view('Lokasi/v_rute_back')
 6 SYSTEMPATH\View\View.php(213): include('APPPATH\\Views\\v_template_front_end.php')
 7 SYSTEMPATH\View\View.php(216): CodeIgniter\View\View->CodeIgniter\View\{closure}()
 8 SYSTEMPATH\Common.php(1184): CodeIgniter\View\View->render('v_template_front_end', [], true)
 9 APPPATH\Controllers\Lokasi.php(310): view('v_template_front_end', [...])
10 SYSTEMPATH\CodeIgniter.php(934): App\Controllers\Lokasi->ruteBack('js', 'sb-admin-2.min.js')
11 SYSTEMPATH\CodeIgniter.php(499): CodeIgniter\CodeIgniter->runController(Object(App\Controllers\Lokasi))
12 SYSTEMPATH\CodeIgniter.php(368): CodeIgniter\CodeIgniter->handleRequest(null, Object(Config\Cache), false)
13 FCPATH\index.php(67): CodeIgniter\CodeIgniter->run()
CRITICAL - 2023-08-05 19:02:00 --> Trying to access array offset on value of type null
in APPPATH\Views\lokasi\v_rute_back.php on line 11.
 1 APPPATH\Views\lokasi\v_rute_back.php(11): CodeIgniter\Debug\Exceptions->errorHandler(8, 'Trying to access array offset on value of type null', 'APPPATH\\Views\\lokasi\\v_rute_back.php', 11, [...])
 2 SYSTEMPATH\View\View.php(213): include('APPPATH\\Views\\lokasi\\v_rute_back.php')
 3 SYSTEMPATH\View\View.php(216): CodeIgniter\View\View->CodeIgniter\View\{closure}()
 4 SYSTEMPATH\Common.php(1184): CodeIgniter\View\View->render('Lokasi/v_rute_back', [], true)
 5 APPPATH\Views\v_template_front_end.php(127): view('Lokasi/v_rute_back')
 6 SYSTEMPATH\View\View.php(213): include('APPPATH\\Views\\v_template_front_end.php')
 7 SYSTEMPATH\View\View.php(216): CodeIgniter\View\View->CodeIgniter\View\{closure}()
 8 SYSTEMPATH\Common.php(1184): CodeIgniter\View\View->render('v_template_front_end', [], true)
 9 APPPATH\Controllers\Lokasi.php(310): view('v_template_front_end', [...])
10 SYSTEMPATH\CodeIgniter.php(934): App\Controllers\Lokasi->ruteBack('js', 'sb-admin-2.min.js')
11 SYSTEMPATH\CodeIgniter.php(499): CodeIgniter\CodeIgniter->runController(Object(App\Controllers\Lokasi))
12 SYSTEMPATH\CodeIgniter.php(368): CodeIgniter\CodeIgniter->handleRequest(null, Object(Config\Cache), false)
13 FCPATH\index.php(67): CodeIgniter\CodeIgniter->run()
CRITICAL - 2023-08-05 19:02:18 --> Trying to access array offset on value of type null
in APPPATH\Views\lokasi\v_rute_back.php on line 11.
 1 APPPATH\Views\lokasi\v_rute_back.php(11): CodeIgniter\Debug\Exceptions->errorHandler(8, 'Trying to access array offset on value of type null', 'APPPATH\\Views\\lokasi\\v_rute_back.php', 11, [...])
 2 SYSTEMPATH\View\View.php(213): include('APPPATH\\Views\\lokasi\\v_rute_back.php')
 3 SYSTEMPATH\View\View.php(216): CodeIgniter\View\View->CodeIgniter\View\{closure}()
 4 SYSTEMPATH\Common.php(1184): CodeIgniter\View\View->render('Lokasi/v_rute_back', [], true)
 5 APPPATH\Views\v_template_front_end.php(127): view('Lokasi/v_rute_back')
 6 SYSTEMPATH\View\View.php(213): include('APPPATH\\Views\\v_template_front_end.php')
 7 SYSTEMPATH\View\View.php(216): CodeIgniter\View\View->CodeIgniter\View\{closure}()
 8 SYSTEMPATH\Common.php(1184): CodeIgniter\View\View->render('v_template_front_end', [], true)
 9 APPPATH\Controllers\Lokasi.php(310): view('v_template_front_end', [...])
10 SYSTEMPATH\CodeIgniter.php(934): App\Controllers\Lokasi->ruteBack('js', 'sb-admin-2.min.js')
11 SYSTEMPATH\CodeIgniter.php(499): CodeIgniter\CodeIgniter->runController(Object(App\Controllers\Lokasi))
12 SYSTEMPATH\CodeIgniter.php(368): CodeIgniter\CodeIgniter->handleRequest(null, Object(Config\Cache), false)
13 FCPATH\index.php(67): CodeIgniter\CodeIgniter->run()
CRITICAL - 2023-08-05 19:02:30 --> Trying to access array offset on value of type null
in APPPATH\Views\lokasi\v_rute_back.php on line 11.
 1 APPPATH\Views\lokasi\v_rute_back.php(11): CodeIgniter\Debug\Exceptions->errorHandler(8, 'Trying to access array offset on value of type null', 'APPPATH\\Views\\lokasi\\v_rute_back.php', 11, [...])
 2 SYSTEMPATH\View\View.php(213): include('APPPATH\\Views\\lokasi\\v_rute_back.php')
 3 SYSTEMPATH\View\View.php(216): CodeIgniter\View\View->CodeIgniter\View\{closure}()
 4 SYSTEMPATH\Common.php(1184): CodeIgniter\View\View->render('Lokasi/v_rute_back', [], true)
 5 APPPATH\Views\v_template_front_end.php(127): view('Lokasi/v_rute_back')
 6 SYSTEMPATH\View\View.php(213): include('APPPATH\\Views\\v_template_front_end.php')
 7 SYSTEMPATH\View\View.php(216): CodeIgniter\View\View->CodeIgniter\View\{closure}()
 8 SYSTEMPATH\Common.php(1184): CodeIgniter\View\View->render('v_template_front_end', [], true)
 9 APPPATH\Controllers\Lokasi.php(310): view('v_template_front_end', [...])
10 SYSTEMPATH\CodeIgniter.php(934): App\Controllers\Lokasi->ruteBack('js', 'sb-admin-2.min.js')
11 SYSTEMPATH\CodeIgniter.php(499): CodeIgniter\CodeIgniter->runController(Object(App\Controllers\Lokasi))
12 SYSTEMPATH\CodeIgniter.php(368): CodeIgniter\CodeIgniter->handleRequest(null, Object(Config\Cache), false)
13 FCPATH\index.php(67): CodeIgniter\CodeIgniter->run()
CRITICAL - 2023-08-05 19:02:36 --> Trying to access array offset on value of type null
in APPPATH\Views\lokasi\v_rute_back.php on line 11.
 1 APPPATH\Views\lokasi\v_rute_back.php(11): CodeIgniter\Debug\Exceptions->errorHandler(8, 'Trying to access array offset on value of type null', 'APPPATH\\Views\\lokasi\\v_rute_back.php', 11, [...])
 2 SYSTEMPATH\View\View.php(213): include('APPPATH\\Views\\lokasi\\v_rute_back.php')
 3 SYSTEMPATH\View\View.php(216): CodeIgniter\View\View->CodeIgniter\View\{closure}()
 4 SYSTEMPATH\Common.php(1184): CodeIgniter\View\View->render('Lokasi/v_rute_back', [], true)
 5 APPPATH\Views\v_template_front_end.php(127): view('Lokasi/v_rute_back')
 6 SYSTEMPATH\View\View.php(213): include('APPPATH\\Views\\v_template_front_end.php')
 7 SYSTEMPATH\View\View.php(216): CodeIgniter\View\View->CodeIgniter\View\{closure}()
 8 SYSTEMPATH\Common.php(1184): CodeIgniter\View\View->render('v_template_front_end', [], true)
 9 APPPATH\Controllers\Lokasi.php(310): view('v_template_front_end', [...])
10 SYSTEMPATH\CodeIgniter.php(934): App\Controllers\Lokasi->ruteBack('js', 'sb-admin-2.min.js')
11 SYSTEMPATH\CodeIgniter.php(499): CodeIgniter\CodeIgniter->runController(Object(App\Controllers\Lokasi))
12 SYSTEMPATH\CodeIgniter.php(368): CodeIgniter\CodeIgniter->handleRequest(null, Object(Config\Cache), false)
13 FCPATH\index.php(67): CodeIgniter\CodeIgniter->run()
CRITICAL - 2023-08-05 19:02:42 --> Trying to access array offset on value of type null
in APPPATH\Views\lokasi\v_rute_back.php on line 11.
 1 APPPATH\Views\lokasi\v_rute_back.php(11): CodeIgniter\Debug\Exceptions->errorHandler(8, 'Trying to access array offset on value of type null', 'APPPATH\\Views\\lokasi\\v_rute_back.php', 11, [...])
 2 SYSTEMPATH\View\View.php(213): include('APPPATH\\Views\\lokasi\\v_rute_back.php')
 3 SYSTEMPATH\View\View.php(216): CodeIgniter\View\View->CodeIgniter\View\{closure}()
 4 SYSTEMPATH\Common.php(1184): CodeIgniter\View\View->render('Lokasi/v_rute_back', [], true)
 5 APPPATH\Views\v_template_front_end.php(127): view('Lokasi/v_rute_back')
 6 SYSTEMPATH\View\View.php(213): include('APPPATH\\Views\\v_template_front_end.php')
 7 SYSTEMPATH\View\View.php(216): CodeIgniter\View\View->CodeIgniter\View\{closure}()
 8 SYSTEMPATH\Common.php(1184): CodeIgniter\View\View->render('v_template_front_end', [], true)
 9 APPPATH\Controllers\Lokasi.php(310): view('v_template_front_end', [...])
10 SYSTEMPATH\CodeIgniter.php(934): App\Controllers\Lokasi->ruteBack('js', 'sb-admin-2.min.js')
11 SYSTEMPATH\CodeIgniter.php(499): CodeIgniter\CodeIgniter->runController(Object(App\Controllers\Lokasi))
12 SYSTEMPATH\CodeIgniter.php(368): CodeIgniter\CodeIgniter->handleRequest(null, Object(Config\Cache), false)
13 FCPATH\index.php(67): CodeIgniter\CodeIgniter->run()
INFO - 2023-08-05 19:03:29 --> Session: Class initialized using 'CodeIgniter\Session\Handlers\FileHandler' driver.
CRITICAL - 2023-08-05 19:03:37 --> Trying to access array offset on value of type null
in APPPATH\Views\lokasi\v_rute_back.php on line 11.
 1 APPPATH\Views\lokasi\v_rute_back.php(11): CodeIgniter\Debug\Exceptions->errorHandler(8, 'Trying to access array offset on value of type null', 'APPPATH\\Views\\lokasi\\v_rute_back.php', 11, [...])
 2 SYSTEMPATH\View\View.php(213): include('APPPATH\\Views\\lokasi\\v_rute_back.php')
 3 SYSTEMPATH\View\View.php(216): CodeIgniter\View\View->CodeIgniter\View\{closure}()
 4 SYSTEMPATH\Common.php(1184): CodeIgniter\View\View->render('Lokasi/v_rute_back', [], true)
 5 APPPATH\Views\v_template_front_end.php(127): view('Lokasi/v_rute_back')
 6 SYSTEMPATH\View\View.php(213): include('APPPATH\\Views\\v_template_front_end.php')
 7 SYSTEMPATH\View\View.php(216): CodeIgniter\View\View->CodeIgniter\View\{closure}()
 8 SYSTEMPATH\Common.php(1184): CodeIgniter\View\View->render('v_template_front_end', [], true)
 9 APPPATH\Controllers\Lokasi.php(310): view('v_template_front_end', [...])
10 SYSTEMPATH\CodeIgniter.php(934): App\Controllers\Lokasi->ruteBack('js', 'sb-admin-2.min.js')
11 SYSTEMPATH\CodeIgniter.php(499): CodeIgniter\CodeIgniter->runController(Object(App\Controllers\Lokasi))
12 SYSTEMPATH\CodeIgniter.php(368): CodeIgniter\CodeIgniter->handleRequest(null, Object(Config\Cache), false)
13 FCPATH\index.php(67): CodeIgniter\CodeIgniter->run()
INFO - 2023-08-05 19:04:14 --> Session: Class initialized using 'CodeIgniter\Session\Handlers\FileHandler' driver.
INFO - 2023-08-05 19:04:26 --> Session: Class initialized using 'CodeIgniter\Session\Handlers\FileHandler' driver.
CRITICAL - 2023-08-05 19:06:05 --> Undefined variable: lokasi
in APPPATH\Views\lokasi\v_rute_user.php on line 107.
 1 APPPATH\Views\lokasi\v_rute_user.php(107): CodeIgniter\Debug\Exceptions->errorHandler(8, 'Undefined variable: lokasi', 'APPPATH\\Views\\lokasi\\v_rute_user.php', 107, [...])
 2 SYSTEMPATH\View\View.php(213): include('APPPATH\\Views\\lokasi\\v_rute_user.php')
 3 SYSTEMPATH\View\View.php(216): CodeIgniter\View\View->CodeIgniter\View\{closure}()
 4 SYSTEMPATH\Common.php(1184): CodeIgniter\View\View->render('Lokasi/v_rute_user', [], true)
 5 APPPATH\Views\v_template.php(172): view('Lokasi/v_rute_user')
 6 SYSTEMPATH\View\View.php(213): include('APPPATH\\Views\\v_template.php')
 7 SYSTEMPATH\View\View.php(216): CodeIgniter\View\View->CodeIgniter\View\{closure}()
 8 SYSTEMPATH\Common.php(1184): CodeIgniter\View\View->render('v_template', [], true)
 9 APPPATH\Controllers\Lokasi.php(299): view('v_template', [...])
10 SYSTEMPATH\CodeIgniter.php(934): App\Controllers\Lokasi->ruteUser('1')
11 SYSTEMPATH\CodeIgniter.php(499): CodeIgniter\CodeIgniter->runController(Object(App\Controllers\Lokasi))
12 SYSTEMPATH\CodeIgniter.php(368): CodeIgniter\CodeIgniter->handleRequest(null, Object(Config\Cache), false)
13 FCPATH\index.php(67): CodeIgniter\CodeIgniter->run()
INFO - 2023-08-05 19:08:48 --> Session: Class initialized using 'CodeIgniter\Session\Handlers\FileHandler' driver.
INFO - 2023-08-05 19:10:59 --> Session: Class initialized using 'CodeIgniter\Session\Handlers\FileHandler' driver.
INFO - 2023-08-05 19:12:41 --> Session: Class initialized using 'CodeIgniter\Session\Handlers\FileHandler' driver.
INFO - 2023-08-05 19:13:34 --> Session: Class initialized using 'CodeIgniter\Session\Handlers\FileHandler' driver.
INFO - 2023-08-05 19:14:33 --> Session: Class initialized using 'CodeIgniter\Session\Handlers\FileHandler' driver.
INFO - 2023-08-05 19:14:34 --> Session: Class initialized using 'CodeIgniter\Session\Handlers\FileHandler' driver.
INFO - 2023-08-05 19:14:36 --> Session: Class initialized using 'CodeIgniter\Session\Handlers\FileHandler' driver.
INFO - 2023-08-05 19:15:58 --> Session: Class initialized using 'CodeIgniter\Session\Handlers\FileHandler' driver.
INFO - 2023-08-05 19:16:26 --> Session: Class initialized using 'CodeIgniter\Session\Handlers\FileHandler' driver.
INFO - 2023-08-05 19:16:28 --> Session: Class initialized using 'CodeIgniter\Session\Handlers\FileHandler' driver.
INFO - 2023-08-05 19:16:35 --> Session: Class initialized using 'CodeIgniter\Session\Handlers\FileHandler' driver.
INFO - 2023-08-05 19:16:36 --> Session: Class initialized using 'CodeIgniter\Session\Handlers\FileHandler' driver.
WARNING - 2023-08-05 19:16:44 --> [DEPRECATED] Array and string offset access syntax with curly braces is deprecated in APPPATH\Views\lokasi\v_beranda.php on line 55.
 1 SYSTEMPATH\View\View.php(213): include()
 2 SYSTEMPATH\View\View.php(216): CodeIgniter\View\View->CodeIgniter\View\{closure}()
 3 SYSTEMPATH\Common.php(1184): CodeIgniter\View\View->render('lokasi/v_beranda', [], true)
 4 APPPATH\Views\v_template_front_end.php(127): view('lokasi/v_beranda')
 5 SYSTEMPATH\View\View.php(213): include('APPPATH\\Views\\v_template_front_end.php')
 6 SYSTEMPATH\View\View.php(216): CodeIgniter\View\View->CodeIgniter\View\{closure}()
 7 SYSTEMPATH\Common.php(1184): CodeIgniter\View\View->render('v_template_front_end', [], true)
 8 APPPATH\Controllers\Lokasi.php(263): view('v_template_front_end', [...])
 9 SYSTEMPATH\CodeIgniter.php(934): App\Controllers\Lokasi->beranda()
10 SYSTEMPATH\CodeIgniter.php(499): CodeIgniter\CodeIgniter->runController(Object(App\Controllers\Lokasi))
11 SYSTEMPATH\CodeIgniter.php(368): CodeIgniter\CodeIgniter->handleRequest(null, Object(Config\Cache), false)
12 FCPATH\index.php(67): CodeIgniter\CodeIgniter->run()
WARNING - 2023-08-05 19:16:44 --> [DEPRECATED] Array and string offset access syntax with curly braces is deprecated in APPPATH\Views\lokasi\v_beranda.php on line 57.
 1 SYSTEMPATH\View\View.php(213): include()
 2 SYSTEMPATH\View\View.php(216): CodeIgniter\View\View->CodeIgniter\View\{closure}()
 3 SYSTEMPATH\Common.php(1184): CodeIgniter\View\View->render('lokasi/v_beranda', [], true)
 4 APPPATH\Views\v_template_front_end.php(127): view('lokasi/v_beranda')
 5 SYSTEMPATH\View\View.php(213): include('APPPATH\\Views\\v_template_front_end.php')
 6 SYSTEMPATH\View\View.php(216): CodeIgniter\View\View->CodeIgniter\View\{closure}()
 7 SYSTEMPATH\Common.php(1184): CodeIgniter\View\View->render('v_template_front_end', [], true)
 8 APPPATH\Controllers\Lokasi.php(263): view('v_template_front_end', [...])
 9 SYSTEMPATH\CodeIgniter.php(934): App\Controllers\Lokasi->beranda()
10 SYSTEMPATH\CodeIgniter.php(499): CodeIgniter\CodeIgniter->runController(Object(App\Controllers\Lokasi))
11 SYSTEMPATH\CodeIgniter.php(368): CodeIgniter\CodeIgniter->handleRequest(null, Object(Config\Cache), false)
12 FCPATH\index.php(67): CodeIgniter\CodeIgniter->run()
INFO - 2023-08-05 19:16:48 --> Session: Class initialized using 'CodeIgniter\Session\Handlers\FileHandler' driver.
CRITICAL - 2023-08-05 19:16:50 --> Trying to access array offset on value of type null
in APPPATH\Views\lokasi\v_detail_back.php on line 14.
 1 APPPATH\Views\lokasi\v_detail_back.php(14): CodeIgniter\Debug\Exceptions->errorHandler(8, 'Trying to access array offset on value of type null', 'APPPATH\\Views\\lokasi\\v_detail_back.php', 14, [...])
 2 SYSTEMPATH\View\View.php(213): include('APPPATH\\Views\\lokasi\\v_detail_back.php')
 3 SYSTEMPATH\View\View.php(216): CodeIgniter\View\View->CodeIgniter\View\{closure}()
 4 SYSTEMPATH\Common.php(1184): CodeIgniter\View\View->render('Lokasi/v_detail_back', [], true)
 5 APPPATH\Views\v_template_front_end.php(127): view('Lokasi/v_detail_back')
 6 SYSTEMPATH\View\View.php(213): include('APPPATH\\Views\\v_template_front_end.php')
 7 SYSTEMPATH\View\View.php(216): CodeIgniter\View\View->CodeIgniter\View\{closure}()
 8 SYSTEMPATH\Common.php(1184): CodeIgniter\View\View->render('v_template_front_end', [], true)
 9 APPPATH\Controllers\Lokasi.php(321): view('v_template_front_end', [...])
10 SYSTEMPATH\CodeIgniter.php(934): App\Controllers\Lokasi->Detail('js', 'sb-admin-2.min.js')
11 SYSTEMPATH\CodeIgniter.php(499): CodeIgniter\CodeIgniter->runController(Object(App\Controllers\Lokasi))
12 SYSTEMPATH\CodeIgniter.php(368): CodeIgniter\CodeIgniter->handleRequest(null, Object(Config\Cache), false)
13 FCPATH\index.php(67): CodeIgniter\CodeIgniter->run()
CRITICAL - 2023-08-05 19:17:05 --> Trying to access array offset on value of type null
in APPPATH\Views\lokasi\v_rute_back.php on line 11.
 1 APPPATH\Views\lokasi\v_rute_back.php(11): CodeIgniter\Debug\Exceptions->errorHandler(8, 'Trying to access array offset on value of type null', 'APPPATH\\Views\\lokasi\\v_rute_back.php', 11, [...])
 2 SYSTEMPATH\View\View.php(213): include('APPPATH\\Views\\lokasi\\v_rute_back.php')
 3 SYSTEMPATH\View\View.php(216): CodeIgniter\View\View->CodeIgniter\View\{closure}()
 4 SYSTEMPATH\Common.php(1184): CodeIgniter\View\View->render('Lokasi/v_rute_back', [], true)
 5 APPPATH\Views\v_template_front_end.php(127): view('Lokasi/v_rute_back')
 6 SYSTEMPATH\View\View.php(213): include('APPPATH\\Views\\v_template_front_end.php')
 7 SYSTEMPATH\View\View.php(216): CodeIgniter\View\View->CodeIgniter\View\{closure}()
 8 SYSTEMPATH\Common.php(1184): CodeIgniter\View\View->render('v_template_front_end', [], true)
 9 APPPATH\Controllers\Lokasi.php(311): view('v_template_front_end', [...])
10 SYSTEMPATH\CodeIgniter.php(934): App\Controllers\Lokasi->ruteBack('js', 'sb-admin-2.min.js')
11 SYSTEMPATH\CodeIgniter.php(499): CodeIgniter\CodeIgniter->runController(Object(App\Controllers\Lokasi))
12 SYSTEMPATH\CodeIgniter.php(368): CodeIgniter\CodeIgniter->handleRequest(null, Object(Config\Cache), false)
13 FCPATH\index.php(67): CodeIgniter\CodeIgniter->run()
CRITICAL - 2023-08-05 19:27:00 --> Trying to access array offset on value of type null
in APPPATH\Views\lokasi\v_rute_back.php on line 11.
 1 APPPATH\Views\lokasi\v_rute_back.php(11): CodeIgniter\Debug\Exceptions->errorHandler(8, 'Trying to access array offset on value of type null', 'APPPATH\\Views\\lokasi\\v_rute_back.php', 11, [...])
 2 SYSTEMPATH\View\View.php(213): include('APPPATH\\Views\\lokasi\\v_rute_back.php')
 3 SYSTEMPATH\View\View.php(216): CodeIgniter\View\View->CodeIgniter\View\{closure}()
 4 SYSTEMPATH\Common.php(1184): CodeIgniter\View\View->render('Lokasi/v_rute_back', [], true)
 5 APPPATH\Views\v_template_front_end.php(127): view('Lokasi/v_rute_back')
 6 SYSTEMPATH\View\View.php(213): include('APPPATH\\Views\\v_template_front_end.php')
 7 SYSTEMPATH\View\View.php(216): CodeIgniter\View\View->CodeIgniter\View\{closure}()
 8 SYSTEMPATH\Common.php(1184): CodeIgniter\View\View->render('v_template_front_end', [], true)
 9 APPPATH\Controllers\Lokasi.php(311): view('v_template_front_end', [...])
10 SYSTEMPATH\CodeIgniter.php(934): App\Controllers\Lokasi->ruteBack('js', 'sb-admin-2.min.js')
11 SYSTEMPATH\CodeIgniter.php(499): CodeIgniter\CodeIgniter->runController(Object(App\Controllers\Lokasi))
12 SYSTEMPATH\CodeIgniter.php(368): CodeIgniter\CodeIgniter->handleRequest(null, Object(Config\Cache), false)
13 FCPATH\index.php(67): CodeIgniter\CodeIgniter->run()
CRITICAL - 2023-08-05 19:28:08 --> Trying to access array offset on value of type null
in APPPATH\Views\lokasi\v_rute_back.php on line 11.
 1 APPPATH\Views\lokasi\v_rute_back.php(11): CodeIgniter\Debug\Exceptions->errorHandler(8, 'Trying to access array offset on value of type null', 'APPPATH\\Views\\lokasi\\v_rute_back.php', 11, [...])
 2 SYSTEMPATH\View\View.php(213): include('APPPATH\\Views\\lokasi\\v_rute_back.php')
 3 SYSTEMPATH\View\View.php(216): CodeIgniter\View\View->CodeIgniter\View\{closure}()
 4 SYSTEMPATH\Common.php(1184): CodeIgniter\View\View->render('Lokasi/v_rute_back', [], true)
 5 APPPATH\Views\v_template_front_end.php(127): view('Lokasi/v_rute_back')
 6 SYSTEMPATH\View\View.php(213): include('APPPATH\\Views\\v_template_front_end.php')
 7 SYSTEMPATH\View\View.php(216): CodeIgniter\View\View->CodeIgniter\View\{closure}()
 8 SYSTEMPATH\Common.php(1184): CodeIgniter\View\View->render('v_template_front_end', [], true)
 9 APPPATH\Controllers\Lokasi.php(311): view('v_template_front_end', [...])
10 SYSTEMPATH\CodeIgniter.php(934): App\Controllers\Lokasi->ruteBack('js', 'sb-admin-2.min.js')
11 SYSTEMPATH\CodeIgniter.php(499): CodeIgniter\CodeIgniter->runController(Object(App\Controllers\Lokasi))
12 SYSTEMPATH\CodeIgniter.php(368): CodeIgniter\CodeIgniter->handleRequest(null, Object(Config\Cache), false)
13 FCPATH\index.php(67): CodeIgniter\CodeIgniter->run()
CRITICAL - 2023-08-05 19:28:20 --> Trying to access array offset on value of type null
in APPPATH\Views\lokasi\v_rute_back.php on line 11.
 1 APPPATH\Views\lokasi\v_rute_back.php(11): CodeIgniter\Debug\Exceptions->errorHandler(8, 'Trying to access array offset on value of type null', 'APPPATH\\Views\\lokasi\\v_rute_back.php', 11, [...])
 2 SYSTEMPATH\View\View.php(213): include('APPPATH\\Views\\lokasi\\v_rute_back.php')
 3 SYSTEMPATH\View\View.php(216): CodeIgniter\View\View->CodeIgniter\View\{closure}()
 4 SYSTEMPATH\Common.php(1184): CodeIgniter\View\View->render('Lokasi/v_rute_back', [], true)
 5 APPPATH\Views\v_template_front_end.php(127): view('Lokasi/v_rute_back')
 6 SYSTEMPATH\View\View.php(213): include('APPPATH\\Views\\v_template_front_end.php')
 7 SYSTEMPATH\View\View.php(216): CodeIgniter\View\View->CodeIgniter\View\{closure}()
 8 SYSTEMPATH\Common.php(1184): CodeIgniter\View\View->render('v_template_front_end', [], true)
 9 APPPATH\Controllers\Lokasi.php(311): view('v_template_front_end', [...])
10 SYSTEMPATH\CodeIgniter.php(934): App\Controllers\Lokasi->ruteBack('js', 'sb-admin-2.min.js')
11 SYSTEMPATH\CodeIgniter.php(499): CodeIgniter\CodeIgniter->runController(Object(App\Controllers\Lokasi))
12 SYSTEMPATH\CodeIgniter.php(368): CodeIgniter\CodeIgniter->handleRequest(null, Object(Config\Cache), false)
13 FCPATH\index.php(67): CodeIgniter\CodeIgniter->run()
CRITICAL - 2023-08-05 19:29:51 --> Trying to access array offset on value of type null
in APPPATH\Views\lokasi\v_rute_back.php on line 11.
 1 APPPATH\Views\lokasi\v_rute_back.php(11): CodeIgniter\Debug\Exceptions->errorHandler(8, 'Trying to access array offset on value of type null', 'APPPATH\\Views\\lokasi\\v_rute_back.php', 11, [...])
 2 SYSTEMPATH\View\View.php(213): include('APPPATH\\Views\\lokasi\\v_rute_back.php')
 3 SYSTEMPATH\View\View.php(216): CodeIgniter\View\View->CodeIgniter\View\{closure}()
 4 SYSTEMPATH\Common.php(1184): CodeIgniter\View\View->render('Lokasi/v_rute_back', [], true)
 5 APPPATH\Views\v_template_front_end.php(127): view('Lokasi/v_rute_back')
 6 SYSTEMPATH\View\View.php(213): include('APPPATH\\Views\\v_template_front_end.php')
 7 SYSTEMPATH\View\View.php(216): CodeIgniter\View\View->CodeIgniter\View\{closure}()
 8 SYSTEMPATH\Common.php(1184): CodeIgniter\View\View->render('v_template_front_end', [], true)
 9 APPPATH\Controllers\Lokasi.php(311): view('v_template_front_end', [...])
10 SYSTEMPATH\CodeIgniter.php(934): App\Controllers\Lokasi->ruteBack('js', 'sb-admin-2.min.js')
11 SYSTEMPATH\CodeIgniter.php(499): CodeIgniter\CodeIgniter->runController(Object(App\Controllers\Lokasi))
12 SYSTEMPATH\CodeIgniter.php(368): CodeIgniter\CodeIgniter->handleRequest(null, Object(Config\Cache), false)
13 FCPATH\index.php(67): CodeIgniter\CodeIgniter->run()
CRITICAL - 2023-08-05 19:30:52 --> Trying to access array offset on value of type null
in APPPATH\Views\lokasi\v_rute_back.php on line 11.
 1 APPPATH\Views\lokasi\v_rute_back.php(11): CodeIgniter\Debug\Exceptions->errorHandler(8, 'Trying to access array offset on value of type null', 'APPPATH\\Views\\lokasi\\v_rute_back.php', 11, [...])
 2 SYSTEMPATH\View\View.php(213): include('APPPATH\\Views\\lokasi\\v_rute_back.php')
 3 SYSTEMPATH\View\View.php(216): CodeIgniter\View\View->CodeIgniter\View\{closure}()
 4 SYSTEMPATH\Common.php(1184): CodeIgniter\View\View->render('Lokasi/v_rute_back', [], true)
 5 APPPATH\Views\v_template_front_end.php(127): view('Lokasi/v_rute_back')
 6 SYSTEMPATH\View\View.php(213): include('APPPATH\\Views\\v_template_front_end.php')
 7 SYSTEMPATH\View\View.php(216): CodeIgniter\View\View->CodeIgniter\View\{closure}()
 8 SYSTEMPATH\Common.php(1184): CodeIgniter\View\View->render('v_template_front_end', [], true)
 9 APPPATH\Controllers\Lokasi.php(311): view('v_template_front_end', [...])
10 SYSTEMPATH\CodeIgniter.php(934): App\Controllers\Lokasi->ruteBack('js', 'sb-admin-2.min.js')
11 SYSTEMPATH\CodeIgniter.php(499): CodeIgniter\CodeIgniter->runController(Object(App\Controllers\Lokasi))
12 SYSTEMPATH\CodeIgniter.php(368): CodeIgniter\CodeIgniter->handleRequest(null, Object(Config\Cache), false)
13 FCPATH\index.php(67): CodeIgniter\CodeIgniter->run()
CRITICAL - 2023-08-05 19:34:19 --> Trying to access array offset on value of type null
in APPPATH\Views\lokasi\v_rute_back.php on line 11.
 1 APPPATH\Views\lokasi\v_rute_back.php(11): CodeIgniter\Debug\Exceptions->errorHandler(8, 'Trying to access array offset on value of type null', 'APPPATH\\Views\\lokasi\\v_rute_back.php', 11, [...])
 2 SYSTEMPATH\View\View.php(213): include('APPPATH\\Views\\lokasi\\v_rute_back.php')
 3 SYSTEMPATH\View\View.php(216): CodeIgniter\View\View->CodeIgniter\View\{closure}()
 4 SYSTEMPATH\Common.php(1184): CodeIgniter\View\View->render('Lokasi/v_rute_back', [], true)
 5 APPPATH\Views\v_template_front_end.php(127): view('Lokasi/v_rute_back')
 6 SYSTEMPATH\View\View.php(213): include('APPPATH\\Views\\v_template_front_end.php')
 7 SYSTEMPATH\View\View.php(216): CodeIgniter\View\View->CodeIgniter\View\{closure}()
 8 SYSTEMPATH\Common.php(1184): CodeIgniter\View\View->render('v_template_front_end', [], true)
 9 APPPATH\Controllers\Lokasi.php(311): view('v_template_front_end', [...])
10 SYSTEMPATH\CodeIgniter.php(934): App\Controllers\Lokasi->ruteBack('js', 'sb-admin-2.min.js')
11 SYSTEMPATH\CodeIgniter.php(499): CodeIgniter\CodeIgniter->runController(Object(App\Controllers\Lokasi))
12 SYSTEMPATH\CodeIgniter.php(368): CodeIgniter\CodeIgniter->handleRequest(null, Object(Config\Cache), false)
13 FCPATH\index.php(67): CodeIgniter\CodeIgniter->run()
CRITICAL - 2023-08-05 19:34:28 --> Trying to access array offset on value of type null
in APPPATH\Views\lokasi\v_rute_back.php on line 11.
 1 APPPATH\Views\lokasi\v_rute_back.php(11): CodeIgniter\Debug\Exceptions->errorHandler(8, 'Trying to access array offset on value of type null', 'APPPATH\\Views\\lokasi\\v_rute_back.php', 11, [...])
 2 SYSTEMPATH\View\View.php(213): include('APPPATH\\Views\\lokasi\\v_rute_back.php')
 3 SYSTEMPATH\View\View.php(216): CodeIgniter\View\View->CodeIgniter\View\{closure}()
 4 SYSTEMPATH\Common.php(1184): CodeIgniter\View\View->render('Lokasi/v_rute_back', [], true)
 5 APPPATH\Views\v_template_front_end.php(127): view('Lokasi/v_rute_back')
 6 SYSTEMPATH\View\View.php(213): include('APPPATH\\Views\\v_template_front_end.php')
 7 SYSTEMPATH\View\View.php(216): CodeIgniter\View\View->CodeIgniter\View\{closure}()
 8 SYSTEMPATH\Common.php(1184): CodeIgniter\View\View->render('v_template_front_end', [], true)
 9 APPPATH\Controllers\Lokasi.php(311): view('v_template_front_end', [...])
10 SYSTEMPATH\CodeIgniter.php(934): App\Controllers\Lokasi->ruteBack('js', 'sb-admin-2.min.js')
11 SYSTEMPATH\CodeIgniter.php(499): CodeIgniter\CodeIgniter->runController(Object(App\Controllers\Lokasi))
12 SYSTEMPATH\CodeIgniter.php(368): CodeIgniter\CodeIgniter->handleRequest(null, Object(Config\Cache), false)
13 FCPATH\index.php(67): CodeIgniter\CodeIgniter->run()
CRITICAL - 2023-08-05 19:34:37 --> Trying to access array offset on value of type null
in APPPATH\Views\lokasi\v_rute_back.php on line 11.
 1 APPPATH\Views\lokasi\v_rute_back.php(11): CodeIgniter\Debug\Exceptions->errorHandler(8, 'Trying to access array offset on value of type null', 'APPPATH\\Views\\lokasi\\v_rute_back.php', 11, [...])
 2 SYSTEMPATH\View\View.php(213): include('APPPATH\\Views\\lokasi\\v_rute_back.php')
 3 SYSTEMPATH\View\View.php(216): CodeIgniter\View\View->CodeIgniter\View\{closure}()
 4 SYSTEMPATH\Common.php(1184): CodeIgniter\View\View->render('Lokasi/v_rute_back', [], true)
 5 APPPATH\Views\v_template_front_end.php(127): view('Lokasi/v_rute_back')
 6 SYSTEMPATH\View\View.php(213): include('APPPATH\\Views\\v_template_front_end.php')
 7 SYSTEMPATH\View\View.php(216): CodeIgniter\View\View->CodeIgniter\View\{closure}()
 8 SYSTEMPATH\Common.php(1184): CodeIgniter\View\View->render('v_template_front_end', [], true)
 9 APPPATH\Controllers\Lokasi.php(311): view('v_template_front_end', [...])
10 SYSTEMPATH\CodeIgniter.php(934): App\Controllers\Lokasi->ruteBack('js', 'sb-admin-2.min.js')
11 SYSTEMPATH\CodeIgniter.php(499): CodeIgniter\CodeIgniter->runController(Object(App\Controllers\Lokasi))
12 SYSTEMPATH\CodeIgniter.php(368): CodeIgniter\CodeIgniter->handleRequest(null, Object(Config\Cache), false)
13 FCPATH\index.php(67): CodeIgniter\CodeIgniter->run()
INFO - 2023-08-05 19:34:58 --> Session: Class initialized using 'CodeIgniter\Session\Handlers\FileHandler' driver.
CRITICAL - 2023-08-05 19:36:26 --> Trying to access array offset on value of type null
in APPPATH\Views\lokasi\v_rute_back.php on line 11.
 1 APPPATH\Views\lokasi\v_rute_back.php(11): CodeIgniter\Debug\Exceptions->errorHandler(8, 'Trying to access array offset on value of type null', 'APPPATH\\Views\\lokasi\\v_rute_back.php', 11, [...])
 2 SYSTEMPATH\View\View.php(213): include('APPPATH\\Views\\lokasi\\v_rute_back.php')
 3 SYSTEMPATH\View\View.php(216): CodeIgniter\View\View->CodeIgniter\View\{closure}()
 4 SYSTEMPATH\Common.php(1184): CodeIgniter\View\View->render('Lokasi/v_rute_back', [], true)
 5 APPPATH\Views\v_template_front_end.php(125): view('Lokasi/v_rute_back')
 6 SYSTEMPATH\View\View.php(213): include('APPPATH\\Views\\v_template_front_end.php')
 7 SYSTEMPATH\View\View.php(216): CodeIgniter\View\View->CodeIgniter\View\{closure}()
 8 SYSTEMPATH\Common.php(1184): CodeIgniter\View\View->render('v_template_front_end', [], true)
 9 APPPATH\Controllers\Lokasi.php(311): view('v_template_front_end', [...])
10 SYSTEMPATH\CodeIgniter.php(934): App\Controllers\Lokasi->ruteBack('js', 'sb-admin-2.min.js')
11 SYSTEMPATH\CodeIgniter.php(499): CodeIgniter\CodeIgniter->runController(Object(App\Controllers\Lokasi))
12 SYSTEMPATH\CodeIgniter.php(368): CodeIgniter\CodeIgniter->handleRequest(null, Object(Config\Cache), false)
13 FCPATH\index.php(67): CodeIgniter\CodeIgniter->run()
WARNING - 2023-08-05 19:37:10 --> [DEPRECATED] Array and string offset access syntax with curly braces is deprecated in APPPATH\Views\lokasi\v_beranda.php on line 55.
 1 SYSTEMPATH\View\View.php(213): include()
 2 SYSTEMPATH\View\View.php(216): CodeIgniter\View\View->CodeIgniter\View\{closure}()
 3 SYSTEMPATH\Common.php(1184): CodeIgniter\View\View->render('lokasi/v_beranda', [], true)
 4 APPPATH\Views\v_template_front_end.php(127): view('lokasi/v_beranda')
 5 SYSTEMPATH\View\View.php(213): include('APPPATH\\Views\\v_template_front_end.php')
 6 SYSTEMPATH\View\View.php(216): CodeIgniter\View\View->CodeIgniter\View\{closure}()
 7 SYSTEMPATH\Common.php(1184): CodeIgniter\View\View->render('v_template_front_end', [], true)
 8 APPPATH\Controllers\Lokasi.php(263): view('v_template_front_end', [...])
 9 SYSTEMPATH\CodeIgniter.php(934): App\Controllers\Lokasi->beranda()
10 SYSTEMPATH\CodeIgniter.php(499): CodeIgniter\CodeIgniter->runController(Object(App\Controllers\Lokasi))
11 SYSTEMPATH\CodeIgniter.php(368): CodeIgniter\CodeIgniter->handleRequest(null, Object(Config\Cache), false)
12 FCPATH\index.php(67): CodeIgniter\CodeIgniter->run()
WARNING - 2023-08-05 19:37:10 --> [DEPRECATED] Array and string offset access syntax with curly braces is deprecated in APPPATH\Views\lokasi\v_beranda.php on line 57.
 1 SYSTEMPATH\View\View.php(213): include()
 2 SYSTEMPATH\View\View.php(216): CodeIgniter\View\View->CodeIgniter\View\{closure}()
 3 SYSTEMPATH\Common.php(1184): CodeIgniter\View\View->render('lokasi/v_beranda', [], true)
 4 APPPATH\Views\v_template_front_end.php(127): view('lokasi/v_beranda')
 5 SYSTEMPATH\View\View.php(213): include('APPPATH\\Views\\v_template_front_end.php')
 6 SYSTEMPATH\View\View.php(216): CodeIgniter\View\View->CodeIgniter\View\{closure}()
 7 SYSTEMPATH\Common.php(1184): CodeIgniter\View\View->render('v_template_front_end', [], true)
 8 APPPATH\Controllers\Lokasi.php(263): view('v_template_front_end', [...])
 9 SYSTEMPATH\CodeIgniter.php(934): App\Controllers\Lokasi->beranda()
10 SYSTEMPATH\CodeIgniter.php(499): CodeIgniter\CodeIgniter->runController(Object(App\Controllers\Lokasi))
11 SYSTEMPATH\CodeIgniter.php(368): CodeIgniter\CodeIgniter->handleRequest(null, Object(Config\Cache), false)
12 FCPATH\index.php(67): CodeIgniter\CodeIgniter->run()
INFO - 2023-08-05 19:37:20 --> Session: Class initialized using 'CodeIgniter\Session\Handlers\FileHandler' driver.
CRITICAL - 2023-08-05 19:37:30 --> Trying to access array offset on value of type null
in APPPATH\Views\lokasi\v_rute_back.php on line 11.
 1 APPPATH\Views\lokasi\v_rute_back.php(11): CodeIgniter\Debug\Exceptions->errorHandler(8, 'Trying to access array offset on value of type null', 'APPPATH\\Views\\lokasi\\v_rute_back.php', 11, [...])
 2 SYSTEMPATH\View\View.php(213): include('APPPATH\\Views\\lokasi\\v_rute_back.php')
 3 SYSTEMPATH\View\View.php(216): CodeIgniter\View\View->CodeIgniter\View\{closure}()
 4 SYSTEMPATH\Common.php(1184): CodeIgniter\View\View->render('Lokasi/v_rute_back', [], true)
 5 APPPATH\Views\v_template_front_end.php(127): view('Lokasi/v_rute_back')
 6 SYSTEMPATH\View\View.php(213): include('APPPATH\\Views\\v_template_front_end.php')
 7 SYSTEMPATH\View\View.php(216): CodeIgniter\View\View->CodeIgniter\View\{closure}()
 8 SYSTEMPATH\Common.php(1184): CodeIgniter\View\View->render('v_template_front_end', [], true)
 9 APPPATH\Controllers\Lokasi.php(311): view('v_template_front_end', [...])
10 SYSTEMPATH\CodeIgniter.php(934): App\Controllers\Lokasi->ruteBack('js', 'sb-admin-2.min.js')
11 SYSTEMPATH\CodeIgniter.php(499): CodeIgniter\CodeIgniter->runController(Object(App\Controllers\Lokasi))
12 SYSTEMPATH\CodeIgniter.php(368): CodeIgniter\CodeIgniter->handleRequest(null, Object(Config\Cache), false)
13 FCPATH\index.php(67): CodeIgniter\CodeIgniter->run()
CRITICAL - 2023-08-05 19:40:12 --> Trying to access array offset on value of type null
in APPPATH\Views\lokasi\v_rute_back.php on line 11.
 1 APPPATH\Views\lokasi\v_rute_back.php(11): CodeIgniter\Debug\Exceptions->errorHandler(8, 'Trying to access array offset on value of type null', 'APPPATH\\Views\\lokasi\\v_rute_back.php', 11, [...])
 2 SYSTEMPATH\View\View.php(213): include('APPPATH\\Views\\lokasi\\v_rute_back.php')
 3 SYSTEMPATH\View\View.php(216): CodeIgniter\View\View->CodeIgniter\View\{closure}()
 4 SYSTEMPATH\Common.php(1184): CodeIgniter\View\View->render('Lokasi/v_rute_back', [], true)
 5 APPPATH\Views\v_template_front_end.php(127): view('Lokasi/v_rute_back')
 6 SYSTEMPATH\View\View.php(213): include('APPPATH\\Views\\v_template_front_end.php')
 7 SYSTEMPATH\View\View.php(216): CodeIgniter\View\View->CodeIgniter\View\{closure}()
 8 SYSTEMPATH\Common.php(1184): CodeIgniter\View\View->render('v_template_front_end', [], true)
 9 APPPATH\Controllers\Lokasi.php(311): view('v_template_front_end', [...])
10 SYSTEMPATH\CodeIgniter.php(934): App\Controllers\Lokasi->ruteBack('js', 'sb-admin-2.min.js')
11 SYSTEMPATH\CodeIgniter.php(499): CodeIgniter\CodeIgniter->runController(Object(App\Controllers\Lokasi))
12 SYSTEMPATH\CodeIgniter.php(368): CodeIgniter\CodeIgniter->handleRequest(null, Object(Config\Cache), false)
13 FCPATH\index.php(67): CodeIgniter\CodeIgniter->run()
CRITICAL - 2023-08-05 19:44:22 --> Trying to access array offset on value of type null
in APPPATH\Views\lokasi\v_rute_back.php on line 11.
 1 APPPATH\Views\lokasi\v_rute_back.php(11): CodeIgniter\Debug\Exceptions->errorHandler(8, 'Trying to access array offset on value of type null', 'APPPATH\\Views\\lokasi\\v_rute_back.php', 11, [...])
 2 SYSTEMPATH\View\View.php(213): include('APPPATH\\Views\\lokasi\\v_rute_back.php')
 3 SYSTEMPATH\View\View.php(216): CodeIgniter\View\View->CodeIgniter\View\{closure}()
 4 SYSTEMPATH\Common.php(1184): CodeIgniter\View\View->render('Lokasi/v_rute_back', [], true)
 5 APPPATH\Views\v_template_front_end.php(127): view('Lokasi/v_rute_back')
 6 SYSTEMPATH\View\View.php(213): include('APPPATH\\Views\\v_template_front_end.php')
 7 SYSTEMPATH\View\View.php(216): CodeIgniter\View\View->CodeIgniter\View\{closure}()
 8 SYSTEMPATH\Common.php(1184): CodeIgniter\View\View->render('v_template_front_end', [], true)
 9 APPPATH\Controllers\Lokasi.php(311): view('v_template_front_end', [...])
10 SYSTEMPATH\CodeIgniter.php(934): App\Controllers\Lokasi->ruteBack('js', 'sb-admin-2.min.js')
11 SYSTEMPATH\CodeIgniter.php(499): CodeIgniter\CodeIgniter->runController(Object(App\Controllers\Lokasi))
12 SYSTEMPATH\CodeIgniter.php(368): CodeIgniter\CodeIgniter->handleRequest(null, Object(Config\Cache), false)
13 FCPATH\index.php(67): CodeIgniter\CodeIgniter->run()
CRITICAL - 2023-08-05 19:48:22 --> Trying to access array offset on value of type null
in APPPATH\Views\lokasi\v_rute_back.php on line 11.
 1 APPPATH\Views\lokasi\v_rute_back.php(11): CodeIgniter\Debug\Exceptions->errorHandler(8, 'Trying to access array offset on value of type null', 'APPPATH\\Views\\lokasi\\v_rute_back.php', 11, [...])
 2 SYSTEMPATH\View\View.php(213): include('APPPATH\\Views\\lokasi\\v_rute_back.php')
 3 SYSTEMPATH\View\View.php(216): CodeIgniter\View\View->CodeIgniter\View\{closure}()
 4 SYSTEMPATH\Common.php(1184): CodeIgniter\View\View->render('Lokasi/v_rute_back', [], true)
 5 APPPATH\Views\v_template_front_end.php(127): view('Lokasi/v_rute_back')
 6 SYSTEMPATH\View\View.php(213): include('APPPATH\\Views\\v_template_front_end.php')
 7 SYSTEMPATH\View\View.php(216): CodeIgniter\View\View->CodeIgniter\View\{closure}()
 8 SYSTEMPATH\Common.php(1184): CodeIgniter\View\View->render('v_template_front_end', [], true)
 9 APPPATH\Controllers\Lokasi.php(311): view('v_template_front_end', [...])
10 SYSTEMPATH\CodeIgniter.php(934): App\Controllers\Lokasi->ruteBack('js', 'sb-admin-2.min.js')
11 SYSTEMPATH\CodeIgniter.php(499): CodeIgniter\CodeIgniter->runController(Object(App\Controllers\Lokasi))
12 SYSTEMPATH\CodeIgniter.php(368): CodeIgniter\CodeIgniter->handleRequest(null, Object(Config\Cache), false)
13 FCPATH\index.php(67): CodeIgniter\CodeIgniter->run()
CRITICAL - 2023-08-05 19:49:13 --> Trying to access array offset on value of type null
in APPPATH\Views\lokasi\v_rute_back.php on line 11.
 1 APPPATH\Views\lokasi\v_rute_back.php(11): CodeIgniter\Debug\Exceptions->errorHandler(8, 'Trying to access array offset on value of type null', 'APPPATH\\Views\\lokasi\\v_rute_back.php', 11, [...])
 2 SYSTEMPATH\View\View.php(213): include('APPPATH\\Views\\lokasi\\v_rute_back.php')
 3 SYSTEMPATH\View\View.php(216): CodeIgniter\View\View->CodeIgniter\View\{closure}()
 4 SYSTEMPATH\Common.php(1184): CodeIgniter\View\View->render('Lokasi/v_rute_back', [], true)
 5 APPPATH\Views\v_template_front_end.php(127): view('Lokasi/v_rute_back')
 6 SYSTEMPATH\View\View.php(213): include('APPPATH\\Views\\v_template_front_end.php')
 7 SYSTEMPATH\View\View.php(216): CodeIgniter\View\View->CodeIgniter\View\{closure}()
 8 SYSTEMPATH\Common.php(1184): CodeIgniter\View\View->render('v_template_front_end', [], true)
 9 APPPATH\Controllers\Lokasi.php(311): view('v_template_front_end', [...])
10 SYSTEMPATH\CodeIgniter.php(934): App\Controllers\Lokasi->ruteBack('js', 'sb-admin-2.min.js')
11 SYSTEMPATH\CodeIgniter.php(499): CodeIgniter\CodeIgniter->runController(Object(App\Controllers\Lokasi))
12 SYSTEMPATH\CodeIgniter.php(368): CodeIgniter\CodeIgniter->handleRequest(null, Object(Config\Cache), false)
13 FCPATH\index.php(67): CodeIgniter\CodeIgniter->run()
CRITICAL - 2023-08-05 19:50:49 --> Trying to access array offset on value of type null
in APPPATH\Views\lokasi\v_rute_back.php on line 11.
 1 APPPATH\Views\lokasi\v_rute_back.php(11): CodeIgniter\Debug\Exceptions->errorHandler(8, 'Trying to access array offset on value of type null', 'APPPATH\\Views\\lokasi\\v_rute_back.php', 11, [...])
 2 SYSTEMPATH\View\View.php(213): include('APPPATH\\Views\\lokasi\\v_rute_back.php')
 3 SYSTEMPATH\View\View.php(216): CodeIgniter\View\View->CodeIgniter\View\{closure}()
 4 SYSTEMPATH\Common.php(1184): CodeIgniter\View\View->render('Lokasi/v_rute_back', [], true)
 5 APPPATH\Views\v_template_front_end.php(127): view('Lokasi/v_rute_back')
 6 SYSTEMPATH\View\View.php(213): include('APPPATH\\Views\\v_template_front_end.php')
 7 SYSTEMPATH\View\View.php(216): CodeIgniter\View\View->CodeIgniter\View\{closure}()
 8 SYSTEMPATH\Common.php(1184): CodeIgniter\View\View->render('v_template_front_end', [], true)
 9 APPPATH\Controllers\Lokasi.php(311): view('v_template_front_end', [...])
10 SYSTEMPATH\CodeIgniter.php(934): App\Controllers\Lokasi->ruteBack('js', 'sb-admin-2.min.js')
11 SYSTEMPATH\CodeIgniter.php(499): CodeIgniter\CodeIgniter->runController(Object(App\Controllers\Lokasi))
12 SYSTEMPATH\CodeIgniter.php(368): CodeIgniter\CodeIgniter->handleRequest(null, Object(Config\Cache), false)
13 FCPATH\index.php(67): CodeIgniter\CodeIgniter->run()
CRITICAL - 2023-08-05 19:54:01 --> Trying to access array offset on value of type null
in APPPATH\Views\lokasi\v_rute_back.php on line 11.
 1 APPPATH\Views\lokasi\v_rute_back.php(11): CodeIgniter\Debug\Exceptions->errorHandler(8, 'Trying to access array offset on value of type null', 'APPPATH\\Views\\lokasi\\v_rute_back.php', 11, [...])
 2 SYSTEMPATH\View\View.php(213): include('APPPATH\\Views\\lokasi\\v_rute_back.php')
 3 SYSTEMPATH\View\View.php(216): CodeIgniter\View\View->CodeIgniter\View\{closure}()
 4 SYSTEMPATH\Common.php(1184): CodeIgniter\View\View->render('Lokasi/v_rute_back', [], true)
 5 APPPATH\Views\v_template_front_end.php(127): view('Lokasi/v_rute_back')
 6 SYSTEMPATH\View\View.php(213): include('APPPATH\\Views\\v_template_front_end.php')
 7 SYSTEMPATH\View\View.php(216): CodeIgniter\View\View->CodeIgniter\View\{closure}()
 8 SYSTEMPATH\Common.php(1184): CodeIgniter\View\View->render('v_template_front_end', [], true)
 9 APPPATH\Controllers\Lokasi.php(311): view('v_template_front_end', [...])
10 SYSTEMPATH\CodeIgniter.php(934): App\Controllers\Lokasi->ruteBack('js', 'sb-admin-2.min.js')
11 SYSTEMPATH\CodeIgniter.php(499): CodeIgniter\CodeIgniter->runController(Object(App\Controllers\Lokasi))
12 SYSTEMPATH\CodeIgniter.php(368): CodeIgniter\CodeIgniter->handleRequest(null, Object(Config\Cache), false)
13 FCPATH\index.php(67): CodeIgniter\CodeIgniter->run()
CRITICAL - 2023-08-05 20:21:03 --> Trying to access array offset on value of type null
in APPPATH\Views\lokasi\v_rute_back.php on line 11.
 1 APPPATH\Views\lokasi\v_rute_back.php(11): CodeIgniter\Debug\Exceptions->errorHandler(8, 'Trying to access array offset on value of type null', 'APPPATH\\Views\\lokasi\\v_rute_back.php', 11, [...])
 2 SYSTEMPATH\View\View.php(213): include('APPPATH\\Views\\lokasi\\v_rute_back.php')
 3 SYSTEMPATH\View\View.php(216): CodeIgniter\View\View->CodeIgniter\View\{closure}()
 4 SYSTEMPATH\Common.php(1184): CodeIgniter\View\View->render('Lokasi/v_rute_back', [], true)
 5 APPPATH\Views\v_template_front_end.php(127): view('Lokasi/v_rute_back')
 6 SYSTEMPATH\View\View.php(213): include('APPPATH\\Views\\v_template_front_end.php')
 7 SYSTEMPATH\View\View.php(216): CodeIgniter\View\View->CodeIgniter\View\{closure}()
 8 SYSTEMPATH\Common.php(1184): CodeIgniter\View\View->render('v_template_front_end', [], true)
 9 APPPATH\Controllers\Lokasi.php(311): view('v_template_front_end', [...])
10 SYSTEMPATH\CodeIgniter.php(934): App\Controllers\Lokasi->ruteBack('js', 'sb-admin-2.min.js')
11 SYSTEMPATH\CodeIgniter.php(499): CodeIgniter\CodeIgniter->runController(Object(App\Controllers\Lokasi))
12 SYSTEMPATH\CodeIgniter.php(368): CodeIgniter\CodeIgniter->handleRequest(null, Object(Config\Cache), false)
13 FCPATH\index.php(67): CodeIgniter\CodeIgniter->run()
WARNING - 2023-08-05 20:25:51 --> [DEPRECATED] Array and string offset access syntax with curly braces is deprecated in APPPATH\Views\lokasi\v_beranda.php on line 55.
 1 SYSTEMPATH\View\View.php(213): include()
 2 SYSTEMPATH\View\View.php(216): CodeIgniter\View\View->CodeIgniter\View\{closure}()
 3 SYSTEMPATH\Common.php(1184): CodeIgniter\View\View->render('lokasi/v_beranda', [], true)
 4 APPPATH\Views\v_template_front_end.php(127): view('lokasi/v_beranda')
 5 SYSTEMPATH\View\View.php(213): include('APPPATH\\Views\\v_template_front_end.php')
 6 SYSTEMPATH\View\View.php(216): CodeIgniter\View\View->CodeIgniter\View\{closure}()
 7 SYSTEMPATH\Common.php(1184): CodeIgniter\View\View->render('v_template_front_end', [], true)
 8 APPPATH\Controllers\Lokasi.php(263): view('v_template_front_end', [...])
 9 SYSTEMPATH\CodeIgniter.php(934): App\Controllers\Lokasi->beranda()
10 SYSTEMPATH\CodeIgniter.php(499): CodeIgniter\CodeIgniter->runController(Object(App\Controllers\Lokasi))
11 SYSTEMPATH\CodeIgniter.php(368): CodeIgniter\CodeIgniter->handleRequest(null, Object(Config\Cache), false)
12 FCPATH\index.php(67): CodeIgniter\CodeIgniter->run()
WARNING - 2023-08-05 20:25:51 --> [DEPRECATED] Array and string offset access syntax with curly braces is deprecated in APPPATH\Views\lokasi\v_beranda.php on line 57.
 1 SYSTEMPATH\View\View.php(213): include()
 2 SYSTEMPATH\View\View.php(216): CodeIgniter\View\View->CodeIgniter\View\{closure}()
 3 SYSTEMPATH\Common.php(1184): CodeIgniter\View\View->render('lokasi/v_beranda', [], true)
 4 APPPATH\Views\v_template_front_end.php(127): view('lokasi/v_beranda')
 5 SYSTEMPATH\View\View.php(213): include('APPPATH\\Views\\v_template_front_end.php')
 6 SYSTEMPATH\View\View.php(216): CodeIgniter\View\View->CodeIgniter\View\{closure}()
 7 SYSTEMPATH\Common.php(1184): CodeIgniter\View\View->render('v_template_front_end', [], true)
 8 APPPATH\Controllers\Lokasi.php(263): view('v_template_front_end', [...])
 9 SYSTEMPATH\CodeIgniter.php(934): App\Controllers\Lokasi->beranda()
10 SYSTEMPATH\CodeIgniter.php(499): CodeIgniter\CodeIgniter->runController(Object(App\Controllers\Lokasi))
11 SYSTEMPATH\CodeIgniter.php(368): CodeIgniter\CodeIgniter->handleRequest(null, Object(Config\Cache), false)
12 FCPATH\index.php(67): CodeIgniter\CodeIgniter->run()
INFO - 2023-08-05 20:25:53 --> Session: Class initialized using 'CodeIgniter\Session\Handlers\FileHandler' driver.
CRITICAL - 2023-08-05 20:25:55 --> Trying to access array offset on value of type null
in APPPATH\Views\lokasi\v_detail_back.php on line 14.
 1 APPPATH\Views\lokasi\v_detail_back.php(14): CodeIgniter\Debug\Exceptions->errorHandler(8, 'Trying to access array offset on value of type null', 'APPPATH\\Views\\lokasi\\v_detail_back.php', 14, [...])
 2 SYSTEMPATH\View\View.php(213): include('APPPATH\\Views\\lokasi\\v_detail_back.php')
 3 SYSTEMPATH\View\View.php(216): CodeIgniter\View\View->CodeIgniter\View\{closure}()
 4 SYSTEMPATH\Common.php(1184): CodeIgniter\View\View->render('Lokasi/v_detail_back', [], true)
 5 APPPATH\Views\v_template_front_end.php(127): view('Lokasi/v_detail_back')
 6 SYSTEMPATH\View\View.php(213): include('APPPATH\\Views\\v_template_front_end.php')
 7 SYSTEMPATH\View\View.php(216): CodeIgniter\View\View->CodeIgniter\View\{closure}()
 8 SYSTEMPATH\Common.php(1184): CodeIgniter\View\View->render('v_template_front_end', [], true)
 9 APPPATH\Controllers\Lokasi.php(321): view('v_template_front_end', [...])
10 SYSTEMPATH\CodeIgniter.php(934): App\Controllers\Lokasi->Detail('js', 'sb-admin-2.min.js')
11 SYSTEMPATH\CodeIgniter.php(499): CodeIgniter\CodeIgniter->runController(Object(App\Controllers\Lokasi))
12 SYSTEMPATH\CodeIgniter.php(368): CodeIgniter\CodeIgniter->handleRequest(null, Object(Config\Cache), false)
13 FCPATH\index.php(67): CodeIgniter\CodeIgniter->run()
INFO - 2023-08-05 20:25:58 --> Session: Class initialized using 'CodeIgniter\Session\Handlers\FileHandler' driver.
CRITICAL - 2023-08-05 20:26:03 --> Trying to access array offset on value of type null
in APPPATH\Views\lokasi\v_rute_back.php on line 11.
 1 APPPATH\Views\lokasi\v_rute_back.php(11): CodeIgniter\Debug\Exceptions->errorHandler(8, 'Trying to access array offset on value of type null', 'APPPATH\\Views\\lokasi\\v_rute_back.php', 11, [...])
 2 SYSTEMPATH\View\View.php(213): include('APPPATH\\Views\\lokasi\\v_rute_back.php')
 3 SYSTEMPATH\View\View.php(216): CodeIgniter\View\View->CodeIgniter\View\{closure}()
 4 SYSTEMPATH\Common.php(1184): CodeIgniter\View\View->render('Lokasi/v_rute_back', [], true)
 5 APPPATH\Views\v_template_front_end.php(127): view('Lokasi/v_rute_back')
 6 SYSTEMPATH\View\View.php(213): include('APPPATH\\Views\\v_template_front_end.php')
 7 SYSTEMPATH\View\View.php(216): CodeIgniter\View\View->CodeIgniter\View\{closure}()
 8 SYSTEMPATH\Common.php(1184): CodeIgniter\View\View->render('v_template_front_end', [], true)
 9 APPPATH\Controllers\Lokasi.php(311): view('v_template_front_end', [...])
10 SYSTEMPATH\CodeIgniter.php(934): App\Controllers\Lokasi->ruteBack('js', 'sb-admin-2.min.js')
11 SYSTEMPATH\CodeIgniter.php(499): CodeIgniter\CodeIgniter->runController(Object(App\Controllers\Lokasi))
12 SYSTEMPATH\CodeIgniter.php(368): CodeIgniter\CodeIgniter->handleRequest(null, Object(Config\Cache), false)
13 FCPATH\index.php(67): CodeIgniter\CodeIgniter->run()
INFO - 2023-08-05 20:56:53 --> Session: Class initialized using 'CodeIgniter\Session\Handlers\FileHandler' driver.
INFO - 2023-08-05 21:04:41 --> Session: Class initialized using 'CodeIgniter\Session\Handlers\FileHandler' driver.
INFO - 2023-08-05 21:04:51 --> Session: Class initialized using 'CodeIgniter\Session\Handlers\FileHandler' driver.
CRITICAL - 2023-08-05 21:08:18 --> Trying to access array offset on value of type null
in APPPATH\Views\lokasi\v_rute_back.php on line 11.
 1 APPPATH\Views\lokasi\v_rute_back.php(11): CodeIgniter\Debug\Exceptions->errorHandler(8, 'Trying to access array offset on value of type null', 'APPPATH\\Views\\lokasi\\v_rute_back.php', 11, [...])
 2 SYSTEMPATH\View\View.php(213): include('APPPATH\\Views\\lokasi\\v_rute_back.php')
 3 SYSTEMPATH\View\View.php(216): CodeIgniter\View\View->CodeIgniter\View\{closure}()
 4 SYSTEMPATH\Common.php(1184): CodeIgniter\View\View->render('Lokasi/v_rute_back', [], true)
 5 APPPATH\Views\v_template_front_end.php(127): view('Lokasi/v_rute_back')
 6 SYSTEMPATH\View\View.php(213): include('APPPATH\\Views\\v_template_front_end.php')
 7 SYSTEMPATH\View\View.php(216): CodeIgniter\View\View->CodeIgniter\View\{closure}()
 8 SYSTEMPATH\Common.php(1184): CodeIgniter\View\View->render('v_template_front_end', [], true)
 9 APPPATH\Controllers\Lokasi.php(311): view('v_template_front_end', [...])
10 SYSTEMPATH\CodeIgniter.php(934): App\Controllers\Lokasi->ruteBack('js', 'sb-admin-2.min.js')
11 SYSTEMPATH\CodeIgniter.php(499): CodeIgniter\CodeIgniter->runController(Object(App\Controllers\Lokasi))
12 SYSTEMPATH\CodeIgniter.php(368): CodeIgniter\CodeIgniter->handleRequest(null, Object(Config\Cache), false)
13 FCPATH\index.php(67): CodeIgniter\CodeIgniter->run()
INFO - 2023-08-05 21:08:41 --> Session: Class initialized using 'CodeIgniter\Session\Handlers\FileHandler' driver.
INFO - 2023-08-05 21:08:54 --> Session: Class initialized using 'CodeIgniter\Session\Handlers\FileHandler' driver.
INFO - 2023-08-05 21:08:57 --> Session: Class initialized using 'CodeIgniter\Session\Handlers\FileHandler' driver.
INFO - 2023-08-05 21:09:00 --> Session: Class initialized using 'CodeIgniter\Session\Handlers\FileHandler' driver.
INFO - 2023-08-05 21:10:02 --> Session: Class initialized using 'CodeIgniter\Session\Handlers\FileHandler' driver.
INFO - 2023-08-05 21:10:02 --> Session: Class initialized using 'CodeIgniter\Session\Handlers\FileHandler' driver.
INFO - 2023-08-05 21:11:52 --> Session: Class initialized using 'CodeIgniter\Session\Handlers\FileHandler' driver.
INFO - 2023-08-05 21:11:53 --> Session: Class initialized using 'CodeIgniter\Session\Handlers\FileHandler' driver.
INFO - 2023-08-05 21:11:55 --> Session: Class initialized using 'CodeIgniter\Session\Handlers\FileHandler' driver.
INFO - 2023-08-05 21:11:55 --> Session: Class initialized using 'CodeIgniter\Session\Handlers\FileHandler' driver.
CRITICAL - 2023-08-05 21:13:25 --> Trying to access array offset on value of type null
in APPPATH\Views\lokasi\v_rute_back.php on line 11.
 1 APPPATH\Views\lokasi\v_rute_back.php(11): CodeIgniter\Debug\Exceptions->errorHandler(8, 'Trying to access array offset on value of type null', 'APPPATH\\Views\\lokasi\\v_rute_back.php', 11, [...])
 2 SYSTEMPATH\View\View.php(213): include('APPPATH\\Views\\lokasi\\v_rute_back.php')
 3 SYSTEMPATH\View\View.php(216): CodeIgniter\View\View->CodeIgniter\View\{closure}()
 4 SYSTEMPATH\Common.php(1184): CodeIgniter\View\View->render('Lokasi/v_rute_back', [], true)
 5 APPPATH\Views\v_template_front_end.php(127): view('Lokasi/v_rute_back')
 6 SYSTEMPATH\View\View.php(213): include('APPPATH\\Views\\v_template_front_end.php')
 7 SYSTEMPATH\View\View.php(216): CodeIgniter\View\View->CodeIgniter\View\{closure}()
 8 SYSTEMPATH\Common.php(1184): CodeIgniter\View\View->render('v_template_front_end', [], true)
 9 APPPATH\Controllers\Lokasi.php(311): view('v_template_front_end', [...])
10 SYSTEMPATH\CodeIgniter.php(934): App\Controllers\Lokasi->ruteBack('js', 'sb-admin-2.min.js')
11 SYSTEMPATH\CodeIgniter.php(499): CodeIgniter\CodeIgniter->runController(Object(App\Controllers\Lokasi))
12 SYSTEMPATH\CodeIgniter.php(368): CodeIgniter\CodeIgniter->handleRequest(null, Object(Config\Cache), false)
13 FCPATH\index.php(67): CodeIgniter\CodeIgniter->run()
CRITICAL - 2023-08-05 21:14:03 --> Trying to access array offset on value of type null
in APPPATH\Views\lokasi\v_rute_back.php on line 11.
 1 APPPATH\Views\lokasi\v_rute_back.php(11): CodeIgniter\Debug\Exceptions->errorHandler(8, 'Trying to access array offset on value of type null', 'APPPATH\\Views\\lokasi\\v_rute_back.php', 11, [...])
 2 SYSTEMPATH\View\View.php(213): include('APPPATH\\Views\\lokasi\\v_rute_back.php')
 3 SYSTEMPATH\View\View.php(216): CodeIgniter\View\View->CodeIgniter\View\{closure}()
 4 SYSTEMPATH\Common.php(1184): CodeIgniter\View\View->render('Lokasi/v_rute_back', [], true)
 5 APPPATH\Views\v_template_front_end.php(127): view('Lokasi/v_rute_back')
 6 SYSTEMPATH\View\View.php(213): include('APPPATH\\Views\\v_template_front_end.php')
 7 SYSTEMPATH\View\View.php(216): CodeIgniter\View\View->CodeIgniter\View\{closure}()
 8 SYSTEMPATH\Common.php(1184): CodeIgniter\View\View->render('v_template_front_end', [], true)
 9 APPPATH\Controllers\Lokasi.php(311): view('v_template_front_end', [...])
10 SYSTEMPATH\CodeIgniter.php(934): App\Controllers\Lokasi->ruteBack('js', 'sb-admin-2.min.js')
11 SYSTEMPATH\CodeIgniter.php(499): CodeIgniter\CodeIgniter->runController(Object(App\Controllers\Lokasi))
12 SYSTEMPATH\CodeIgniter.php(368): CodeIgniter\CodeIgniter->handleRequest(null, Object(Config\Cache), false)
13 FCPATH\index.php(67): CodeIgniter\CodeIgniter->run()
CRITICAL - 2023-08-05 23:50:16 --> Trying to access array offset on value of type null
in APPPATH\Views\lokasi\v_rute_back.php on line 11.
 1 APPPATH\Views\lokasi\v_rute_back.php(11): CodeIgniter\Debug\Exceptions->errorHandler(8, 'Trying to access array offset on value of type null', 'APPPATH\\Views\\lokasi\\v_rute_back.php', 11, [...])
 2 SYSTEMPATH\View\View.php(213): include('APPPATH\\Views\\lokasi\\v_rute_back.php')
 3 SYSTEMPATH\View\View.php(216): CodeIgniter\View\View->CodeIgniter\View\{closure}()
 4 SYSTEMPATH\Common.php(1184): CodeIgniter\View\View->render('Lokasi/v_rute_back', [], true)
 5 APPPATH\Views\v_template_front_end.php(127): view('Lokasi/v_rute_back')
 6 SYSTEMPATH\View\View.php(213): include('APPPATH\\Views\\v_template_front_end.php')
 7 SYSTEMPATH\View\View.php(216): CodeIgniter\View\View->CodeIgniter\View\{closure}()
 8 SYSTEMPATH\Common.php(1184): CodeIgniter\View\View->render('v_template_front_end', [], true)
 9 APPPATH\Controllers\Lokasi.php(311): view('v_template_front_end', [...])
10 SYSTEMPATH\CodeIgniter.php(934): App\Controllers\Lokasi->ruteBack('js', 'sb-admin-2.min.js')
11 SYSTEMPATH\CodeIgniter.php(499): CodeIgniter\CodeIgniter->runController(Object(App\Controllers\Lokasi))
12 SYSTEMPATH\CodeIgniter.php(368): CodeIgniter\CodeIgniter->handleRequest(null, Object(Config\Cache), false)
13 FCPATH\index.php(67): CodeIgniter\CodeIgniter->run()
CRITICAL - 2023-08-05 23:50:37 --> Trying to access array offset on value of type null
in APPPATH\Views\lokasi\v_rute_back.php on line 11.
 1 APPPATH\Views\lokasi\v_rute_back.php(11): CodeIgniter\Debug\Exceptions->errorHandler(8, 'Trying to access array offset on value of type null', 'APPPATH\\Views\\lokasi\\v_rute_back.php', 11, [...])
 2 SYSTEMPATH\View\View.php(213): include('APPPATH\\Views\\lokasi\\v_rute_back.php')
 3 SYSTEMPATH\View\View.php(216): CodeIgniter\View\View->CodeIgniter\View\{closure}()
 4 SYSTEMPATH\Common.php(1184): CodeIgniter\View\View->render('Lokasi/v_rute_back', [], true)
 5 APPPATH\Views\v_template_front_end.php(127): view('Lokasi/v_rute_back')
 6 SYSTEMPATH\View\View.php(213): include('APPPATH\\Views\\v_template_front_end.php')
 7 SYSTEMPATH\View\View.php(216): CodeIgniter\View\View->CodeIgniter\View\{closure}()
 8 SYSTEMPATH\Common.php(1184): CodeIgniter\View\View->render('v_template_front_end', [], true)
 9 APPPATH\Controllers\Lokasi.php(311): view('v_template_front_end', [...])
10 SYSTEMPATH\CodeIgniter.php(934): App\Controllers\Lokasi->ruteBack('js', 'sb-admin-2.min.js')
11 SYSTEMPATH\CodeIgniter.php(499): CodeIgniter\CodeIgniter->runController(Object(App\Controllers\Lokasi))
12 SYSTEMPATH\CodeIgniter.php(368): CodeIgniter\CodeIgniter->handleRequest(null, Object(Config\Cache), false)
13 FCPATH\index.php(67): CodeIgniter\CodeIgniter->run()
