INFO - 2023-06-02 07:40:01 --> Session: Class initialized using 'CodeIgniter\Session\Handlers\FileHandler' driver.
INFO - 2023-06-02 07:40:32 --> Session: Class initialized using 'CodeIgniter\Session\Handlers\FileHandler' driver.
INFO - 2023-06-02 07:44:45 --> Session: Class initialized using 'CodeIgniter\Session\Handlers\FileHandler' driver.
INFO - 2023-06-02 07:57:02 --> Session: Class initialized using 'CodeIgniter\Session\Handlers\FileHandler' driver.
INFO - 2023-06-02 07:57:17 --> Session: Class initialized using 'CodeIgniter\Session\Handlers\FileHandler' driver.
CRITICAL - 2023-06-02 14:10:47 --> Undefined variable: lokasi
in APPPATH\Views\lokasi\v_data_lokasi.php on line 16.
 1 APPPATH\Views\lokasi\v_data_lokasi.php(16): CodeIgniter\Debug\Exceptions->errorHandler(8, 'Undefined variable: lokasi', 'APPPATH\\Views\\lokasi\\v_data_lokasi.php', 16, [...])
 2 SYSTEMPATH\View\View.php(213): include('APPPATH\\Views\\lokasi\\v_data_lokasi.php')
 3 SYSTEMPATH\View\View.php(216): CodeIgniter\View\View->CodeIgniter\View\{closure}()
 4 SYSTEMPATH\Common.php(1184): CodeIgniter\View\View->render('lokasi/v_data_lokasi', [], true)
 5 APPPATH\Views\v_template.php(344): view('lokasi/v_data_lokasi')
 6 SYSTEMPATH\View\View.php(213): include('APPPATH\\Views\\v_template.php')
 7 SYSTEMPATH\View\View.php(216): CodeIgniter\View\View->CodeIgniter\View\{closure}()
 8 SYSTEMPATH\Common.php(1184): CodeIgniter\View\View->render('v_template', [], true)
 9 APPPATH\Controllers\Lokasi.php(20): view('v_template', [...])
10 SYSTEMPATH\CodeIgniter.php(934): App\Controllers\Lokasi->index()
11 SYSTEMPATH\CodeIgniter.php(499): CodeIgniter\CodeIgniter->runController(Object(App\Controllers\Lokasi))
12 SYSTEMPATH\CodeIgniter.php(368): CodeIgniter\CodeIgniter->handleRequest(null, Object(Config\Cache), false)
13 FCPATH\index.php(67): CodeIgniter\CodeIgniter->run()
CRITICAL - 2023-06-02 14:13:52 --> Undefined variable: lokasi
in APPPATH\Views\lokasi\v_data_lokasi.php on line 16.
 1 APPPATH\Views\lokasi\v_data_lokasi.php(16): CodeIgniter\Debug\Exceptions->errorHandler(8, 'Undefined variable: lokasi', 'APPPATH\\Views\\lokasi\\v_data_lokasi.php', 16, [...])
 2 SYSTEMPATH\View\View.php(213): include('APPPATH\\Views\\lokasi\\v_data_lokasi.php')
 3 SYSTEMPATH\View\View.php(216): CodeIgniter\View\View->CodeIgniter\View\{closure}()
 4 SYSTEMPATH\Common.php(1184): CodeIgniter\View\View->render('lokasi/v_data_lokasi', [], true)
 5 APPPATH\Views\v_template.php(344): view('lokasi/v_data_lokasi')
 6 SYSTEMPATH\View\View.php(213): include('APPPATH\\Views\\v_template.php')
 7 SYSTEMPATH\View\View.php(216): CodeIgniter\View\View->CodeIgniter\View\{closure}()
 8 SYSTEMPATH\Common.php(1184): CodeIgniter\View\View->render('v_template', [], true)
 9 APPPATH\Controllers\Lokasi.php(20): view('v_template', [...])
10 SYSTEMPATH\CodeIgniter.php(934): App\Controllers\Lokasi->index()
11 SYSTEMPATH\CodeIgniter.php(499): CodeIgniter\CodeIgniter->runController(Object(App\Controllers\Lokasi))
12 SYSTEMPATH\CodeIgniter.php(368): CodeIgniter\CodeIgniter->handleRequest(null, Object(Config\Cache), false)
13 FCPATH\index.php(67): CodeIgniter\CodeIgniter->run()
CRITICAL - 2023-06-02 14:17:49 --> Undefined variable: lokasi
in APPPATH\Views\lokasi\v_data_lokasi.php on line 15.
 1 APPPATH\Views\lokasi\v_data_lokasi.php(15): CodeIgniter\Debug\Exceptions->errorHandler(8, 'Undefined variable: lokasi', 'APPPATH\\Views\\lokasi\\v_data_lokasi.php', 15, [...])
 2 SYSTEMPATH\View\View.php(213): include('APPPATH\\Views\\lokasi\\v_data_lokasi.php')
 3 SYSTEMPATH\View\View.php(216): CodeIgniter\View\View->CodeIgniter\View\{closure}()
 4 SYSTEMPATH\Common.php(1184): CodeIgniter\View\View->render('lokasi/v_data_lokasi', [], true)
 5 APPPATH\Views\v_template.php(344): view('lokasi/v_data_lokasi')
 6 SYSTEMPATH\View\View.php(213): include('APPPATH\\Views\\v_template.php')
 7 SYSTEMPATH\View\View.php(216): CodeIgniter\View\View->CodeIgniter\View\{closure}()
 8 SYSTEMPATH\Common.php(1184): CodeIgniter\View\View->render('v_template', [], true)
 9 APPPATH\Controllers\Lokasi.php(20): view('v_template', [...])
10 SYSTEMPATH\CodeIgniter.php(934): App\Controllers\Lokasi->index()
11 SYSTEMPATH\CodeIgniter.php(499): CodeIgniter\CodeIgniter->runController(Object(App\Controllers\Lokasi))
12 SYSTEMPATH\CodeIgniter.php(368): CodeIgniter\CodeIgniter->handleRequest(null, Object(Config\Cache), false)
13 FCPATH\index.php(67): CodeIgniter\CodeIgniter->run()
CRITICAL - 2023-06-02 14:21:09 --> Undefined variable: lokasi
in APPPATH\Views\lokasi\v_data_lokasi.php on line 15.
 1 APPPATH\Views\lokasi\v_data_lokasi.php(15): CodeIgniter\Debug\Exceptions->errorHandler(8, 'Undefined variable: lokasi', 'APPPATH\\Views\\lokasi\\v_data_lokasi.php', 15, [...])
 2 SYSTEMPATH\View\View.php(213): include('APPPATH\\Views\\lokasi\\v_data_lokasi.php')
 3 SYSTEMPATH\View\View.php(216): CodeIgniter\View\View->CodeIgniter\View\{closure}()
 4 SYSTEMPATH\Common.php(1184): CodeIgniter\View\View->render('lokasi/v_data_lokasi', [], true)
 5 APPPATH\Views\v_template.php(344): view('lokasi/v_data_lokasi')
 6 SYSTEMPATH\View\View.php(213): include('APPPATH\\Views\\v_template.php')
 7 SYSTEMPATH\View\View.php(216): CodeIgniter\View\View->CodeIgniter\View\{closure}()
 8 SYSTEMPATH\Common.php(1184): CodeIgniter\View\View->render('v_template', [], true)
 9 APPPATH\Controllers\Lokasi.php(20): view('v_template', [...])
10 SYSTEMPATH\CodeIgniter.php(934): App\Controllers\Lokasi->index()
11 SYSTEMPATH\CodeIgniter.php(499): CodeIgniter\CodeIgniter->runController(Object(App\Controllers\Lokasi))
12 SYSTEMPATH\CodeIgniter.php(368): CodeIgniter\CodeIgniter->handleRequest(null, Object(Config\Cache), false)
13 FCPATH\index.php(67): CodeIgniter\CodeIgniter->run()
INFO - 2023-06-02 14:21:14 --> Session: Class initialized using 'CodeIgniter\Session\Handlers\FileHandler' driver.
CRITICAL - 2023-06-02 14:21:16 --> Undefined variable: lokasi
in APPPATH\Views\lokasi\v_data_lokasi.php on line 15.
 1 APPPATH\Views\lokasi\v_data_lokasi.php(15): CodeIgniter\Debug\Exceptions->errorHandler(8, 'Undefined variable: lokasi', 'APPPATH\\Views\\lokasi\\v_data_lokasi.php', 15, [...])
 2 SYSTEMPATH\View\View.php(213): include('APPPATH\\Views\\lokasi\\v_data_lokasi.php')
 3 SYSTEMPATH\View\View.php(216): CodeIgniter\View\View->CodeIgniter\View\{closure}()
 4 SYSTEMPATH\Common.php(1184): CodeIgniter\View\View->render('lokasi/v_data_lokasi', [], true)
 5 APPPATH\Views\v_template.php(344): view('lokasi/v_data_lokasi')
 6 SYSTEMPATH\View\View.php(213): include('APPPATH\\Views\\v_template.php')
 7 SYSTEMPATH\View\View.php(216): CodeIgniter\View\View->CodeIgniter\View\{closure}()
 8 SYSTEMPATH\Common.php(1184): CodeIgniter\View\View->render('v_template', [], true)
 9 APPPATH\Controllers\Lokasi.php(20): view('v_template', [...])
10 SYSTEMPATH\CodeIgniter.php(934): App\Controllers\Lokasi->index()
11 SYSTEMPATH\CodeIgniter.php(499): CodeIgniter\CodeIgniter->runController(Object(App\Controllers\Lokasi))
12 SYSTEMPATH\CodeIgniter.php(368): CodeIgniter\CodeIgniter->handleRequest(null, Object(Config\Cache), false)
13 FCPATH\index.php(67): CodeIgniter\CodeIgniter->run()
CRITICAL - 2023-06-02 14:22:22 --> Undefined variable: lokasi
in APPPATH\Views\lokasi\v_data_lokasi.php on line 16.
 1 APPPATH\Views\lokasi\v_data_lokasi.php(16): CodeIgniter\Debug\Exceptions->errorHandler(8, 'Undefined variable: lokasi', 'APPPATH\\Views\\lokasi\\v_data_lokasi.php', 16, [...])
 2 SYSTEMPATH\View\View.php(213): include('APPPATH\\Views\\lokasi\\v_data_lokasi.php')
 3 SYSTEMPATH\View\View.php(216): CodeIgniter\View\View->CodeIgniter\View\{closure}()
 4 SYSTEMPATH\Common.php(1184): CodeIgniter\View\View->render('lokasi/v_data_lokasi', [], true)
 5 APPPATH\Views\v_template.php(344): view('lokasi/v_data_lokasi')
 6 SYSTEMPATH\View\View.php(213): include('APPPATH\\Views\\v_template.php')
 7 SYSTEMPATH\View\View.php(216): CodeIgniter\View\View->CodeIgniter\View\{closure}()
 8 SYSTEMPATH\Common.php(1184): CodeIgniter\View\View->render('v_template', [], true)
 9 APPPATH\Controllers\Lokasi.php(20): view('v_template', [...])
10 SYSTEMPATH\CodeIgniter.php(934): App\Controllers\Lokasi->index()
11 SYSTEMPATH\CodeIgniter.php(499): CodeIgniter\CodeIgniter->runController(Object(App\Controllers\Lokasi))
12 SYSTEMPATH\CodeIgniter.php(368): CodeIgniter\CodeIgniter->handleRequest(null, Object(Config\Cache), false)
13 FCPATH\index.php(67): CodeIgniter\CodeIgniter->run()
INFO - 2023-06-02 14:22:24 --> Session: Class initialized using 'CodeIgniter\Session\Handlers\FileHandler' driver.
INFO - 2023-06-02 14:22:28 --> Session: Class initialized using 'CodeIgniter\Session\Handlers\FileHandler' driver.
CRITICAL - 2023-06-02 14:22:29 --> Undefined variable: lokasi
in APPPATH\Views\lokasi\v_data_lokasi.php on line 16.
 1 APPPATH\Views\lokasi\v_data_lokasi.php(16): CodeIgniter\Debug\Exceptions->errorHandler(8, 'Undefined variable: lokasi', 'APPPATH\\Views\\lokasi\\v_data_lokasi.php', 16, [...])
 2 SYSTEMPATH\View\View.php(213): include('APPPATH\\Views\\lokasi\\v_data_lokasi.php')
 3 SYSTEMPATH\View\View.php(216): CodeIgniter\View\View->CodeIgniter\View\{closure}()
 4 SYSTEMPATH\Common.php(1184): CodeIgniter\View\View->render('lokasi/v_data_lokasi', [], true)
 5 APPPATH\Views\v_template.php(344): view('lokasi/v_data_lokasi')
 6 SYSTEMPATH\View\View.php(213): include('APPPATH\\Views\\v_template.php')
 7 SYSTEMPATH\View\View.php(216): CodeIgniter\View\View->CodeIgniter\View\{closure}()
 8 SYSTEMPATH\Common.php(1184): CodeIgniter\View\View->render('v_template', [], true)
 9 APPPATH\Controllers\Lokasi.php(20): view('v_template', [...])
10 SYSTEMPATH\CodeIgniter.php(934): App\Controllers\Lokasi->index()
11 SYSTEMPATH\CodeIgniter.php(499): CodeIgniter\CodeIgniter->runController(Object(App\Controllers\Lokasi))
12 SYSTEMPATH\CodeIgniter.php(368): CodeIgniter\CodeIgniter->handleRequest(null, Object(Config\Cache), false)
13 FCPATH\index.php(67): CodeIgniter\CodeIgniter->run()
CRITICAL - 2023-06-02 14:33:03 --> Undefined variable: lokasi
in APPPATH\Views\lokasi\v_data_lokasi.php on line 16.
 1 APPPATH\Views\lokasi\v_data_lokasi.php(16): CodeIgniter\Debug\Exceptions->errorHandler(8, 'Undefined variable: lokasi', 'APPPATH\\Views\\lokasi\\v_data_lokasi.php', 16, [...])
 2 SYSTEMPATH\View\View.php(213): include('APPPATH\\Views\\lokasi\\v_data_lokasi.php')
 3 SYSTEMPATH\View\View.php(216): CodeIgniter\View\View->CodeIgniter\View\{closure}()
 4 SYSTEMPATH\Common.php(1184): CodeIgniter\View\View->render('lokasi/v_data_lokasi', [], true)
 5 APPPATH\Views\v_template.php(344): view('lokasi/v_data_lokasi')
 6 SYSTEMPATH\View\View.php(213): include('APPPATH\\Views\\v_template.php')
 7 SYSTEMPATH\View\View.php(216): CodeIgniter\View\View->CodeIgniter\View\{closure}()
 8 SYSTEMPATH\Common.php(1184): CodeIgniter\View\View->render('v_template', [], true)
 9 APPPATH\Controllers\Lokasi.php(20): view('v_template', [...])
10 SYSTEMPATH\CodeIgniter.php(934): App\Controllers\Lokasi->index()
11 SYSTEMPATH\CodeIgniter.php(499): CodeIgniter\CodeIgniter->runController(Object(App\Controllers\Lokasi))
12 SYSTEMPATH\CodeIgniter.php(368): CodeIgniter\CodeIgniter->handleRequest(null, Object(Config\Cache), false)
13 FCPATH\index.php(67): CodeIgniter\CodeIgniter->run()
INFO - 2023-06-02 14:33:04 --> Session: Class initialized using 'CodeIgniter\Session\Handlers\FileHandler' driver.
INFO - 2023-06-02 14:33:08 --> Session: Class initialized using 'CodeIgniter\Session\Handlers\FileHandler' driver.
CRITICAL - 2023-06-02 14:33:11 --> Undefined variable: lokasi
in APPPATH\Views\lokasi\v_data_lokasi.php on line 16.
 1 APPPATH\Views\lokasi\v_data_lokasi.php(16): CodeIgniter\Debug\Exceptions->errorHandler(8, 'Undefined variable: lokasi', 'APPPATH\\Views\\lokasi\\v_data_lokasi.php', 16, [...])
 2 SYSTEMPATH\View\View.php(213): include('APPPATH\\Views\\lokasi\\v_data_lokasi.php')
 3 SYSTEMPATH\View\View.php(216): CodeIgniter\View\View->CodeIgniter\View\{closure}()
 4 SYSTEMPATH\Common.php(1184): CodeIgniter\View\View->render('lokasi/v_data_lokasi', [], true)
 5 APPPATH\Views\v_template.php(344): view('lokasi/v_data_lokasi')
 6 SYSTEMPATH\View\View.php(213): include('APPPATH\\Views\\v_template.php')
 7 SYSTEMPATH\View\View.php(216): CodeIgniter\View\View->CodeIgniter\View\{closure}()
 8 SYSTEMPATH\Common.php(1184): CodeIgniter\View\View->render('v_template', [], true)
 9 APPPATH\Controllers\Lokasi.php(20): view('v_template', [...])
10 SYSTEMPATH\CodeIgniter.php(934): App\Controllers\Lokasi->index()
11 SYSTEMPATH\CodeIgniter.php(499): CodeIgniter\CodeIgniter->runController(Object(App\Controllers\Lokasi))
12 SYSTEMPATH\CodeIgniter.php(368): CodeIgniter\CodeIgniter->handleRequest(null, Object(Config\Cache), false)
13 FCPATH\index.php(67): CodeIgniter\CodeIgniter->run()
CRITICAL - 2023-06-02 14:34:15 --> Undefined variable: lokasi
in APPPATH\Views\lokasi\v_data_lokasi.php on line 16.
 1 APPPATH\Views\lokasi\v_data_lokasi.php(16): CodeIgniter\Debug\Exceptions->errorHandler(8, 'Undefined variable: lokasi', 'APPPATH\\Views\\lokasi\\v_data_lokasi.php', 16, [...])
 2 SYSTEMPATH\View\View.php(213): include('APPPATH\\Views\\lokasi\\v_data_lokasi.php')
 3 SYSTEMPATH\View\View.php(216): CodeIgniter\View\View->CodeIgniter\View\{closure}()
 4 SYSTEMPATH\Common.php(1184): CodeIgniter\View\View->render('lokasi/v_data_lokasi', [], true)
 5 APPPATH\Views\v_template.php(344): view('lokasi/v_data_lokasi')
 6 SYSTEMPATH\View\View.php(213): include('APPPATH\\Views\\v_template.php')
 7 SYSTEMPATH\View\View.php(216): CodeIgniter\View\View->CodeIgniter\View\{closure}()
 8 SYSTEMPATH\Common.php(1184): CodeIgniter\View\View->render('v_template', [], true)
 9 APPPATH\Controllers\Lokasi.php(20): view('v_template', [...])
10 SYSTEMPATH\CodeIgniter.php(934): App\Controllers\Lokasi->index()
11 SYSTEMPATH\CodeIgniter.php(499): CodeIgniter\CodeIgniter->runController(Object(App\Controllers\Lokasi))
12 SYSTEMPATH\CodeIgniter.php(368): CodeIgniter\CodeIgniter->handleRequest(null, Object(Config\Cache), false)
13 FCPATH\index.php(67): CodeIgniter\CodeIgniter->run()
INFO - 2023-06-02 14:34:17 --> Session: Class initialized using 'CodeIgniter\Session\Handlers\FileHandler' driver.
CRITICAL - 2023-06-02 14:34:19 --> Undefined variable: lokasi
in APPPATH\Views\lokasi\v_data_lokasi.php on line 16.
 1 APPPATH\Views\lokasi\v_data_lokasi.php(16): CodeIgniter\Debug\Exceptions->errorHandler(8, 'Undefined variable: lokasi', 'APPPATH\\Views\\lokasi\\v_data_lokasi.php', 16, [...])
 2 SYSTEMPATH\View\View.php(213): include('APPPATH\\Views\\lokasi\\v_data_lokasi.php')
 3 SYSTEMPATH\View\View.php(216): CodeIgniter\View\View->CodeIgniter\View\{closure}()
 4 SYSTEMPATH\Common.php(1184): CodeIgniter\View\View->render('lokasi/v_data_lokasi', [], true)
 5 APPPATH\Views\v_template.php(344): view('lokasi/v_data_lokasi')
 6 SYSTEMPATH\View\View.php(213): include('APPPATH\\Views\\v_template.php')
 7 SYSTEMPATH\View\View.php(216): CodeIgniter\View\View->CodeIgniter\View\{closure}()
 8 SYSTEMPATH\Common.php(1184): CodeIgniter\View\View->render('v_template', [], true)
 9 APPPATH\Controllers\Lokasi.php(20): view('v_template', [...])
10 SYSTEMPATH\CodeIgniter.php(934): App\Controllers\Lokasi->index()
11 SYSTEMPATH\CodeIgniter.php(499): CodeIgniter\CodeIgniter->runController(Object(App\Controllers\Lokasi))
12 SYSTEMPATH\CodeIgniter.php(368): CodeIgniter\CodeIgniter->handleRequest(null, Object(Config\Cache), false)
13 FCPATH\index.php(67): CodeIgniter\CodeIgniter->run()
CRITICAL - 2023-06-02 14:45:38 --> Undefined variable: lokasi
in APPPATH\Views\lokasi\v_data_lokasi.php on line 16.
 1 APPPATH\Views\lokasi\v_data_lokasi.php(16): CodeIgniter\Debug\Exceptions->errorHandler(8, 'Undefined variable: lokasi', 'APPPATH\\Views\\lokasi\\v_data_lokasi.php', 16, [...])
 2 SYSTEMPATH\View\View.php(213): include('APPPATH\\Views\\lokasi\\v_data_lokasi.php')
 3 SYSTEMPATH\View\View.php(216): CodeIgniter\View\View->CodeIgniter\View\{closure}()
 4 SYSTEMPATH\Common.php(1184): CodeIgniter\View\View->render('lokasi/v_data_lokasi', [], true)
 5 APPPATH\Views\v_template.php(344): view('lokasi/v_data_lokasi')
 6 SYSTEMPATH\View\View.php(213): include('APPPATH\\Views\\v_template.php')
 7 SYSTEMPATH\View\View.php(216): CodeIgniter\View\View->CodeIgniter\View\{closure}()
 8 SYSTEMPATH\Common.php(1184): CodeIgniter\View\View->render('v_template', [], true)
 9 APPPATH\Controllers\Lokasi.php(20): view('v_template', [...])
10 SYSTEMPATH\CodeIgniter.php(934): App\Controllers\Lokasi->index()
11 SYSTEMPATH\CodeIgniter.php(499): CodeIgniter\CodeIgniter->runController(Object(App\Controllers\Lokasi))
12 SYSTEMPATH\CodeIgniter.php(368): CodeIgniter\CodeIgniter->handleRequest(null, Object(Config\Cache), false)
13 FCPATH\index.php(67): CodeIgniter\CodeIgniter->run()
CRITICAL - 2023-06-02 14:45:56 --> Undefined variable: lokasi
in APPPATH\Views\lokasi\v_data_lokasi.php on line 17.
 1 APPPATH\Views\lokasi\v_data_lokasi.php(17): CodeIgniter\Debug\Exceptions->errorHandler(8, 'Undefined variable: lokasi', 'APPPATH\\Views\\lokasi\\v_data_lokasi.php', 17, [...])
 2 SYSTEMPATH\View\View.php(213): include('APPPATH\\Views\\lokasi\\v_data_lokasi.php')
 3 SYSTEMPATH\View\View.php(216): CodeIgniter\View\View->CodeIgniter\View\{closure}()
 4 SYSTEMPATH\Common.php(1184): CodeIgniter\View\View->render('lokasi/v_data_lokasi', [], true)
 5 APPPATH\Views\v_template.php(344): view('lokasi/v_data_lokasi')
 6 SYSTEMPATH\View\View.php(213): include('APPPATH\\Views\\v_template.php')
 7 SYSTEMPATH\View\View.php(216): CodeIgniter\View\View->CodeIgniter\View\{closure}()
 8 SYSTEMPATH\Common.php(1184): CodeIgniter\View\View->render('v_template', [], true)
 9 APPPATH\Controllers\Lokasi.php(20): view('v_template', [...])
10 SYSTEMPATH\CodeIgniter.php(934): App\Controllers\Lokasi->index()
11 SYSTEMPATH\CodeIgniter.php(499): CodeIgniter\CodeIgniter->runController(Object(App\Controllers\Lokasi))
12 SYSTEMPATH\CodeIgniter.php(368): CodeIgniter\CodeIgniter->handleRequest(null, Object(Config\Cache), false)
13 FCPATH\index.php(67): CodeIgniter\CodeIgniter->run()
INFO - 2023-06-02 14:52:44 --> Session: Class initialized using 'CodeIgniter\Session\Handlers\FileHandler' driver.
INFO - 2023-06-02 14:52:45 --> Session: Class initialized using 'CodeIgniter\Session\Handlers\FileHandler' driver.
CRITICAL - 2023-06-02 14:52:48 --> Undefined variable: lokasi
in APPPATH\Views\lokasi\v_data_lokasi.php on line 17.
 1 APPPATH\Views\lokasi\v_data_lokasi.php(17): CodeIgniter\Debug\Exceptions->errorHandler(8, 'Undefined variable: lokasi', 'APPPATH\\Views\\lokasi\\v_data_lokasi.php', 17, [...])
 2 SYSTEMPATH\View\View.php(213): include('APPPATH\\Views\\lokasi\\v_data_lokasi.php')
 3 SYSTEMPATH\View\View.php(216): CodeIgniter\View\View->CodeIgniter\View\{closure}()
 4 SYSTEMPATH\Common.php(1184): CodeIgniter\View\View->render('lokasi/v_data_lokasi', [], true)
 5 APPPATH\Views\v_template.php(344): view('lokasi/v_data_lokasi')
 6 SYSTEMPATH\View\View.php(213): include('APPPATH\\Views\\v_template.php')
 7 SYSTEMPATH\View\View.php(216): CodeIgniter\View\View->CodeIgniter\View\{closure}()
 8 SYSTEMPATH\Common.php(1184): CodeIgniter\View\View->render('v_template', [], true)
 9 APPPATH\Controllers\Lokasi.php(20): view('v_template', [...])
10 SYSTEMPATH\CodeIgniter.php(934): App\Controllers\Lokasi->index()
11 SYSTEMPATH\CodeIgniter.php(499): CodeIgniter\CodeIgniter->runController(Object(App\Controllers\Lokasi))
12 SYSTEMPATH\CodeIgniter.php(368): CodeIgniter\CodeIgniter->handleRequest(null, Object(Config\Cache), false)
13 FCPATH\index.php(67): CodeIgniter\CodeIgniter->run()
CRITICAL - 2023-06-02 14:52:54 --> Undefined variable: lokasi
in APPPATH\Views\lokasi\v_data_lokasi.php on line 17.
 1 APPPATH\Views\lokasi\v_data_lokasi.php(17): CodeIgniter\Debug\Exceptions->errorHandler(8, 'Undefined variable: lokasi', 'APPPATH\\Views\\lokasi\\v_data_lokasi.php', 17, [...])
 2 SYSTEMPATH\View\View.php(213): include('APPPATH\\Views\\lokasi\\v_data_lokasi.php')
 3 SYSTEMPATH\View\View.php(216): CodeIgniter\View\View->CodeIgniter\View\{closure}()
 4 SYSTEMPATH\Common.php(1184): CodeIgniter\View\View->render('lokasi/v_data_lokasi', [], true)
 5 APPPATH\Views\v_template.php(344): view('lokasi/v_data_lokasi')
 6 SYSTEMPATH\View\View.php(213): include('APPPATH\\Views\\v_template.php')
 7 SYSTEMPATH\View\View.php(216): CodeIgniter\View\View->CodeIgniter\View\{closure}()
 8 SYSTEMPATH\Common.php(1184): CodeIgniter\View\View->render('v_template', [], true)
 9 APPPATH\Controllers\Lokasi.php(20): view('v_template', [...])
10 SYSTEMPATH\CodeIgniter.php(934): App\Controllers\Lokasi->index()
11 SYSTEMPATH\CodeIgniter.php(499): CodeIgniter\CodeIgniter->runController(Object(App\Controllers\Lokasi))
12 SYSTEMPATH\CodeIgniter.php(368): CodeIgniter\CodeIgniter->handleRequest(null, Object(Config\Cache), false)
13 FCPATH\index.php(67): CodeIgniter\CodeIgniter->run()
CRITICAL - 2023-06-02 14:54:08 --> Undefined variable: index
in APPPATH\Views\lokasi\v_data_lokasi.php on line 16.
 1 APPPATH\Views\lokasi\v_data_lokasi.php(16): CodeIgniter\Debug\Exceptions->errorHandler(8, 'Undefined variable: index', 'APPPATH\\Views\\lokasi\\v_data_lokasi.php', 16, [...])
 2 SYSTEMPATH\View\View.php(213): include('APPPATH\\Views\\lokasi\\v_data_lokasi.php')
 3 SYSTEMPATH\View\View.php(216): CodeIgniter\View\View->CodeIgniter\View\{closure}()
 4 SYSTEMPATH\Common.php(1184): CodeIgniter\View\View->render('lokasi/v_data_lokasi', [], true)
 5 APPPATH\Views\v_template.php(344): view('lokasi/v_data_lokasi')
 6 SYSTEMPATH\View\View.php(213): include('APPPATH\\Views\\v_template.php')
 7 SYSTEMPATH\View\View.php(216): CodeIgniter\View\View->CodeIgniter\View\{closure}()
 8 SYSTEMPATH\Common.php(1184): CodeIgniter\View\View->render('v_template', [], true)
 9 APPPATH\Controllers\Lokasi.php(20): view('v_template', [...])
10 SYSTEMPATH\CodeIgniter.php(934): App\Controllers\Lokasi->index()
11 SYSTEMPATH\CodeIgniter.php(499): CodeIgniter\CodeIgniter->runController(Object(App\Controllers\Lokasi))
12 SYSTEMPATH\CodeIgniter.php(368): CodeIgniter\CodeIgniter->handleRequest(null, Object(Config\Cache), false)
13 FCPATH\index.php(67): CodeIgniter\CodeIgniter->run()
CRITICAL - 2023-06-02 14:54:21 --> Undefined variable: lokasi
in APPPATH\Views\lokasi\v_data_lokasi.php on line 16.
 1 APPPATH\Views\lokasi\v_data_lokasi.php(16): CodeIgniter\Debug\Exceptions->errorHandler(8, 'Undefined variable: lokasi', 'APPPATH\\Views\\lokasi\\v_data_lokasi.php', 16, [...])
 2 SYSTEMPATH\View\View.php(213): include('APPPATH\\Views\\lokasi\\v_data_lokasi.php')
 3 SYSTEMPATH\View\View.php(216): CodeIgniter\View\View->CodeIgniter\View\{closure}()
 4 SYSTEMPATH\Common.php(1184): CodeIgniter\View\View->render('lokasi/v_data_lokasi', [], true)
 5 APPPATH\Views\v_template.php(344): view('lokasi/v_data_lokasi')
 6 SYSTEMPATH\View\View.php(213): include('APPPATH\\Views\\v_template.php')
 7 SYSTEMPATH\View\View.php(216): CodeIgniter\View\View->CodeIgniter\View\{closure}()
 8 SYSTEMPATH\Common.php(1184): CodeIgniter\View\View->render('v_template', [], true)
 9 APPPATH\Controllers\Lokasi.php(20): view('v_template', [...])
10 SYSTEMPATH\CodeIgniter.php(934): App\Controllers\Lokasi->index()
11 SYSTEMPATH\CodeIgniter.php(499): CodeIgniter\CodeIgniter->runController(Object(App\Controllers\Lokasi))
12 SYSTEMPATH\CodeIgniter.php(368): CodeIgniter\CodeIgniter->handleRequest(null, Object(Config\Cache), false)
13 FCPATH\index.php(67): CodeIgniter\CodeIgniter->run()
INFO - 2023-06-02 15:09:18 --> Session: Class initialized using 'CodeIgniter\Session\Handlers\FileHandler' driver.
INFO - 2023-06-02 15:09:21 --> Session: Class initialized using 'CodeIgniter\Session\Handlers\FileHandler' driver.
CRITICAL - 2023-06-02 15:14:19 --> Undefined index: 
in APPPATH\Views\lokasi\v_data_lokasi.php on line 22.
 1 APPPATH\Views\lokasi\v_data_lokasi.php(22): CodeIgniter\Debug\Exceptions->errorHandler(8, 'Undefined index: ', 'APPPATH\\Views\\lokasi\\v_data_lokasi.php', 22, [...])
 2 SYSTEMPATH\View\View.php(213): include('APPPATH\\Views\\lokasi\\v_data_lokasi.php')
 3 SYSTEMPATH\View\View.php(216): CodeIgniter\View\View->CodeIgniter\View\{closure}()
 4 SYSTEMPATH\Common.php(1184): CodeIgniter\View\View->render('lokasi/v_data_lokasi', [], true)
 5 APPPATH\Views\v_template.php(344): view('lokasi/v_data_lokasi')
 6 SYSTEMPATH\View\View.php(213): include('APPPATH\\Views\\v_template.php')
 7 SYSTEMPATH\View\View.php(216): CodeIgniter\View\View->CodeIgniter\View\{closure}()
 8 SYSTEMPATH\Common.php(1184): CodeIgniter\View\View->render('v_template', [], true)
 9 APPPATH\Controllers\Lokasi.php(21): view('v_template', [...])
10 SYSTEMPATH\CodeIgniter.php(934): App\Controllers\Lokasi->index()
11 SYSTEMPATH\CodeIgniter.php(499): CodeIgniter\CodeIgniter->runController(Object(App\Controllers\Lokasi))
12 SYSTEMPATH\CodeIgniter.php(368): CodeIgniter\CodeIgniter->handleRequest(null, Object(Config\Cache), false)
13 FCPATH\index.php(67): CodeIgniter\CodeIgniter->run()
